<?xml version="1.0" encoding="UTF-8"?>
<testsuite xmlns:xsi="http://www.w3.org/2001/XMLSchema-instance" xsi:noNamespaceSchemaLocation="https://maven.apache.org/surefire/maven-surefire-plugin/xsd/surefire-test-report.xsd" name="no.klp.cosmodbpoc.DemoApplicationTests" time="4.62" tests="1" errors="1" skipped="0" failures="0">
  <properties>
    <property name="java.specification.version" value="17"/>
    <property name="sun.cpu.isalist" value="amd64"/>
    <property name="sun.jnu.encoding" value="Cp1252"/>
    <property name="java.class.path" value="C:\Users\phg\source\cosmos-db-poc\target\test-classes;C:\Users\phg\source\cosmos-db-poc\target\classes;C:\Users\phg\.m2\repository\org\springframework\boot\spring-boot-starter-web\2.6.7\spring-boot-starter-web-2.6.7.jar;C:\Users\phg\.m2\repository\org\springframework\boot\spring-boot-starter\2.6.7\spring-boot-starter-2.6.7.jar;C:\Users\phg\.m2\repository\org\springframework\boot\spring-boot\2.6.7\spring-boot-2.6.7.jar;C:\Users\phg\.m2\repository\org\springframework\boot\spring-boot-autoconfigure\2.6.7\spring-boot-autoconfigure-2.6.7.jar;C:\Users\phg\.m2\repository\org\springframework\boot\spring-boot-starter-logging\2.6.7\spring-boot-starter-logging-2.6.7.jar;C:\Users\phg\.m2\repository\ch\qos\logback\logback-classic\1.2.11\logback-classic-1.2.11.jar;C:\Users\phg\.m2\repository\ch\qos\logback\logback-core\1.2.11\logback-core-1.2.11.jar;C:\Users\phg\.m2\repository\org\apache\logging\log4j\log4j-to-slf4j\2.17.2\log4j-to-slf4j-2.17.2.jar;C:\Users\phg\.m2\repository\org\apache\logging\log4j\log4j-api\2.17.2\log4j-api-2.17.2.jar;C:\Users\phg\.m2\repository\org\slf4j\jul-to-slf4j\1.7.36\jul-to-slf4j-1.7.36.jar;C:\Users\phg\.m2\repository\jakarta\annotation\jakarta.annotation-api\1.3.5\jakarta.annotation-api-1.3.5.jar;C:\Users\phg\.m2\repository\org\yaml\snakeyaml\1.29\snakeyaml-1.29.jar;C:\Users\phg\.m2\repository\org\springframework\boot\spring-boot-starter-json\2.6.7\spring-boot-starter-json-2.6.7.jar;C:\Users\phg\.m2\repository\com\fasterxml\jackson\core\jackson-databind\2.13.2.1\jackson-databind-2.13.2.1.jar;C:\Users\phg\.m2\repository\org\springframework\boot\spring-boot-starter-tomcat\2.6.7\spring-boot-starter-tomcat-2.6.7.jar;C:\Users\phg\.m2\repository\org\apache\tomcat\embed\tomcat-embed-core\9.0.62\tomcat-embed-core-9.0.62.jar;C:\Users\phg\.m2\repository\org\apache\tomcat\embed\tomcat-embed-el\9.0.62\tomcat-embed-el-9.0.62.jar;C:\Users\phg\.m2\repository\org\apache\tomcat\embed\tomcat-embed-websocket\9.0.62\tomcat-embed-websocket-9.0.62.jar;C:\Users\phg\.m2\repository\org\springframework\spring-web\5.3.19\spring-web-5.3.19.jar;C:\Users\phg\.m2\repository\org\springframework\spring-webmvc\5.3.19\spring-webmvc-5.3.19.jar;C:\Users\phg\.m2\repository\org\springframework\spring-aop\5.3.19\spring-aop-5.3.19.jar;C:\Users\phg\.m2\repository\org\springframework\boot\spring-boot-starter-test\2.6.7\spring-boot-starter-test-2.6.7.jar;C:\Users\phg\.m2\repository\org\springframework\boot\spring-boot-test\2.6.7\spring-boot-test-2.6.7.jar;C:\Users\phg\.m2\repository\org\springframework\boot\spring-boot-test-autoconfigure\2.6.7\spring-boot-test-autoconfigure-2.6.7.jar;C:\Users\phg\.m2\repository\com\jayway\jsonpath\json-path\2.6.0\json-path-2.6.0.jar;C:\Users\phg\.m2\repository\net\minidev\json-smart\2.4.8\json-smart-2.4.8.jar;C:\Users\phg\.m2\repository\net\minidev\accessors-smart\2.4.8\accessors-smart-2.4.8.jar;C:\Users\phg\.m2\repository\org\ow2\asm\asm\9.1\asm-9.1.jar;C:\Users\phg\.m2\repository\jakarta\xml\bind\jakarta.xml.bind-api\2.3.3\jakarta.xml.bind-api-2.3.3.jar;C:\Users\phg\.m2\repository\jakarta\activation\jakarta.activation-api\1.2.2\jakarta.activation-api-1.2.2.jar;C:\Users\phg\.m2\repository\org\assertj\assertj-core\3.21.0\assertj-core-3.21.0.jar;C:\Users\phg\.m2\repository\org\hamcrest\hamcrest\2.2\hamcrest-2.2.jar;C:\Users\phg\.m2\repository\org\junit\jupiter\junit-jupiter\5.8.2\junit-jupiter-5.8.2.jar;C:\Users\phg\.m2\repository\org\junit\jupiter\junit-jupiter-api\5.8.2\junit-jupiter-api-5.8.2.jar;C:\Users\phg\.m2\repository\org\opentest4j\opentest4j\1.2.0\opentest4j-1.2.0.jar;C:\Users\phg\.m2\repository\org\junit\platform\junit-platform-commons\1.8.2\junit-platform-commons-1.8.2.jar;C:\Users\phg\.m2\repository\org\apiguardian\apiguardian-api\1.1.2\apiguardian-api-1.1.2.jar;C:\Users\phg\.m2\repository\org\junit\jupiter\junit-jupiter-params\5.8.2\junit-jupiter-params-5.8.2.jar;C:\Users\phg\.m2\repository\org\junit\jupiter\junit-jupiter-engine\5.8.2\junit-jupiter-engine-5.8.2.jar;C:\Users\phg\.m2\repository\org\junit\platform\junit-platform-engine\1.8.2\junit-platform-engine-1.8.2.jar;C:\Users\phg\.m2\repository\org\mockito\mockito-core\4.0.0\mockito-core-4.0.0.jar;C:\Users\phg\.m2\repository\net\bytebuddy\byte-buddy\1.11.22\byte-buddy-1.11.22.jar;C:\Users\phg\.m2\repository\net\bytebuddy\byte-buddy-agent\1.11.22\byte-buddy-agent-1.11.22.jar;C:\Users\phg\.m2\repository\org\objenesis\objenesis\3.2\objenesis-3.2.jar;C:\Users\phg\.m2\repository\org\mockito\mockito-junit-jupiter\4.0.0\mockito-junit-jupiter-4.0.0.jar;C:\Users\phg\.m2\repository\org\skyscreamer\jsonassert\1.5.0\jsonassert-1.5.0.jar;C:\Users\phg\.m2\repository\com\vaadin\external\google\android-json\0.0.20131108.vaadin1\android-json-0.0.20131108.vaadin1.jar;C:\Users\phg\.m2\repository\org\springframework\spring-core\5.3.19\spring-core-5.3.19.jar;C:\Users\phg\.m2\repository\org\springframework\spring-jcl\5.3.19\spring-jcl-5.3.19.jar;C:\Users\phg\.m2\repository\org\springframework\spring-test\5.3.19\spring-test-5.3.19.jar;C:\Users\phg\.m2\repository\org\xmlunit\xmlunit-core\2.8.4\xmlunit-core-2.8.4.jar;C:\Users\phg\.m2\repository\com\azure\azure-spring-data-cosmos\3.25.0\azure-spring-data-cosmos-3.25.0.jar;C:\Users\phg\.m2\repository\org\springframework\spring-beans\5.3.19\spring-beans-5.3.19.jar;C:\Users\phg\.m2\repository\org\springframework\spring-context\5.3.19\spring-context-5.3.19.jar;C:\Users\phg\.m2\repository\org\springframework\spring-tx\5.3.19\spring-tx-5.3.19.jar;C:\Users\phg\.m2\repository\org\springframework\data\spring-data-commons\2.6.4\spring-data-commons-2.6.4.jar;C:\Users\phg\.m2\repository\org\springframework\spring-expression\5.3.19\spring-expression-5.3.19.jar;C:\Users\phg\.m2\repository\com\azure\azure-cosmos\4.33.1\azure-cosmos-4.33.1.jar;C:\Users\phg\.m2\repository\com\azure\azure-core\1.30.0\azure-core-1.30.0.jar;C:\Users\phg\.m2\repository\com\fasterxml\jackson\dataformat\jackson-dataformat-xml\2.13.2\jackson-dataformat-xml-2.13.2.jar;C:\Users\phg\.m2\repository\org\codehaus\woodstox\stax2-api\4.2.1\stax2-api-4.2.1.jar;C:\Users\phg\.m2\repository\com\fasterxml\woodstox\woodstox-core\6.2.7\woodstox-core-6.2.7.jar;C:\Users\phg\.m2\repository\io\projectreactor\reactor-core\3.4.17\reactor-core-3.4.17.jar;C:\Users\phg\.m2\repository\org\reactivestreams\reactive-streams\1.0.3\reactive-streams-1.0.3.jar;C:\Users\phg\.m2\repository\com\azure\azure-core-http-netty\1.12.3\azure-core-http-netty-1.12.3.jar;C:\Users\phg\.m2\repository\io\netty\netty-handler\4.1.76.Final\netty-handler-4.1.76.Final.jar;C:\Users\phg\.m2\repository\io\netty\netty-common\4.1.76.Final\netty-common-4.1.76.Final.jar;C:\Users\phg\.m2\repository\io\netty\netty-resolver\4.1.76.Final\netty-resolver-4.1.76.Final.jar;C:\Users\phg\.m2\repository\io\netty\netty-transport\4.1.76.Final\netty-transport-4.1.76.Final.jar;C:\Users\phg\.m2\repository\io\netty\netty-codec\4.1.76.Final\netty-codec-4.1.76.Final.jar;C:\Users\phg\.m2\repository\io\netty\netty-handler-proxy\4.1.76.Final\netty-handler-proxy-4.1.76.Final.jar;C:\Users\phg\.m2\repository\io\netty\netty-codec-socks\4.1.76.Final\netty-codec-socks-4.1.76.Final.jar;C:\Users\phg\.m2\repository\io\netty\netty-buffer\4.1.76.Final\netty-buffer-4.1.76.Final.jar;C:\Users\phg\.m2\repository\io\netty\netty-codec-http\4.1.76.Final\netty-codec-http-4.1.76.Final.jar;C:\Users\phg\.m2\repository\io\netty\netty-codec-http2\4.1.76.Final\netty-codec-http2-4.1.76.Final.jar;C:\Users\phg\.m2\repository\io\netty\netty-transport-native-unix-common\4.1.76.Final\netty-transport-native-unix-common-4.1.76.Final.jar;C:\Users\phg\.m2\repository\io\netty\netty-transport-native-epoll\4.1.76.Final\netty-transport-native-epoll-4.1.76.Final-linux-x86_64.jar;C:\Users\phg\.m2\repository\io\netty\netty-transport-classes-epoll\4.1.76.Final\netty-transport-classes-epoll-4.1.76.Final.jar;C:\Users\phg\.m2\repository\io\netty\netty-transport-native-kqueue\4.1.76.Final\netty-transport-native-kqueue-4.1.76.Final-osx-x86_64.jar;C:\Users\phg\.m2\repository\io\netty\netty-transport-classes-kqueue\4.1.76.Final\netty-transport-classes-kqueue-4.1.76.Final.jar;C:\Users\phg\.m2\repository\io\netty\netty-tcnative-boringssl-static\2.0.51.Final\netty-tcnative-boringssl-static-2.0.51.Final.jar;C:\Users\phg\.m2\repository\io\netty\netty-tcnative-classes\2.0.51.Final\netty-tcnative-classes-2.0.51.Final.jar;C:\Users\phg\.m2\repository\io\netty\netty-tcnative-boringssl-static\2.0.51.Final\netty-tcnative-boringssl-static-2.0.51.Final-linux-x86_64.jar;C:\Users\phg\.m2\repository\io\netty\netty-tcnative-boringssl-static\2.0.51.Final\netty-tcnative-boringssl-static-2.0.51.Final-linux-aarch_64.jar;C:\Users\phg\.m2\repository\io\netty\netty-tcnative-boringssl-static\2.0.51.Final\netty-tcnative-boringssl-static-2.0.51.Final-osx-x86_64.jar;C:\Users\phg\.m2\repository\io\netty\netty-tcnative-boringssl-static\2.0.51.Final\netty-tcnative-boringssl-static-2.0.51.Final-osx-aarch_64.jar;C:\Users\phg\.m2\repository\io\netty\netty-tcnative-boringssl-static\2.0.51.Final\netty-tcnative-boringssl-static-2.0.51.Final-windows-x86_64.jar;C:\Users\phg\.m2\repository\io\projectreactor\netty\reactor-netty-http\1.0.18\reactor-netty-http-1.0.18.jar;C:\Users\phg\.m2\repository\io\netty\netty-resolver-dns\4.1.76.Final\netty-resolver-dns-4.1.76.Final.jar;C:\Users\phg\.m2\repository\io\netty\netty-codec-dns\4.1.76.Final\netty-codec-dns-4.1.76.Final.jar;C:\Users\phg\.m2\repository\io\netty\netty-resolver-dns-native-macos\4.1.76.Final\netty-resolver-dns-native-macos-4.1.76.Final-osx-x86_64.jar;C:\Users\phg\.m2\repository\io\netty\netty-resolver-dns-classes-macos\4.1.76.Final\netty-resolver-dns-classes-macos-4.1.76.Final.jar;C:\Users\phg\.m2\repository\io\projectreactor\netty\reactor-netty-core\1.0.18\reactor-netty-core-1.0.18.jar;C:\Users\phg\.m2\repository\com\fasterxml\jackson\module\jackson-module-afterburner\2.13.2\jackson-module-afterburner-2.13.2.jar;C:\Users\phg\.m2\repository\com\fasterxml\jackson\core\jackson-annotations\2.13.2\jackson-annotations-2.13.2.jar;C:\Users\phg\.m2\repository\com\fasterxml\jackson\core\jackson-core\2.13.2\jackson-core-2.13.2.jar;C:\Users\phg\.m2\repository\org\hdrhistogram\HdrHistogram\2.1.12\HdrHistogram-2.1.12.jar;C:\Users\phg\.m2\repository\io\dropwizard\metrics\metrics-core\4.2.9\metrics-core-4.2.9.jar;C:\Users\phg\.m2\repository\io\micrometer\micrometer-core\1.8.5\micrometer-core-1.8.5.jar;C:\Users\phg\.m2\repository\org\latencyutils\LatencyUtils\2.0.3\LatencyUtils-2.0.3.jar;C:\Users\phg\.m2\repository\com\fasterxml\jackson\module\jackson-module-parameter-names\2.13.2\jackson-module-parameter-names-2.13.2.jar;C:\Users\phg\.m2\repository\com\fasterxml\jackson\datatype\jackson-datatype-jdk8\2.13.2\jackson-datatype-jdk8-2.13.2.jar;C:\Users\phg\.m2\repository\com\fasterxml\jackson\datatype\jackson-datatype-jsr310\2.13.2\jackson-datatype-jsr310-2.13.2.jar;C:\Users\phg\.m2\repository\org\javatuples\javatuples\1.2\javatuples-1.2.jar;C:\Users\phg\.m2\repository\javax\annotation\javax.annotation-api\1.3.2\javax.annotation-api-1.3.2.jar;C:\Users\phg\.m2\repository\org\apache\commons\commons-lang3\3.12.0\commons-lang3-3.12.0.jar;C:\Users\phg\.m2\repository\org\slf4j\slf4j-api\1.7.36\slf4j-api-1.7.36.jar;"/>
    <property name="java.vm.vendor" value="Oracle Corporation"/>
    <property name="sun.arch.data.model" value="64"/>
    <property name="user.variant" value=""/>
    <property name="java.vendor.url" value="https://java.oracle.com/"/>
    <property name="user.timezone" value="Europe/Oslo"/>
    <property name="os.name" value="Windows 10"/>
    <property name="java.vm.specification.version" value="17"/>
    <property name="sun.java.launcher" value="SUN_STANDARD"/>
    <property name="user.country" value="NO"/>
    <property name="sun.boot.library.path" value="C:\Program Files\Java\jdk-17\bin"/>
    <property name="sun.java.command" value="C:\Users\phg\AppData\Local\Temp\surefire14071384140521498062\surefirebooter2135216107945873274.jar C:\Users\phg\AppData\Local\Temp\surefire14071384140521498062 2022-08-15T11-39-48_594-jvmRun1 surefire890660814174255674tmp surefire_04904303782366777817tmp"/>
    <property name="jdk.debug" value="release"/>
    <property name="surefire.test.class.path" value="C:\Users\phg\source\cosmos-db-poc\target\test-classes;C:\Users\phg\source\cosmos-db-poc\target\classes;C:\Users\phg\.m2\repository\org\springframework\boot\spring-boot-starter-web\2.6.7\spring-boot-starter-web-2.6.7.jar;C:\Users\phg\.m2\repository\org\springframework\boot\spring-boot-starter\2.6.7\spring-boot-starter-2.6.7.jar;C:\Users\phg\.m2\repository\org\springframework\boot\spring-boot\2.6.7\spring-boot-2.6.7.jar;C:\Users\phg\.m2\repository\org\springframework\boot\spring-boot-autoconfigure\2.6.7\spring-boot-autoconfigure-2.6.7.jar;C:\Users\phg\.m2\repository\org\springframework\boot\spring-boot-starter-logging\2.6.7\spring-boot-starter-logging-2.6.7.jar;C:\Users\phg\.m2\repository\ch\qos\logback\logback-classic\1.2.11\logback-classic-1.2.11.jar;C:\Users\phg\.m2\repository\ch\qos\logback\logback-core\1.2.11\logback-core-1.2.11.jar;C:\Users\phg\.m2\repository\org\apache\logging\log4j\log4j-to-slf4j\2.17.2\log4j-to-slf4j-2.17.2.jar;C:\Users\phg\.m2\repository\org\apache\logging\log4j\log4j-api\2.17.2\log4j-api-2.17.2.jar;C:\Users\phg\.m2\repository\org\slf4j\jul-to-slf4j\1.7.36\jul-to-slf4j-1.7.36.jar;C:\Users\phg\.m2\repository\jakarta\annotation\jakarta.annotation-api\1.3.5\jakarta.annotation-api-1.3.5.jar;C:\Users\phg\.m2\repository\org\yaml\snakeyaml\1.29\snakeyaml-1.29.jar;C:\Users\phg\.m2\repository\org\springframework\boot\spring-boot-starter-json\2.6.7\spring-boot-starter-json-2.6.7.jar;C:\Users\phg\.m2\repository\com\fasterxml\jackson\core\jackson-databind\2.13.2.1\jackson-databind-2.13.2.1.jar;C:\Users\phg\.m2\repository\org\springframework\boot\spring-boot-starter-tomcat\2.6.7\spring-boot-starter-tomcat-2.6.7.jar;C:\Users\phg\.m2\repository\org\apache\tomcat\embed\tomcat-embed-core\9.0.62\tomcat-embed-core-9.0.62.jar;C:\Users\phg\.m2\repository\org\apache\tomcat\embed\tomcat-embed-el\9.0.62\tomcat-embed-el-9.0.62.jar;C:\Users\phg\.m2\repository\org\apache\tomcat\embed\tomcat-embed-websocket\9.0.62\tomcat-embed-websocket-9.0.62.jar;C:\Users\phg\.m2\repository\org\springframework\spring-web\5.3.19\spring-web-5.3.19.jar;C:\Users\phg\.m2\repository\org\springframework\spring-webmvc\5.3.19\spring-webmvc-5.3.19.jar;C:\Users\phg\.m2\repository\org\springframework\spring-aop\5.3.19\spring-aop-5.3.19.jar;C:\Users\phg\.m2\repository\org\springframework\boot\spring-boot-starter-test\2.6.7\spring-boot-starter-test-2.6.7.jar;C:\Users\phg\.m2\repository\org\springframework\boot\spring-boot-test\2.6.7\spring-boot-test-2.6.7.jar;C:\Users\phg\.m2\repository\org\springframework\boot\spring-boot-test-autoconfigure\2.6.7\spring-boot-test-autoconfigure-2.6.7.jar;C:\Users\phg\.m2\repository\com\jayway\jsonpath\json-path\2.6.0\json-path-2.6.0.jar;C:\Users\phg\.m2\repository\net\minidev\json-smart\2.4.8\json-smart-2.4.8.jar;C:\Users\phg\.m2\repository\net\minidev\accessors-smart\2.4.8\accessors-smart-2.4.8.jar;C:\Users\phg\.m2\repository\org\ow2\asm\asm\9.1\asm-9.1.jar;C:\Users\phg\.m2\repository\jakarta\xml\bind\jakarta.xml.bind-api\2.3.3\jakarta.xml.bind-api-2.3.3.jar;C:\Users\phg\.m2\repository\jakarta\activation\jakarta.activation-api\1.2.2\jakarta.activation-api-1.2.2.jar;C:\Users\phg\.m2\repository\org\assertj\assertj-core\3.21.0\assertj-core-3.21.0.jar;C:\Users\phg\.m2\repository\org\hamcrest\hamcrest\2.2\hamcrest-2.2.jar;C:\Users\phg\.m2\repository\org\junit\jupiter\junit-jupiter\5.8.2\junit-jupiter-5.8.2.jar;C:\Users\phg\.m2\repository\org\junit\jupiter\junit-jupiter-api\5.8.2\junit-jupiter-api-5.8.2.jar;C:\Users\phg\.m2\repository\org\opentest4j\opentest4j\1.2.0\opentest4j-1.2.0.jar;C:\Users\phg\.m2\repository\org\junit\platform\junit-platform-commons\1.8.2\junit-platform-commons-1.8.2.jar;C:\Users\phg\.m2\repository\org\apiguardian\apiguardian-api\1.1.2\apiguardian-api-1.1.2.jar;C:\Users\phg\.m2\repository\org\junit\jupiter\junit-jupiter-params\5.8.2\junit-jupiter-params-5.8.2.jar;C:\Users\phg\.m2\repository\org\junit\jupiter\junit-jupiter-engine\5.8.2\junit-jupiter-engine-5.8.2.jar;C:\Users\phg\.m2\repository\org\junit\platform\junit-platform-engine\1.8.2\junit-platform-engine-1.8.2.jar;C:\Users\phg\.m2\repository\org\mockito\mockito-core\4.0.0\mockito-core-4.0.0.jar;C:\Users\phg\.m2\repository\net\bytebuddy\byte-buddy\1.11.22\byte-buddy-1.11.22.jar;C:\Users\phg\.m2\repository\net\bytebuddy\byte-buddy-agent\1.11.22\byte-buddy-agent-1.11.22.jar;C:\Users\phg\.m2\repository\org\objenesis\objenesis\3.2\objenesis-3.2.jar;C:\Users\phg\.m2\repository\org\mockito\mockito-junit-jupiter\4.0.0\mockito-junit-jupiter-4.0.0.jar;C:\Users\phg\.m2\repository\org\skyscreamer\jsonassert\1.5.0\jsonassert-1.5.0.jar;C:\Users\phg\.m2\repository\com\vaadin\external\google\android-json\0.0.20131108.vaadin1\android-json-0.0.20131108.vaadin1.jar;C:\Users\phg\.m2\repository\org\springframework\spring-core\5.3.19\spring-core-5.3.19.jar;C:\Users\phg\.m2\repository\org\springframework\spring-jcl\5.3.19\spring-jcl-5.3.19.jar;C:\Users\phg\.m2\repository\org\springframework\spring-test\5.3.19\spring-test-5.3.19.jar;C:\Users\phg\.m2\repository\org\xmlunit\xmlunit-core\2.8.4\xmlunit-core-2.8.4.jar;C:\Users\phg\.m2\repository\com\azure\azure-spring-data-cosmos\3.25.0\azure-spring-data-cosmos-3.25.0.jar;C:\Users\phg\.m2\repository\org\springframework\spring-beans\5.3.19\spring-beans-5.3.19.jar;C:\Users\phg\.m2\repository\org\springframework\spring-context\5.3.19\spring-context-5.3.19.jar;C:\Users\phg\.m2\repository\org\springframework\spring-tx\5.3.19\spring-tx-5.3.19.jar;C:\Users\phg\.m2\repository\org\springframework\data\spring-data-commons\2.6.4\spring-data-commons-2.6.4.jar;C:\Users\phg\.m2\repository\org\springframework\spring-expression\5.3.19\spring-expression-5.3.19.jar;C:\Users\phg\.m2\repository\com\azure\azure-cosmos\4.33.1\azure-cosmos-4.33.1.jar;C:\Users\phg\.m2\repository\com\azure\azure-core\1.30.0\azure-core-1.30.0.jar;C:\Users\phg\.m2\repository\com\fasterxml\jackson\dataformat\jackson-dataformat-xml\2.13.2\jackson-dataformat-xml-2.13.2.jar;C:\Users\phg\.m2\repository\org\codehaus\woodstox\stax2-api\4.2.1\stax2-api-4.2.1.jar;C:\Users\phg\.m2\repository\com\fasterxml\woodstox\woodstox-core\6.2.7\woodstox-core-6.2.7.jar;C:\Users\phg\.m2\repository\io\projectreactor\reactor-core\3.4.17\reactor-core-3.4.17.jar;C:\Users\phg\.m2\repository\org\reactivestreams\reactive-streams\1.0.3\reactive-streams-1.0.3.jar;C:\Users\phg\.m2\repository\com\azure\azure-core-http-netty\1.12.3\azure-core-http-netty-1.12.3.jar;C:\Users\phg\.m2\repository\io\netty\netty-handler\4.1.76.Final\netty-handler-4.1.76.Final.jar;C:\Users\phg\.m2\repository\io\netty\netty-common\4.1.76.Final\netty-common-4.1.76.Final.jar;C:\Users\phg\.m2\repository\io\netty\netty-resolver\4.1.76.Final\netty-resolver-4.1.76.Final.jar;C:\Users\phg\.m2\repository\io\netty\netty-transport\4.1.76.Final\netty-transport-4.1.76.Final.jar;C:\Users\phg\.m2\repository\io\netty\netty-codec\4.1.76.Final\netty-codec-4.1.76.Final.jar;C:\Users\phg\.m2\repository\io\netty\netty-handler-proxy\4.1.76.Final\netty-handler-proxy-4.1.76.Final.jar;C:\Users\phg\.m2\repository\io\netty\netty-codec-socks\4.1.76.Final\netty-codec-socks-4.1.76.Final.jar;C:\Users\phg\.m2\repository\io\netty\netty-buffer\4.1.76.Final\netty-buffer-4.1.76.Final.jar;C:\Users\phg\.m2\repository\io\netty\netty-codec-http\4.1.76.Final\netty-codec-http-4.1.76.Final.jar;C:\Users\phg\.m2\repository\io\netty\netty-codec-http2\4.1.76.Final\netty-codec-http2-4.1.76.Final.jar;C:\Users\phg\.m2\repository\io\netty\netty-transport-native-unix-common\4.1.76.Final\netty-transport-native-unix-common-4.1.76.Final.jar;C:\Users\phg\.m2\repository\io\netty\netty-transport-native-epoll\4.1.76.Final\netty-transport-native-epoll-4.1.76.Final-linux-x86_64.jar;C:\Users\phg\.m2\repository\io\netty\netty-transport-classes-epoll\4.1.76.Final\netty-transport-classes-epoll-4.1.76.Final.jar;C:\Users\phg\.m2\repository\io\netty\netty-transport-native-kqueue\4.1.76.Final\netty-transport-native-kqueue-4.1.76.Final-osx-x86_64.jar;C:\Users\phg\.m2\repository\io\netty\netty-transport-classes-kqueue\4.1.76.Final\netty-transport-classes-kqueue-4.1.76.Final.jar;C:\Users\phg\.m2\repository\io\netty\netty-tcnative-boringssl-static\2.0.51.Final\netty-tcnative-boringssl-static-2.0.51.Final.jar;C:\Users\phg\.m2\repository\io\netty\netty-tcnative-classes\2.0.51.Final\netty-tcnative-classes-2.0.51.Final.jar;C:\Users\phg\.m2\repository\io\netty\netty-tcnative-boringssl-static\2.0.51.Final\netty-tcnative-boringssl-static-2.0.51.Final-linux-x86_64.jar;C:\Users\phg\.m2\repository\io\netty\netty-tcnative-boringssl-static\2.0.51.Final\netty-tcnative-boringssl-static-2.0.51.Final-linux-aarch_64.jar;C:\Users\phg\.m2\repository\io\netty\netty-tcnative-boringssl-static\2.0.51.Final\netty-tcnative-boringssl-static-2.0.51.Final-osx-x86_64.jar;C:\Users\phg\.m2\repository\io\netty\netty-tcnative-boringssl-static\2.0.51.Final\netty-tcnative-boringssl-static-2.0.51.Final-osx-aarch_64.jar;C:\Users\phg\.m2\repository\io\netty\netty-tcnative-boringssl-static\2.0.51.Final\netty-tcnative-boringssl-static-2.0.51.Final-windows-x86_64.jar;C:\Users\phg\.m2\repository\io\projectreactor\netty\reactor-netty-http\1.0.18\reactor-netty-http-1.0.18.jar;C:\Users\phg\.m2\repository\io\netty\netty-resolver-dns\4.1.76.Final\netty-resolver-dns-4.1.76.Final.jar;C:\Users\phg\.m2\repository\io\netty\netty-codec-dns\4.1.76.Final\netty-codec-dns-4.1.76.Final.jar;C:\Users\phg\.m2\repository\io\netty\netty-resolver-dns-native-macos\4.1.76.Final\netty-resolver-dns-native-macos-4.1.76.Final-osx-x86_64.jar;C:\Users\phg\.m2\repository\io\netty\netty-resolver-dns-classes-macos\4.1.76.Final\netty-resolver-dns-classes-macos-4.1.76.Final.jar;C:\Users\phg\.m2\repository\io\projectreactor\netty\reactor-netty-core\1.0.18\reactor-netty-core-1.0.18.jar;C:\Users\phg\.m2\repository\com\fasterxml\jackson\module\jackson-module-afterburner\2.13.2\jackson-module-afterburner-2.13.2.jar;C:\Users\phg\.m2\repository\com\fasterxml\jackson\core\jackson-annotations\2.13.2\jackson-annotations-2.13.2.jar;C:\Users\phg\.m2\repository\com\fasterxml\jackson\core\jackson-core\2.13.2\jackson-core-2.13.2.jar;C:\Users\phg\.m2\repository\org\hdrhistogram\HdrHistogram\2.1.12\HdrHistogram-2.1.12.jar;C:\Users\phg\.m2\repository\io\dropwizard\metrics\metrics-core\4.2.9\metrics-core-4.2.9.jar;C:\Users\phg\.m2\repository\io\micrometer\micrometer-core\1.8.5\micrometer-core-1.8.5.jar;C:\Users\phg\.m2\repository\org\latencyutils\LatencyUtils\2.0.3\LatencyUtils-2.0.3.jar;C:\Users\phg\.m2\repository\com\fasterxml\jackson\module\jackson-module-parameter-names\2.13.2\jackson-module-parameter-names-2.13.2.jar;C:\Users\phg\.m2\repository\com\fasterxml\jackson\datatype\jackson-datatype-jdk8\2.13.2\jackson-datatype-jdk8-2.13.2.jar;C:\Users\phg\.m2\repository\com\fasterxml\jackson\datatype\jackson-datatype-jsr310\2.13.2\jackson-datatype-jsr310-2.13.2.jar;C:\Users\phg\.m2\repository\org\javatuples\javatuples\1.2\javatuples-1.2.jar;C:\Users\phg\.m2\repository\javax\annotation\javax.annotation-api\1.3.2\javax.annotation-api-1.3.2.jar;C:\Users\phg\.m2\repository\org\apache\commons\commons-lang3\3.12.0\commons-lang3-3.12.0.jar;C:\Users\phg\.m2\repository\org\slf4j\slf4j-api\1.7.36\slf4j-api-1.7.36.jar;"/>
    <property name="sun.cpu.endian" value="little"/>
    <property name="user.home" value="C:\Users\phg"/>
    <property name="user.language" value="no"/>
    <property name="java.specification.vendor" value="Oracle Corporation"/>
    <property name="java.version.date" value="2021-09-14"/>
    <property name="java.home" value="C:\Program Files\Java\jdk-17"/>
    <property name="file.separator" value="\"/>
    <property name="basedir" value="C:\Users\phg\source\cosmos-db-poc"/>
    <property name="java.vm.compressedOopsMode" value="Zero based"/>
    <property name="line.separator" value="&#10;"/>
    <property name="java.vm.specification.vendor" value="Oracle Corporation"/>
    <property name="java.specification.name" value="Java Platform API Specification"/>
    <property name="surefire.real.class.path" value="C:\Users\phg\AppData\Local\Temp\surefire14071384140521498062\surefirebooter2135216107945873274.jar"/>
    <property name="user.script" value=""/>
    <property name="sun.management.compiler" value="HotSpot 64-Bit Tiered Compilers"/>
    <property name="java.runtime.version" value="17+35-LTS-2724"/>
    <property name="user.name" value="phg"/>
    <property name="path.separator" value=";"/>
    <property name="os.version" value="10.0"/>
    <property name="java.runtime.name" value="Java(TM) SE Runtime Environment"/>
    <property name="file.encoding" value="Cp1252"/>
    <property name="java.vm.name" value="Java HotSpot(TM) 64-Bit Server VM"/>
    <property name="localRepository" value="C:\Users\phg\.m2\repository"/>
    <property name="java.vendor.url.bug" value="https://bugreport.java.com/bugreport/"/>
    <property name="java.io.tmpdir" value="C:\Users\phg\AppData\Local\Temp\"/>
    <property name="java.version" value="17"/>
    <property name="user.dir" value="C:\Users\phg\source\cosmos-db-poc"/>
    <property name="os.arch" value="amd64"/>
    <property name="java.vm.specification.name" value="Java Virtual Machine Specification"/>
    <property name="sun.os.patch.level" value=""/>
    <property name="native.encoding" value="Cp1252"/>
    <property name="java.library.path" value="C:\Program Files\Java\jdk-17\bin;C:\WINDOWS\Sun\Java\bin;C:\WINDOWS\system32;C:\WINDOWS;C:\Program Files\PowerShell\7;C:\Program Files (x86)\Microsoft SDKs\Azure\CLI2\wbin;C:\Program Files\Common Files\Oracle\Java\javapath;C:\Program Files (x86)\Common Files\Oracle\Java\javapath;C:\WINDOWS\system32;C:\WINDOWS;C:\WINDOWS\System32\Wbem;C:\WINDOWS\System32\WindowsPowerShell\v1.0\;C:\Program Files\dotnet\;;C:\Program Files (x86)\dotnet\;C:\Program Files (x86)\IBM\Personal Communications\;C:\Program Files (x86)\IBM\Trace Facility\;C:\Program Files\Microsoft\Azure Functions Core Tools\;C:\Program Files\PowerShell\7\;C:\Program Files\Docker\Docker\resources\bin;C:\ProgramData\DockerDesktop\version-bin;C:\Users\phg\AppData\Local\Microsoft\WindowsApps;C:\Users\phg\AppData\Local\JetBrains\IntelliJ IDEA 2021.2.2\bin;;C:\Users\phg\AppData\Local\Programs\Microsoft VS Code\bin;C:\Users\phg\dev\maven\apache-maven-3.8.3\bin;C:\Users\phg\AppData\Local\Programs\Git\cmd;C:\Program Files\Java\jdk-17\bin;C:\Users\phg\AppData\Roaming\npm;C:\Python27;C:\Users\phg\.dotnet\tools;C:\Users\phg\AppData\Local\nvs\default;C:\Users\phg\AppData\Local\nvs\;C:\Program Files\Microsoft\Azure Functions Core Tools;;."/>
    <property name="java.vm.info" value="mixed mode, sharing"/>
    <property name="java.vendor" value="Oracle Corporation"/>
    <property name="java.vm.version" value="17+35-LTS-2724"/>
    <property name="sun.io.unicode.encoding" value="UnicodeLittle"/>
    <property name="java.class.version" value="61.0"/>
  </properties>
  <testcase name="contextLoads" classname="no.klp.cosmodbpoc.DemoApplicationTests" time="0.005">
    <error message="Failed to load ApplicationContext" type="java.lang.IllegalStateException">java.lang.IllegalStateException: Failed to load ApplicationContext
Caused by: org.springframework.beans.factory.UnsatisfiedDependencyException: Error creating bean with name 'userProfileResource': Unsatisfied dependency expressed through field 'userProfileRepository'; nested exception is org.springframework.beans.factory.BeanCreationException: Error creating bean with name 'userProfileRepository' defined in no.klp.cosmodbpoc.UserProfileRepository defined in @EnableReactiveCosmosRepositories declared on UserProfileConfiguration: Invocation of init method failed; nested exception is org.springframework.beans.BeanInstantiationException: Failed to instantiate [com.azure.spring.data.cosmos.repository.support.SimpleReactiveCosmosRepository]: Constructor threw exception; nested exception is com.azure.spring.data.cosmos.exception.CosmosAccessException: Failed to create container; nested exception is {"ClassName":"CosmosException","userAgent":"azsdk-java-cosmos/4.33.1 Windows10/10.0 JRE/17","statusCode":400,"resourceAddress":"https://sandbox-cosmos-db-poc-account-norwayeast.documents.azure.com:443/dbs/testdb/colls","error":"{\"code\":\"BadRequest\",\"message\":\"Setting offer throughput or autopilot on container is not supported for serverless accounts.\\r\\nActivityId: d843a0a0-cccb-4bb7-b532-4f6a1e0c7e12, Microsoft.Azure.Documents.Common/2.14.0, StatusCode: BadRequest\",\"additionalErrorInfo\":null}","innerErrorMessage":"Setting offer throughput or autopilot on container is not supported for serverless accounts.\r\nActivityId: d843a0a0-cccb-4bb7-b532-4f6a1e0c7e12, Microsoft.Azure.Documents.Common/2.14.0, StatusCode: BadRequest","causeInfo":null,"responseHeaders":"{Content-Type=application/json, Date=Mon, 15 Aug 2022 09:39:52 GMT, Server=Microsoft-HTTPAPI/2.0, Strict-Transport-Security=max-age=31536000, Transfer-Encoding=chunked, x-ms-activity-id=d843a0a0-cccb-4bb7-b532-4f6a1e0c7e12, x-ms-gatewayversion=version=2.14.0}","requestHeaders":"[Accept=application/json, x-ms-date=Mon, 15 Aug 2022 09:39:53 GMT, x-ms-offer-throughput=400, Content-Type=application/json]","cosmosDiagnostics":{"userAgent":"azsdk-java-cosmos/4.33.1 Windows10/10.0 JRE/17","activityId":"d843a0a0-cccb-4bb7-b532-4f6a1e0c7e12","requestLatencyInMs":62,"requestStartTimeUTC":"2022-08-15T09:39:53.608958500Z","requestEndTimeUTC":"2022-08-15T09:39:53.671912800Z","responseStatisticsList":[],"supplementalResponseStatisticsList":[],"addressResolutionStatistics":{},"regionsContacted":["norway east"],"retryContext":{"statusAndSubStatusCodes":null,"retryLatency":0,"retryCount":0},"metadataDiagnosticsContext":{"metadataDiagnosticList":null},"serializationDiagnosticsContext":{"serializationDiagnosticsList":[{"serializationType":"CONTAINER_SERIALIZATION","startTimeUTC":"2022-08-15T09:39:53.608958500Z","endTimeUTC":"2022-08-15T09:39:53.609960300Z","durationInMilliSecs":1.0018}]},"gatewayStatistics":{"sessionToken":null,"operationType":"Create","resourceType":"DocumentCollection","statusCode":400,"subStatusCode":0,"requestCharge":0.0,"requestTimeline":[{"eventName":"connectionCreated","startTimeUTC":"2022-08-15T09:39:53.612713100Z","durationInMilliSecs":39.0866},{"eventName":"connectionConfigured","startTimeUTC":"2022-08-15T09:39:53.651799700Z","durationInMilliSecs":0.0},{"eventName":"requestSent","startTimeUTC":"2022-08-15T09:39:53.651799700Z","durationInMilliSecs":4.5491},{"eventName":"transitTime","startTimeUTC":"2022-08-15T09:39:53.656348800Z","durationInMilliSecs":14.0832},{"eventName":"received","startTimeUTC":"2022-08-15T09:39:53.670432Z","durationInMilliSecs":0.9385}],"partitionKeyRangeId":null,"exceptionMessage":"Setting offer throughput or autopilot on container is not supported for serverless accounts.\r\nActivityId: d843a0a0-cccb-4bb7-b532-4f6a1e0c7e12, Microsoft.Azure.Documents.Common/2.14.0, StatusCode: BadRequest","exceptionResponseHeaders":"{Content-Type=application/json, Date=Mon, 15 Aug 2022 09:39:52 GMT, Server=Microsoft-HTTPAPI/2.0, Strict-Transport-Security=max-age=31536000, Transfer-Encoding=chunked, x-ms-activity-id=d843a0a0-cccb-4bb7-b532-4f6a1e0c7e12, x-ms-gatewayversion=version=2.14.0}"},"systemInformation":{"usedMemory":"67551 KB","availableMemory":"8251425 KB","systemCpuLoad":"empty","availableProcessors":8},"clientCfgs":{"id":1,"machineId":"uuid:e53a458b-00e0-4e37-a5ec-08dc74d74003","connectionMode":"DIRECT","numberOfClients":0,"connCfg":{"rntbd":"(cto:PT5S, nrto:PT5S, icto:PT0S, ieto:PT1H, mcpe:130, mrpc:30, cer:true)","gw":"(cps:1000, nrto:PT1M, icto:PT1M, p:false)","other":"(ed: true, cs: false)"},"consistencyCfg":"(consistency: null, mm: true, prgns: [])"}}}
Caused by: org.springframework.beans.factory.BeanCreationException: Error creating bean with name 'userProfileRepository' defined in no.klp.cosmodbpoc.UserProfileRepository defined in @EnableReactiveCosmosRepositories declared on UserProfileConfiguration: Invocation of init method failed; nested exception is org.springframework.beans.BeanInstantiationException: Failed to instantiate [com.azure.spring.data.cosmos.repository.support.SimpleReactiveCosmosRepository]: Constructor threw exception; nested exception is com.azure.spring.data.cosmos.exception.CosmosAccessException: Failed to create container; nested exception is {"ClassName":"CosmosException","userAgent":"azsdk-java-cosmos/4.33.1 Windows10/10.0 JRE/17","statusCode":400,"resourceAddress":"https://sandbox-cosmos-db-poc-account-norwayeast.documents.azure.com:443/dbs/testdb/colls","error":"{\"code\":\"BadRequest\",\"message\":\"Setting offer throughput or autopilot on container is not supported for serverless accounts.\\r\\nActivityId: d843a0a0-cccb-4bb7-b532-4f6a1e0c7e12, Microsoft.Azure.Documents.Common/2.14.0, StatusCode: BadRequest\",\"additionalErrorInfo\":null}","innerErrorMessage":"Setting offer throughput or autopilot on container is not supported for serverless accounts.\r\nActivityId: d843a0a0-cccb-4bb7-b532-4f6a1e0c7e12, Microsoft.Azure.Documents.Common/2.14.0, StatusCode: BadRequest","causeInfo":null,"responseHeaders":"{Content-Type=application/json, Date=Mon, 15 Aug 2022 09:39:52 GMT, Server=Microsoft-HTTPAPI/2.0, Strict-Transport-Security=max-age=31536000, Transfer-Encoding=chunked, x-ms-activity-id=d843a0a0-cccb-4bb7-b532-4f6a1e0c7e12, x-ms-gatewayversion=version=2.14.0}","requestHeaders":"[Accept=application/json, x-ms-date=Mon, 15 Aug 2022 09:39:53 GMT, x-ms-offer-throughput=400, Content-Type=application/json]","cosmosDiagnostics":{"userAgent":"azsdk-java-cosmos/4.33.1 Windows10/10.0 JRE/17","activityId":"d843a0a0-cccb-4bb7-b532-4f6a1e0c7e12","requestLatencyInMs":62,"requestStartTimeUTC":"2022-08-15T09:39:53.608958500Z","requestEndTimeUTC":"2022-08-15T09:39:53.671912800Z","responseStatisticsList":[],"supplementalResponseStatisticsList":[],"addressResolutionStatistics":{},"regionsContacted":["norway east"],"retryContext":{"statusAndSubStatusCodes":null,"retryLatency":0,"retryCount":0},"metadataDiagnosticsContext":{"metadataDiagnosticList":null},"serializationDiagnosticsContext":{"serializationDiagnosticsList":[{"serializationType":"CONTAINER_SERIALIZATION","startTimeUTC":"2022-08-15T09:39:53.608958500Z","endTimeUTC":"2022-08-15T09:39:53.609960300Z","durationInMilliSecs":1.0018}]},"gatewayStatistics":{"sessionToken":null,"operationType":"Create","resourceType":"DocumentCollection","statusCode":400,"subStatusCode":0,"requestCharge":0.0,"requestTimeline":[{"eventName":"connectionCreated","startTimeUTC":"2022-08-15T09:39:53.612713100Z","durationInMilliSecs":39.0866},{"eventName":"connectionConfigured","startTimeUTC":"2022-08-15T09:39:53.651799700Z","durationInMilliSecs":0.0},{"eventName":"requestSent","startTimeUTC":"2022-08-15T09:39:53.651799700Z","durationInMilliSecs":4.5491},{"eventName":"transitTime","startTimeUTC":"2022-08-15T09:39:53.656348800Z","durationInMilliSecs":14.0832},{"eventName":"received","startTimeUTC":"2022-08-15T09:39:53.670432Z","durationInMilliSecs":0.9385}],"partitionKeyRangeId":null,"exceptionMessage":"Setting offer throughput or autopilot on container is not supported for serverless accounts.\r\nActivityId: d843a0a0-cccb-4bb7-b532-4f6a1e0c7e12, Microsoft.Azure.Documents.Common/2.14.0, StatusCode: BadRequest","exceptionResponseHeaders":"{Content-Type=application/json, Date=Mon, 15 Aug 2022 09:39:52 GMT, Server=Microsoft-HTTPAPI/2.0, Strict-Transport-Security=max-age=31536000, Transfer-Encoding=chunked, x-ms-activity-id=d843a0a0-cccb-4bb7-b532-4f6a1e0c7e12, x-ms-gatewayversion=version=2.14.0}"},"systemInformation":{"usedMemory":"69603 KB","availableMemory":"8249373 KB","systemCpuLoad":"empty","availableProcessors":8},"clientCfgs":{"id":1,"machineId":"uuid:e53a458b-00e0-4e37-a5ec-08dc74d74003","connectionMode":"DIRECT","numberOfClients":0,"connCfg":{"rntbd":"(cto:PT5S, nrto:PT5S, icto:PT0S, ieto:PT1H, mcpe:130, mrpc:30, cer:true)","gw":"(cps:1000, nrto:PT1M, icto:PT1M, p:false)","other":"(ed: true, cs: false)"},"consistencyCfg":"(consistency: null, mm: true, prgns: [])"}}}
Caused by: org.springframework.beans.BeanInstantiationException: Failed to instantiate [com.azure.spring.data.cosmos.repository.support.SimpleReactiveCosmosRepository]: Constructor threw exception; nested exception is com.azure.spring.data.cosmos.exception.CosmosAccessException: Failed to create container; nested exception is {"ClassName":"CosmosException","userAgent":"azsdk-java-cosmos/4.33.1 Windows10/10.0 JRE/17","statusCode":400,"resourceAddress":"https://sandbox-cosmos-db-poc-account-norwayeast.documents.azure.com:443/dbs/testdb/colls","error":"{\"code\":\"BadRequest\",\"message\":\"Setting offer throughput or autopilot on container is not supported for serverless accounts.\\r\\nActivityId: d843a0a0-cccb-4bb7-b532-4f6a1e0c7e12, Microsoft.Azure.Documents.Common/2.14.0, StatusCode: BadRequest\",\"additionalErrorInfo\":null}","innerErrorMessage":"Setting offer throughput or autopilot on container is not supported for serverless accounts.\r\nActivityId: d843a0a0-cccb-4bb7-b532-4f6a1e0c7e12, Microsoft.Azure.Documents.Common/2.14.0, StatusCode: BadRequest","causeInfo":null,"responseHeaders":"{Content-Type=application/json, Date=Mon, 15 Aug 2022 09:39:52 GMT, Server=Microsoft-HTTPAPI/2.0, Strict-Transport-Security=max-age=31536000, Transfer-Encoding=chunked, x-ms-activity-id=d843a0a0-cccb-4bb7-b532-4f6a1e0c7e12, x-ms-gatewayversion=version=2.14.0}","requestHeaders":"[Accept=application/json, x-ms-date=Mon, 15 Aug 2022 09:39:53 GMT, x-ms-offer-throughput=400, Content-Type=application/json]","cosmosDiagnostics":{"userAgent":"azsdk-java-cosmos/4.33.1 Windows10/10.0 JRE/17","activityId":"d843a0a0-cccb-4bb7-b532-4f6a1e0c7e12","requestLatencyInMs":62,"requestStartTimeUTC":"2022-08-15T09:39:53.608958500Z","requestEndTimeUTC":"2022-08-15T09:39:53.671912800Z","responseStatisticsList":[],"supplementalResponseStatisticsList":[],"addressResolutionStatistics":{},"regionsContacted":["norway east"],"retryContext":{"statusAndSubStatusCodes":null,"retryLatency":0,"retryCount":0},"metadataDiagnosticsContext":{"metadataDiagnosticList":null},"serializationDiagnosticsContext":{"serializationDiagnosticsList":[{"serializationType":"CONTAINER_SERIALIZATION","startTimeUTC":"2022-08-15T09:39:53.608958500Z","endTimeUTC":"2022-08-15T09:39:53.609960300Z","durationInMilliSecs":1.0018}]},"gatewayStatistics":{"sessionToken":null,"operationType":"Create","resourceType":"DocumentCollection","statusCode":400,"subStatusCode":0,"requestCharge":0.0,"requestTimeline":[{"eventName":"connectionCreated","startTimeUTC":"2022-08-15T09:39:53.612713100Z","durationInMilliSecs":39.0866},{"eventName":"connectionConfigured","startTimeUTC":"2022-08-15T09:39:53.651799700Z","durationInMilliSecs":0.0},{"eventName":"requestSent","startTimeUTC":"2022-08-15T09:39:53.651799700Z","durationInMilliSecs":4.5491},{"eventName":"transitTime","startTimeUTC":"2022-08-15T09:39:53.656348800Z","durationInMilliSecs":14.0832},{"eventName":"received","startTimeUTC":"2022-08-15T09:39:53.670432Z","durationInMilliSecs":0.9385}],"partitionKeyRangeId":null,"exceptionMessage":"Setting offer throughput or autopilot on container is not supported for serverless accounts.\r\nActivityId: d843a0a0-cccb-4bb7-b532-4f6a1e0c7e12, Microsoft.Azure.Documents.Common/2.14.0, StatusCode: BadRequest","exceptionResponseHeaders":"{Content-Type=application/json, Date=Mon, 15 Aug 2022 09:39:52 GMT, Server=Microsoft-HTTPAPI/2.0, Strict-Transport-Security=max-age=31536000, Transfer-Encoding=chunked, x-ms-activity-id=d843a0a0-cccb-4bb7-b532-4f6a1e0c7e12, x-ms-gatewayversion=version=2.14.0}"},"systemInformation":{"usedMemory":"69603 KB","availableMemory":"8249373 KB","systemCpuLoad":"empty","availableProcessors":8},"clientCfgs":{"id":1,"machineId":"uuid:e53a458b-00e0-4e37-a5ec-08dc74d74003","connectionMode":"DIRECT","numberOfClients":0,"connCfg":{"rntbd":"(cto:PT5S, nrto:PT5S, icto:PT0S, ieto:PT1H, mcpe:130, mrpc:30, cer:true)","gw":"(cps:1000, nrto:PT1M, icto:PT1M, p:false)","other":"(ed: true, cs: false)"},"consistencyCfg":"(consistency: null, mm: true, prgns: [])"}}}
Caused by: com.azure.spring.data.cosmos.exception.CosmosAccessException: Failed to create container; nested exception is {"ClassName":"CosmosException","userAgent":"azsdk-java-cosmos/4.33.1 Windows10/10.0 JRE/17","statusCode":400,"resourceAddress":"https://sandbox-cosmos-db-poc-account-norwayeast.documents.azure.com:443/dbs/testdb/colls","error":"{\"code\":\"BadRequest\",\"message\":\"Setting offer throughput or autopilot on container is not supported for serverless accounts.\\r\\nActivityId: d843a0a0-cccb-4bb7-b532-4f6a1e0c7e12, Microsoft.Azure.Documents.Common/2.14.0, StatusCode: BadRequest\",\"additionalErrorInfo\":null}","innerErrorMessage":"Setting offer throughput or autopilot on container is not supported for serverless accounts.\r\nActivityId: d843a0a0-cccb-4bb7-b532-4f6a1e0c7e12, Microsoft.Azure.Documents.Common/2.14.0, StatusCode: BadRequest","causeInfo":null,"responseHeaders":"{Content-Type=application/json, Date=Mon, 15 Aug 2022 09:39:52 GMT, Server=Microsoft-HTTPAPI/2.0, Strict-Transport-Security=max-age=31536000, Transfer-Encoding=chunked, x-ms-activity-id=d843a0a0-cccb-4bb7-b532-4f6a1e0c7e12, x-ms-gatewayversion=version=2.14.0}","requestHeaders":"[Accept=application/json, x-ms-date=Mon, 15 Aug 2022 09:39:53 GMT, x-ms-offer-throughput=400, Content-Type=application/json]","cosmosDiagnostics":{"userAgent":"azsdk-java-cosmos/4.33.1 Windows10/10.0 JRE/17","activityId":"d843a0a0-cccb-4bb7-b532-4f6a1e0c7e12","requestLatencyInMs":62,"requestStartTimeUTC":"2022-08-15T09:39:53.608958500Z","requestEndTimeUTC":"2022-08-15T09:39:53.671912800Z","responseStatisticsList":[],"supplementalResponseStatisticsList":[],"addressResolutionStatistics":{},"regionsContacted":["norway east"],"retryContext":{"statusAndSubStatusCodes":null,"retryLatency":0,"retryCount":0},"metadataDiagnosticsContext":{"metadataDiagnosticList":null},"serializationDiagnosticsContext":{"serializationDiagnosticsList":[{"serializationType":"CONTAINER_SERIALIZATION","startTimeUTC":"2022-08-15T09:39:53.608958500Z","endTimeUTC":"2022-08-15T09:39:53.609960300Z","durationInMilliSecs":1.0018}]},"gatewayStatistics":{"sessionToken":null,"operationType":"Create","resourceType":"DocumentCollection","statusCode":400,"subStatusCode":0,"requestCharge":0.0,"requestTimeline":[{"eventName":"connectionCreated","startTimeUTC":"2022-08-15T09:39:53.612713100Z","durationInMilliSecs":39.0866},{"eventName":"connectionConfigured","startTimeUTC":"2022-08-15T09:39:53.651799700Z","durationInMilliSecs":0.0},{"eventName":"requestSent","startTimeUTC":"2022-08-15T09:39:53.651799700Z","durationInMilliSecs":4.5491},{"eventName":"transitTime","startTimeUTC":"2022-08-15T09:39:53.656348800Z","durationInMilliSecs":14.0832},{"eventName":"received","startTimeUTC":"2022-08-15T09:39:53.670432Z","durationInMilliSecs":0.9385}],"partitionKeyRangeId":null,"exceptionMessage":"Setting offer throughput or autopilot on container is not supported for serverless accounts.\r\nActivityId: d843a0a0-cccb-4bb7-b532-4f6a1e0c7e12, Microsoft.Azure.Documents.Common/2.14.0, StatusCode: BadRequest","exceptionResponseHeaders":"{Content-Type=application/json, Date=Mon, 15 Aug 2022 09:39:52 GMT, Server=Microsoft-HTTPAPI/2.0, Strict-Transport-Security=max-age=31536000, Transfer-Encoding=chunked, x-ms-activity-id=d843a0a0-cccb-4bb7-b532-4f6a1e0c7e12, x-ms-gatewayversion=version=2.14.0}"},"systemInformation":{"usedMemory":"69603 KB","availableMemory":"8249373 KB","systemCpuLoad":"empty","availableProcessors":8},"clientCfgs":{"id":1,"machineId":"uuid:e53a458b-00e0-4e37-a5ec-08dc74d74003","connectionMode":"DIRECT","numberOfClients":0,"connCfg":{"rntbd":"(cto:PT5S, nrto:PT5S, icto:PT0S, ieto:PT1H, mcpe:130, mrpc:30, cer:true)","gw":"(cps:1000, nrto:PT1M, icto:PT1M, p:false)","other":"(ed: true, cs: false)"},"consistencyCfg":"(consistency: null, mm: true, prgns: [])"}}}
Caused by: com.azure.cosmos.CosmosException: {"innerErrorMessage":"Setting offer throughput or autopilot on container is not supported for serverless accounts.\r\nActivityId: d843a0a0-cccb-4bb7-b532-4f6a1e0c7e12, Microsoft.Azure.Documents.Common/2.14.0, StatusCode: BadRequest","cosmosDiagnostics":{"userAgent":"azsdk-java-cosmos/4.33.1 Windows10/10.0 JRE/17","activityId":"d843a0a0-cccb-4bb7-b532-4f6a1e0c7e12","requestLatencyInMs":62,"requestStartTimeUTC":"2022-08-15T09:39:53.608958500Z","requestEndTimeUTC":"2022-08-15T09:39:53.671912800Z","responseStatisticsList":[],"supplementalResponseStatisticsList":[],"addressResolutionStatistics":{},"regionsContacted":["norway east"],"retryContext":{"statusAndSubStatusCodes":null,"retryLatency":0,"retryCount":0},"metadataDiagnosticsContext":{"metadataDiagnosticList":null},"serializationDiagnosticsContext":{"serializationDiagnosticsList":[{"serializationType":"CONTAINER_SERIALIZATION","startTimeUTC":"2022-08-15T09:39:53.608958500Z","endTimeUTC":"2022-08-15T09:39:53.609960300Z","durationInMilliSecs":1.0018}]},"gatewayStatistics":{"sessionToken":null,"operationType":"Create","resourceType":"DocumentCollection","statusCode":400,"subStatusCode":0,"requestCharge":0.0,"requestTimeline":[{"eventName":"connectionCreated","startTimeUTC":"2022-08-15T09:39:53.612713100Z","durationInMilliSecs":39.0866},{"eventName":"connectionConfigured","startTimeUTC":"2022-08-15T09:39:53.651799700Z","durationInMilliSecs":0.0},{"eventName":"requestSent","startTimeUTC":"2022-08-15T09:39:53.651799700Z","durationInMilliSecs":4.5491},{"eventName":"transitTime","startTimeUTC":"2022-08-15T09:39:53.656348800Z","durationInMilliSecs":14.0832},{"eventName":"received","startTimeUTC":"2022-08-15T09:39:53.670432Z","durationInMilliSecs":0.9385}],"partitionKeyRangeId":null,"exceptionMessage":"Setting offer throughput or autopilot on container is not supported for serverless accounts.\r\nActivityId: d843a0a0-cccb-4bb7-b532-4f6a1e0c7e12, Microsoft.Azure.Documents.Common/2.14.0, StatusCode: BadRequest","exceptionResponseHeaders":"{Content-Type=application/json, Date=Mon, 15 Aug 2022 09:39:52 GMT, Server=Microsoft-HTTPAPI/2.0, Strict-Transport-Security=max-age=31536000, Transfer-Encoding=chunked, x-ms-activity-id=d843a0a0-cccb-4bb7-b532-4f6a1e0c7e12, x-ms-gatewayversion=version=2.14.0}"},"systemInformation":{"usedMemory":"69603 KB","availableMemory":"8249373 KB","systemCpuLoad":"empty","availableProcessors":8},"clientCfgs":{"id":1,"machineId":"uuid:e53a458b-00e0-4e37-a5ec-08dc74d74003","connectionMode":"DIRECT","numberOfClients":0,"connCfg":{"rntbd":"(cto:PT5S, nrto:PT5S, icto:PT0S, ieto:PT1H, mcpe:130, mrpc:30, cer:true)","gw":"(cps:1000, nrto:PT1M, icto:PT1M, p:false)","other":"(ed: true, cs: false)"},"consistencyCfg":"(consistency: null, mm: true, prgns: [])"}}}
</error>
    <system-out><![CDATA[11:39:49.462 [main] DEBUG org.springframework.test.context.BootstrapUtils - Instantiating CacheAwareContextLoaderDelegate from class [org.springframework.test.context.cache.DefaultCacheAwareContextLoaderDelegate]
11:39:49.476 [main] DEBUG org.springframework.test.context.BootstrapUtils - Instantiating BootstrapContext using constructor [public org.springframework.test.context.support.DefaultBootstrapContext(java.lang.Class,org.springframework.test.context.CacheAwareContextLoaderDelegate)]
11:39:49.511 [main] DEBUG org.springframework.test.context.BootstrapUtils - Instantiating TestContextBootstrapper for test class [no.klp.cosmodbpoc.DemoApplicationTests] from class [org.springframework.boot.test.context.SpringBootTestContextBootstrapper]
11:39:49.524 [main] INFO org.springframework.boot.test.context.SpringBootTestContextBootstrapper - Neither @ContextConfiguration nor @ContextHierarchy found for test class [no.klp.cosmodbpoc.DemoApplicationTests], using SpringBootContextLoader
11:39:49.527 [main] DEBUG org.springframework.test.context.support.AbstractContextLoader - Did not detect default resource location for test class [no.klp.cosmodbpoc.DemoApplicationTests]: class path resource [no/klp/cosmodbpoc/DemoApplicationTests-context.xml] does not exist
11:39:49.527 [main] DEBUG org.springframework.test.context.support.AbstractContextLoader - Did not detect default resource location for test class [no.klp.cosmodbpoc.DemoApplicationTests]: class path resource [no/klp/cosmodbpoc/DemoApplicationTestsContext.groovy] does not exist
11:39:49.527 [main] INFO org.springframework.test.context.support.AbstractContextLoader - Could not detect default resource locations for test class [no.klp.cosmodbpoc.DemoApplicationTests]: no resource found for suffixes {-context.xml, Context.groovy}.
11:39:49.528 [main] INFO org.springframework.test.context.support.AnnotationConfigContextLoaderUtils - Could not detect default configuration classes for test class [no.klp.cosmodbpoc.DemoApplicationTests]: DemoApplicationTests does not declare any static, non-private, non-final, nested classes annotated with @Configuration.
11:39:49.630 [main] DEBUG org.springframework.test.context.support.ActiveProfilesUtils - Could not find an 'annotation declaring class' for annotation type [org.springframework.test.context.ActiveProfiles] and class [no.klp.cosmodbpoc.DemoApplicationTests]
11:39:49.715 [main] DEBUG org.springframework.context.annotation.ClassPathScanningCandidateComponentProvider - Identified candidate component class: file [C:\Users\phg\source\cosmos-db-poc\target\classes\no\klp\cosmodbpoc\UserProfileApplication.class]
11:39:49.740 [main] INFO org.springframework.boot.test.context.SpringBootTestContextBootstrapper - Found @SpringBootConfiguration no.klp.cosmodbpoc.UserProfileApplication for test class no.klp.cosmodbpoc.DemoApplicationTests
11:39:49.831 [main] DEBUG org.springframework.boot.test.context.SpringBootTestContextBootstrapper - @TestExecutionListeners is not present for class [no.klp.cosmodbpoc.DemoApplicationTests]: using defaults.
11:39:49.832 [main] INFO org.springframework.boot.test.context.SpringBootTestContextBootstrapper - Loaded default TestExecutionListener class names from location [META-INF/spring.factories]: [org.springframework.boot.test.mock.mockito.MockitoTestExecutionListener, org.springframework.boot.test.mock.mockito.ResetMocksTestExecutionListener, org.springframework.boot.test.autoconfigure.restdocs.RestDocsTestExecutionListener, org.springframework.boot.test.autoconfigure.web.client.MockRestServiceServerResetTestExecutionListener, org.springframework.boot.test.autoconfigure.web.servlet.MockMvcPrintOnlyOnFailureTestExecutionListener, org.springframework.boot.test.autoconfigure.web.servlet.WebDriverTestExecutionListener, org.springframework.boot.test.autoconfigure.webservices.client.MockWebServiceServerTestExecutionListener, org.springframework.test.context.web.ServletTestExecutionListener, org.springframework.test.context.support.DirtiesContextBeforeModesTestExecutionListener, org.springframework.test.context.event.ApplicationEventsTestExecutionListener, org.springframework.test.context.support.DependencyInjectionTestExecutionListener, org.springframework.test.context.support.DirtiesContextTestExecutionListener, org.springframework.test.context.transaction.TransactionalTestExecutionListener, org.springframework.test.context.jdbc.SqlScriptsTestExecutionListener, org.springframework.test.context.event.EventPublishingTestExecutionListener]
11:39:49.855 [main] INFO org.springframework.boot.test.context.SpringBootTestContextBootstrapper - Using TestExecutionListeners: [org.springframework.test.context.web.ServletTestExecutionListener@5d9b7a8a, org.springframework.test.context.support.DirtiesContextBeforeModesTestExecutionListener@1e8ce150, org.springframework.test.context.event.ApplicationEventsTestExecutionListener@604f2bd2, org.springframework.boot.test.mock.mockito.MockitoTestExecutionListener@1d3ac898, org.springframework.boot.test.autoconfigure.SpringBootDependencyInjectionTestExecutionListener@1b73be9f, org.springframework.test.context.support.DirtiesContextTestExecutionListener@628c4ac0, org.springframework.test.context.transaction.TransactionalTestExecutionListener@7b84fcf8, org.springframework.test.context.jdbc.SqlScriptsTestExecutionListener@30b19518, org.springframework.test.context.event.EventPublishingTestExecutionListener@363042d7, org.springframework.boot.test.mock.mockito.ResetMocksTestExecutionListener@366ac49b, org.springframework.boot.test.autoconfigure.restdocs.RestDocsTestExecutionListener@6ad59d92, org.springframework.boot.test.autoconfigure.web.client.MockRestServiceServerResetTestExecutionListener@56f0cc85, org.springframework.boot.test.autoconfigure.web.servlet.MockMvcPrintOnlyOnFailureTestExecutionListener@62e20a76, org.springframework.boot.test.autoconfigure.web.servlet.WebDriverTestExecutionListener@2cc44ad, org.springframework.boot.test.autoconfigure.webservices.client.MockWebServiceServerTestExecutionListener@44b3606b]
11:39:49.858 [main] DEBUG org.springframework.test.context.support.AbstractDirtiesContextTestExecutionListener - Before test class: context [DefaultTestContext@7f36662c testClass = DemoApplicationTests, testInstance = [null], testMethod = [null], testException = [null], mergedContextConfiguration = [WebMergedContextConfiguration@28e8dde3 testClass = DemoApplicationTests, locations = '{}', classes = '{class no.klp.cosmodbpoc.UserProfileApplication}', contextInitializerClasses = '[]', activeProfiles = '{}', propertySourceLocations = '{}', propertySourceProperties = '{org.springframework.boot.test.context.SpringBootTestContextBootstrapper=true}', contextCustomizers = set[org.springframework.boot.test.context.filter.ExcludeFilterContextCustomizer@312aa7c, org.springframework.boot.test.json.DuplicateJsonObjectContextCustomizerFactory$DuplicateJsonObjectContextCustomizer@66982506, org.springframework.boot.test.mock.mockito.MockitoContextCustomizer@0, org.springframework.boot.test.web.client.TestRestTemplateContextCustomizer@43f02ef2, org.springframework.boot.test.autoconfigure.actuate.metrics.MetricsExportContextCustomizerFactory$DisableMetricExportContextCustomizer@15a34df2, org.springframework.boot.test.autoconfigure.properties.PropertyMappingContextCustomizer@0, org.springframework.boot.test.autoconfigure.web.servlet.WebDriverContextCustomizerFactory$Customizer@4d14b6c2, org.springframework.boot.test.context.SpringBootTestArgs@1, org.springframework.boot.test.context.SpringBootTestWebEnvironment@3aeaafa6], resourceBasePath = 'src/main/webapp', contextLoader = 'org.springframework.boot.test.context.SpringBootContextLoader', parent = [null]], attributes = map['org.springframework.test.context.web.ServletTestExecutionListener.activateListener' -> true]], class annotated with @DirtiesContext [false] with mode [null].

  .   ____          _            __ _ _
 /\\ / ___'_ __ _ _(_)_ __  __ _ \ \ \ \
( ( )\___ | '_ | '_| | '_ \/ _` | \ \ \ \
 \\/  ___)| |_)| | | | | || (_| |  ) ) ) )
  '  |____| .__|_| |_|_| |_\__, | / / / /
 =========|_|==============|___/=/_/_/_/
 :: Spring Boot ::                (v2.6.7)

2022-08-15 11:39:50.221  INFO 23592 --- [           main] no.klp.cosmodbpoc.DemoApplicationTests   : Starting DemoApplicationTests using Java 17 on WS2346 with PID 23592 (started by phg in C:\Users\phg\source\cosmos-db-poc)
2022-08-15 11:39:50.222  INFO 23592 --- [           main] no.klp.cosmodbpoc.DemoApplicationTests   : No active profile set, falling back to 1 default profile: "default"
2022-08-15 11:39:50.771  INFO 23592 --- [           main] .s.d.r.c.RepositoryConfigurationDelegate : Bootstrapping Spring Data cosmos repositories in DEFAULT mode.
2022-08-15 11:39:50.918  INFO 23592 --- [           main] .s.d.r.c.RepositoryConfigurationDelegate : Finished Spring Data repository scanning in 144 ms. Found 1 cosmos repository interfaces.
2022-08-15 11:39:51.368  INFO 23592 --- [           main] c.a.c.i.ImplementationBridgeHelpers      : Setting DirectConnectionConfigAccessor...
2022-08-15 11:39:51.369  INFO 23592 --- [           main] c.a.c.i.ImplementationBridgeHelpers      : Setting CosmosClientBuilderAccessor...
2022-08-15 11:39:51.847  INFO 23592 --- [           main] c.a.c.i.RxDocumentClientImpl             : Initializing DocumentClient [1] with serviceEndpoint [https://sandbox-cosmos-db-poc-account.documents.azure.com:443/], connectionPolicy [ConnectionPolicy{httpNetworkRequestTimeout=PT1M, tcpNetworkRequestTimeout=PT5S, connectionMode=DIRECT, maxConnectionPoolSize=1000, idleHttpConnectionTimeout=PT1M, idleTcpConnectionTimeout=PT0S, userAgentSuffix='az-sd-cos/3.25.0', throttlingRetryOptions=RetryOptions{maxRetryAttemptsOnThrottledRequests=9, maxRetryWaitTime=PT30S}, endpointDiscoveryEnabled=true, preferredRegions=null, multipleWriteRegionsEnabled=true, proxyType=null, inetSocketProxyAddress=null, readRequestsFallbackEnabled=true, connectTimeout=PT5S, idleTcpEndpointTimeout=PT1H, maxConnectionsPerEndpoint=130, maxRequestsPerConnection=30, tcpConnectionEndpointRediscoveryEnabled=true}], consistencyLevel [null], directModeProtocol [Tcp]
2022-08-15 11:39:52.085  INFO 23592 --- [smos-parallel-1] c.a.c.i.RxDocumentClientImpl             : Getting database account endpoint from https://sandbox-cosmos-db-poc-account.documents.azure.com:443/
2022-08-15 11:39:52.187  INFO 23592 --- [smos-parallel-1] c.a.c.i.ImplementationBridgeHelpers      : Setting CosmosDiagnosticsAccessor...
2022-08-15 11:39:52.735  INFO 23592 --- [ctor-http-nio-2] c.a.c.i.clienttelemetry.ClientTelemetry  : Client is not on azure vm
2022-08-15 11:39:52.743  INFO 23592 --- [           main] c.a.c.i.d.RntbdTransportClient           : Using default Direct TCP options: azure.cosmos.directTcp.defaultOptions
2022-08-15 11:39:52.817  INFO 23592 --- [           main] Endpoint$RntbdEndpointMonitoringProvider : Starting RntbdClientChannelPoolMonitoringProvider ...
2022-08-15 11:39:53.013  INFO 23592 --- [           main] c.a.c.i.ImplementationBridgeHelpers      : Setting CosmosAsyncDatabaseAccessor...
2022-08-15 11:39:53.556  INFO 23592 --- [     parallel-4] c.a.c.i.ImplementationBridgeHelpers      : Setting CosmosContainerPropertiesAccessor...
2022-08-15 11:39:53.568  INFO 23592 --- [     parallel-4] c.a.c.i.ImplementationBridgeHelpers      : Setting CosmosAsyncContainerAccessor...
2022-08-15 11:39:53.598  INFO 23592 --- [ctor-http-nio-3] c.a.c.i.ImplementationBridgeHelpers      : Setting CosmosExceptionAccessor...
2022-08-15 11:39:53.788  WARN 23592 --- [           main] o.s.w.c.s.GenericWebApplicationContext   : Exception encountered during context initialization - cancelling refresh attempt: org.springframework.beans.factory.UnsatisfiedDependencyException: Error creating bean with name 'userProfileResource': Unsatisfied dependency expressed through field 'userProfileRepository'; nested exception is org.springframework.beans.factory.BeanCreationException: Error creating bean with name 'userProfileRepository' defined in no.klp.cosmodbpoc.UserProfileRepository defined in @EnableReactiveCosmosRepositories declared on UserProfileConfiguration: Invocation of init method failed; nested exception is org.springframework.beans.BeanInstantiationException: Failed to instantiate [com.azure.spring.data.cosmos.repository.support.SimpleReactiveCosmosRepository]: Constructor threw exception; nested exception is com.azure.spring.data.cosmos.exception.CosmosAccessException: Failed to create container; nested exception is {"ClassName":"CosmosException","userAgent":"azsdk-java-cosmos/4.33.1 Windows10/10.0 JRE/17","statusCode":400,"resourceAddress":"https://sandbox-cosmos-db-poc-account-norwayeast.documents.azure.com:443/dbs/testdb/colls","error":"{\"code\":\"BadRequest\",\"message\":\"Setting offer throughput or autopilot on container is not supported for serverless accounts.\\r\\nActivityId: d843a0a0-cccb-4bb7-b532-4f6a1e0c7e12, Microsoft.Azure.Documents.Common/2.14.0, StatusCode: BadRequest\",\"additionalErrorInfo\":null}","innerErrorMessage":"Setting offer throughput or autopilot on container is not supported for serverless accounts.\r\nActivityId: d843a0a0-cccb-4bb7-b532-4f6a1e0c7e12, Microsoft.Azure.Documents.Common/2.14.0, StatusCode: BadRequest","causeInfo":null,"responseHeaders":"{Content-Type=application/json, Date=Mon, 15 Aug 2022 09:39:52 GMT, Server=Microsoft-HTTPAPI/2.0, Strict-Transport-Security=max-age=31536000, Transfer-Encoding=chunked, x-ms-activity-id=d843a0a0-cccb-4bb7-b532-4f6a1e0c7e12, x-ms-gatewayversion=version=2.14.0}","requestHeaders":"[Accept=application/json, x-ms-date=Mon, 15 Aug 2022 09:39:53 GMT, x-ms-offer-throughput=400, Content-Type=application/json]","cosmosDiagnostics":{"userAgent":"azsdk-java-cosmos/4.33.1 Windows10/10.0 JRE/17","activityId":"d843a0a0-cccb-4bb7-b532-4f6a1e0c7e12","requestLatencyInMs":62,"requestStartTimeUTC":"2022-08-15T09:39:53.608958500Z","requestEndTimeUTC":"2022-08-15T09:39:53.671912800Z","responseStatisticsList":[],"supplementalResponseStatisticsList":[],"addressResolutionStatistics":{},"regionsContacted":["norway east"],"retryContext":{"statusAndSubStatusCodes":null,"retryLatency":0,"retryCount":0},"metadataDiagnosticsContext":{"metadataDiagnosticList":null},"serializationDiagnosticsContext":{"serializationDiagnosticsList":[{"serializationType":"CONTAINER_SERIALIZATION","startTimeUTC":"2022-08-15T09:39:53.608958500Z","endTimeUTC":"2022-08-15T09:39:53.609960300Z","durationInMilliSecs":1.0018}]},"gatewayStatistics":{"sessionToken":null,"operationType":"Create","resourceType":"DocumentCollection","statusCode":400,"subStatusCode":0,"requestCharge":0.0,"requestTimeline":[{"eventName":"connectionCreated","startTimeUTC":"2022-08-15T09:39:53.612713100Z","durationInMilliSecs":39.0866},{"eventName":"connectionConfigured","startTimeUTC":"2022-08-15T09:39:53.651799700Z","durationInMilliSecs":0.0},{"eventName":"requestSent","startTimeUTC":"2022-08-15T09:39:53.651799700Z","durationInMilliSecs":4.5491},{"eventName":"transitTime","startTimeUTC":"2022-08-15T09:39:53.656348800Z","durationInMilliSecs":14.0832},{"eventName":"received","startTimeUTC":"2022-08-15T09:39:53.670432Z","durationInMilliSecs":0.9385}],"partitionKeyRangeId":null,"exceptionMessage":"Setting offer throughput or autopilot on container is not supported for serverless accounts.\r\nActivityId: d843a0a0-cccb-4bb7-b532-4f6a1e0c7e12, Microsoft.Azure.Documents.Common/2.14.0, StatusCode: BadRequest","exceptionResponseHeaders":"{Content-Type=application/json, Date=Mon, 15 Aug 2022 09:39:52 GMT, Server=Microsoft-HTTPAPI/2.0, Strict-Transport-Security=max-age=31536000, Transfer-Encoding=chunked, x-ms-activity-id=d843a0a0-cccb-4bb7-b532-4f6a1e0c7e12, x-ms-gatewayversion=version=2.14.0}"},"systemInformation":{"usedMemory":"55263 KB","availableMemory":"8263713 KB","systemCpuLoad":"empty","availableProcessors":8},"clientCfgs":{"id":1,"machineId":"uuid:e53a458b-00e0-4e37-a5ec-08dc74d74003","connectionMode":"DIRECT","numberOfClients":1,"connCfg":{"rntbd":"(cto:PT5S, nrto:PT5S, icto:PT0S, ieto:PT1H, mcpe:130, mrpc:30, cer:true)","gw":"(cps:1000, nrto:PT1M, icto:PT1M, p:false)","other":"(ed: true, cs: false)"},"consistencyCfg":"(consistency: null, mm: true, prgns: [])"}}}
2022-08-15 11:39:53.788  INFO 23592 --- [           main] c.a.c.i.RxDocumentClientImpl             : Attempting to close client 1
2022-08-15 11:39:53.788  INFO 23592 --- [           main] c.a.c.i.RxDocumentClientImpl             : Shutting down ...
2022-08-15 11:39:53.788  INFO 23592 --- [           main] c.a.c.i.RxDocumentClientImpl             : Closing Global Endpoint Manager ...
2022-08-15 11:39:53.789  INFO 23592 --- [           main] c.a.c.i.RxDocumentClientImpl             : Closing StoreClientFactory ...
2022-08-15 11:39:53.789  INFO 23592 --- [           main] Endpoint$RntbdEndpointMonitoringProvider : Shutting down RntbdClientChannelPoolMonitoringProvider ...
2022-08-15 11:39:53.797  INFO 23592 --- [           main] c.a.c.i.RxDocumentClientImpl             : Shutting down reactorHttpClient ...
2022-08-15 11:39:53.801  INFO 23592 --- [           main] c.a.c.i.RxDocumentClientImpl             : Shutting down CpuMonitor ...
2022-08-15 11:39:53.801  INFO 23592 --- [           main] c.a.c.i.RxDocumentClientImpl             : Shutting down completed.
2022-08-15 11:39:53.811  INFO 23592 --- [           main] ConditionEvaluationReportLoggingListener : 

Error starting ApplicationContext. To display the conditions report re-run your application with 'debug' enabled.
2022-08-15 11:39:53.856 ERROR 23592 --- [           main] o.s.boot.SpringApplication               : Application run failed

org.springframework.beans.factory.UnsatisfiedDependencyException: Error creating bean with name 'userProfileResource': Unsatisfied dependency expressed through field 'userProfileRepository'; nested exception is org.springframework.beans.factory.BeanCreationException: Error creating bean with name 'userProfileRepository' defined in no.klp.cosmodbpoc.UserProfileRepository defined in @EnableReactiveCosmosRepositories declared on UserProfileConfiguration: Invocation of init method failed; nested exception is org.springframework.beans.BeanInstantiationException: Failed to instantiate [com.azure.spring.data.cosmos.repository.support.SimpleReactiveCosmosRepository]: Constructor threw exception; nested exception is com.azure.spring.data.cosmos.exception.CosmosAccessException: Failed to create container; nested exception is {"ClassName":"CosmosException","userAgent":"azsdk-java-cosmos/4.33.1 Windows10/10.0 JRE/17","statusCode":400,"resourceAddress":"https://sandbox-cosmos-db-poc-account-norwayeast.documents.azure.com:443/dbs/testdb/colls","error":"{\"code\":\"BadRequest\",\"message\":\"Setting offer throughput or autopilot on container is not supported for serverless accounts.\\r\\nActivityId: d843a0a0-cccb-4bb7-b532-4f6a1e0c7e12, Microsoft.Azure.Documents.Common/2.14.0, StatusCode: BadRequest\",\"additionalErrorInfo\":null}","innerErrorMessage":"Setting offer throughput or autopilot on container is not supported for serverless accounts.\r\nActivityId: d843a0a0-cccb-4bb7-b532-4f6a1e0c7e12, Microsoft.Azure.Documents.Common/2.14.0, StatusCode: BadRequest","causeInfo":null,"responseHeaders":"{Content-Type=application/json, Date=Mon, 15 Aug 2022 09:39:52 GMT, Server=Microsoft-HTTPAPI/2.0, Strict-Transport-Security=max-age=31536000, Transfer-Encoding=chunked, x-ms-activity-id=d843a0a0-cccb-4bb7-b532-4f6a1e0c7e12, x-ms-gatewayversion=version=2.14.0}","requestHeaders":"[Accept=application/json, x-ms-date=Mon, 15 Aug 2022 09:39:53 GMT, x-ms-offer-throughput=400, Content-Type=application/json]","cosmosDiagnostics":{"userAgent":"azsdk-java-cosmos/4.33.1 Windows10/10.0 JRE/17","activityId":"d843a0a0-cccb-4bb7-b532-4f6a1e0c7e12","requestLatencyInMs":62,"requestStartTimeUTC":"2022-08-15T09:39:53.608958500Z","requestEndTimeUTC":"2022-08-15T09:39:53.671912800Z","responseStatisticsList":[],"supplementalResponseStatisticsList":[],"addressResolutionStatistics":{},"regionsContacted":["norway east"],"retryContext":{"statusAndSubStatusCodes":null,"retryLatency":0,"retryCount":0},"metadataDiagnosticsContext":{"metadataDiagnosticList":null},"serializationDiagnosticsContext":{"serializationDiagnosticsList":[{"serializationType":"CONTAINER_SERIALIZATION","startTimeUTC":"2022-08-15T09:39:53.608958500Z","endTimeUTC":"2022-08-15T09:39:53.609960300Z","durationInMilliSecs":1.0018}]},"gatewayStatistics":{"sessionToken":null,"operationType":"Create","resourceType":"DocumentCollection","statusCode":400,"subStatusCode":0,"requestCharge":0.0,"requestTimeline":[{"eventName":"connectionCreated","startTimeUTC":"2022-08-15T09:39:53.612713100Z","durationInMilliSecs":39.0866},{"eventName":"connectionConfigured","startTimeUTC":"2022-08-15T09:39:53.651799700Z","durationInMilliSecs":0.0},{"eventName":"requestSent","startTimeUTC":"2022-08-15T09:39:53.651799700Z","durationInMilliSecs":4.5491},{"eventName":"transitTime","startTimeUTC":"2022-08-15T09:39:53.656348800Z","durationInMilliSecs":14.0832},{"eventName":"received","startTimeUTC":"2022-08-15T09:39:53.670432Z","durationInMilliSecs":0.9385}],"partitionKeyRangeId":null,"exceptionMessage":"Setting offer throughput or autopilot on container is not supported for serverless accounts.\r\nActivityId: d843a0a0-cccb-4bb7-b532-4f6a1e0c7e12, Microsoft.Azure.Documents.Common/2.14.0, StatusCode: BadRequest","exceptionResponseHeaders":"{Content-Type=application/json, Date=Mon, 15 Aug 2022 09:39:52 GMT, Server=Microsoft-HTTPAPI/2.0, Strict-Transport-Security=max-age=31536000, Transfer-Encoding=chunked, x-ms-activity-id=d843a0a0-cccb-4bb7-b532-4f6a1e0c7e12, x-ms-gatewayversion=version=2.14.0}"},"systemInformation":{"usedMemory":"63455 KB","availableMemory":"8255521 KB","systemCpuLoad":"empty","availableProcessors":8},"clientCfgs":{"id":1,"machineId":"uuid:e53a458b-00e0-4e37-a5ec-08dc74d74003","connectionMode":"DIRECT","numberOfClients":0,"connCfg":{"rntbd":"(cto:PT5S, nrto:PT5S, icto:PT0S, ieto:PT1H, mcpe:130, mrpc:30, cer:true)","gw":"(cps:1000, nrto:PT1M, icto:PT1M, p:false)","other":"(ed: true, cs: false)"},"consistencyCfg":"(consistency: null, mm: true, prgns: [])"}}}
	at org.springframework.beans.factory.annotation.AutowiredAnnotationBeanPostProcessor$AutowiredFieldElement.resolveFieldValue(AutowiredAnnotationBeanPostProcessor.java:659) ~[spring-beans-5.3.19.jar:5.3.19]
	at org.springframework.beans.factory.annotation.AutowiredAnnotationBeanPostProcessor$AutowiredFieldElement.inject(AutowiredAnnotationBeanPostProcessor.java:639) ~[spring-beans-5.3.19.jar:5.3.19]
	at org.springframework.beans.factory.annotation.InjectionMetadata.inject(InjectionMetadata.java:119) ~[spring-beans-5.3.19.jar:5.3.19]
	at org.springframework.beans.factory.annotation.AutowiredAnnotationBeanPostProcessor.postProcessProperties(AutowiredAnnotationBeanPostProcessor.java:399) ~[spring-beans-5.3.19.jar:5.3.19]
	at org.springframework.beans.factory.support.AbstractAutowireCapableBeanFactory.populateBean(AbstractAutowireCapableBeanFactory.java:1431) ~[spring-beans-5.3.19.jar:5.3.19]
	at org.springframework.beans.factory.support.AbstractAutowireCapableBeanFactory.doCreateBean(AbstractAutowireCapableBeanFactory.java:619) ~[spring-beans-5.3.19.jar:5.3.19]
	at org.springframework.beans.factory.support.AbstractAutowireCapableBeanFactory.createBean(AbstractAutowireCapableBeanFactory.java:542) ~[spring-beans-5.3.19.jar:5.3.19]
	at org.springframework.beans.factory.support.AbstractBeanFactory.lambda$doGetBean$0(AbstractBeanFactory.java:335) ~[spring-beans-5.3.19.jar:5.3.19]
	at org.springframework.beans.factory.support.DefaultSingletonBeanRegistry.getSingleton(DefaultSingletonBeanRegistry.java:234) ~[spring-beans-5.3.19.jar:5.3.19]
	at org.springframework.beans.factory.support.AbstractBeanFactory.doGetBean(AbstractBeanFactory.java:333) ~[spring-beans-5.3.19.jar:5.3.19]
	at org.springframework.beans.factory.support.AbstractBeanFactory.getBean(AbstractBeanFactory.java:208) ~[spring-beans-5.3.19.jar:5.3.19]
	at org.springframework.beans.factory.support.DefaultListableBeanFactory.preInstantiateSingletons(DefaultListableBeanFactory.java:953) ~[spring-beans-5.3.19.jar:5.3.19]
	at org.springframework.context.support.AbstractApplicationContext.finishBeanFactoryInitialization(AbstractApplicationContext.java:918) ~[spring-context-5.3.19.jar:5.3.19]
	at org.springframework.context.support.AbstractApplicationContext.refresh(AbstractApplicationContext.java:583) ~[spring-context-5.3.19.jar:5.3.19]
	at org.springframework.boot.SpringApplication.refresh(SpringApplication.java:740) ~[spring-boot-2.6.7.jar:2.6.7]
	at org.springframework.boot.SpringApplication.refreshContext(SpringApplication.java:415) ~[spring-boot-2.6.7.jar:2.6.7]
	at org.springframework.boot.SpringApplication.run(SpringApplication.java:303) ~[spring-boot-2.6.7.jar:2.6.7]
	at org.springframework.boot.test.context.SpringBootContextLoader.loadContext(SpringBootContextLoader.java:144) ~[spring-boot-test-2.6.7.jar:2.6.7]
	at org.springframework.test.context.cache.DefaultCacheAwareContextLoaderDelegate.loadContextInternal(DefaultCacheAwareContextLoaderDelegate.java:99) ~[spring-test-5.3.19.jar:5.3.19]
	at org.springframework.test.context.cache.DefaultCacheAwareContextLoaderDelegate.loadContext(DefaultCacheAwareContextLoaderDelegate.java:124) ~[spring-test-5.3.19.jar:5.3.19]
	at org.springframework.test.context.support.DefaultTestContext.getApplicationContext(DefaultTestContext.java:124) ~[spring-test-5.3.19.jar:5.3.19]
	at org.springframework.test.context.web.ServletTestExecutionListener.setUpRequestContextIfNecessary(ServletTestExecutionListener.java:190) ~[spring-test-5.3.19.jar:5.3.19]
	at org.springframework.test.context.web.ServletTestExecutionListener.prepareTestInstance(ServletTestExecutionListener.java:132) ~[spring-test-5.3.19.jar:5.3.19]
	at org.springframework.test.context.TestContextManager.prepareTestInstance(TestContextManager.java:248) ~[spring-test-5.3.19.jar:5.3.19]
	at org.springframework.test.context.junit.jupiter.SpringExtension.postProcessTestInstance(SpringExtension.java:138) ~[spring-test-5.3.19.jar:5.3.19]
	at org.junit.jupiter.engine.descriptor.ClassBasedTestDescriptor.lambda$invokeTestInstancePostProcessors$8(ClassBasedTestDescriptor.java:363) ~[junit-jupiter-engine-5.8.2.jar:5.8.2]
	at org.junit.jupiter.engine.descriptor.ClassBasedTestDescriptor.executeAndMaskThrowable(ClassBasedTestDescriptor.java:368) ~[junit-jupiter-engine-5.8.2.jar:5.8.2]
	at org.junit.jupiter.engine.descriptor.ClassBasedTestDescriptor.lambda$invokeTestInstancePostProcessors$9(ClassBasedTestDescriptor.java:363) ~[junit-jupiter-engine-5.8.2.jar:5.8.2]
	at java.base/java.util.stream.ReferencePipeline$3$1.accept(ReferencePipeline.java:197) ~[na:na]
	at java.base/java.util.stream.ReferencePipeline$2$1.accept(ReferencePipeline.java:179) ~[na:na]
	at java.base/java.util.ArrayList$ArrayListSpliterator.forEachRemaining(ArrayList.java:1625) ~[na:na]
	at java.base/java.util.stream.AbstractPipeline.copyInto(AbstractPipeline.java:509) ~[na:na]
	at java.base/java.util.stream.AbstractPipeline.wrapAndCopyInto(AbstractPipeline.java:499) ~[na:na]
	at java.base/java.util.stream.StreamSpliterators$WrappingSpliterator.forEachRemaining(StreamSpliterators.java:310) ~[na:na]
	at java.base/java.util.stream.Streams$ConcatSpliterator.forEachRemaining(Streams.java:735) ~[na:na]
	at java.base/java.util.stream.Streams$ConcatSpliterator.forEachRemaining(Streams.java:734) ~[na:na]
	at java.base/java.util.stream.ReferencePipeline$Head.forEach(ReferencePipeline.java:762) ~[na:na]
	at org.junit.jupiter.engine.descriptor.ClassBasedTestDescriptor.invokeTestInstancePostProcessors(ClassBasedTestDescriptor.java:362) ~[junit-jupiter-engine-5.8.2.jar:5.8.2]
	at org.junit.jupiter.engine.descriptor.ClassBasedTestDescriptor.lambda$instantiateAndPostProcessTestInstance$6(ClassBasedTestDescriptor.java:283) ~[junit-jupiter-engine-5.8.2.jar:5.8.2]
	at org.junit.platform.engine.support.hierarchical.ThrowableCollector.execute(ThrowableCollector.java:73) ~[junit-platform-engine-1.8.2.jar:1.8.2]
	at org.junit.jupiter.engine.descriptor.ClassBasedTestDescriptor.instantiateAndPostProcessTestInstance(ClassBasedTestDescriptor.java:282) ~[junit-jupiter-engine-5.8.2.jar:5.8.2]
	at org.junit.jupiter.engine.descriptor.ClassBasedTestDescriptor.lambda$testInstancesProvider$4(ClassBasedTestDescriptor.java:272) ~[junit-jupiter-engine-5.8.2.jar:5.8.2]
	at java.base/java.util.Optional.orElseGet(Optional.java:364) ~[na:na]
	at org.junit.jupiter.engine.descriptor.ClassBasedTestDescriptor.lambda$testInstancesProvider$5(ClassBasedTestDescriptor.java:271) ~[junit-jupiter-engine-5.8.2.jar:5.8.2]
	at org.junit.jupiter.engine.execution.TestInstancesProvider.getTestInstances(TestInstancesProvider.java:31) ~[junit-jupiter-engine-5.8.2.jar:5.8.2]
	at org.junit.jupiter.engine.descriptor.TestMethodTestDescriptor.lambda$prepare$0(TestMethodTestDescriptor.java:102) ~[junit-jupiter-engine-5.8.2.jar:5.8.2]
	at org.junit.platform.engine.support.hierarchical.ThrowableCollector.execute(ThrowableCollector.java:73) ~[junit-platform-engine-1.8.2.jar:1.8.2]
	at org.junit.jupiter.engine.descriptor.TestMethodTestDescriptor.prepare(TestMethodTestDescriptor.java:101) ~[junit-jupiter-engine-5.8.2.jar:5.8.2]
	at org.junit.jupiter.engine.descriptor.TestMethodTestDescriptor.prepare(TestMethodTestDescriptor.java:66) ~[junit-jupiter-engine-5.8.2.jar:5.8.2]
	at org.junit.platform.engine.support.hierarchical.NodeTestTask.lambda$prepare$2(NodeTestTask.java:123) ~[junit-platform-engine-1.8.2.jar:1.8.2]
	at org.junit.platform.engine.support.hierarchical.ThrowableCollector.execute(ThrowableCollector.java:73) ~[junit-platform-engine-1.8.2.jar:1.8.2]
	at org.junit.platform.engine.support.hierarchical.NodeTestTask.prepare(NodeTestTask.java:123) ~[junit-platform-engine-1.8.2.jar:1.8.2]
	at org.junit.platform.engine.support.hierarchical.NodeTestTask.execute(NodeTestTask.java:90) ~[junit-platform-engine-1.8.2.jar:1.8.2]
	at java.base/java.util.ArrayList.forEach(ArrayList.java:1511) ~[na:na]
	at org.junit.platform.engine.support.hierarchical.SameThreadHierarchicalTestExecutorService.invokeAll(SameThreadHierarchicalTestExecutorService.java:41) ~[junit-platform-engine-1.8.2.jar:1.8.2]
	at org.junit.platform.engine.support.hierarchical.NodeTestTask.lambda$executeRecursively$6(NodeTestTask.java:155) ~[junit-platform-engine-1.8.2.jar:1.8.2]
	at org.junit.platform.engine.support.hierarchical.ThrowableCollector.execute(ThrowableCollector.java:73) ~[junit-platform-engine-1.8.2.jar:1.8.2]
	at org.junit.platform.engine.support.hierarchical.NodeTestTask.lambda$executeRecursively$8(NodeTestTask.java:141) ~[junit-platform-engine-1.8.2.jar:1.8.2]
	at org.junit.platform.engine.support.hierarchical.Node.around(Node.java:137) ~[junit-platform-engine-1.8.2.jar:1.8.2]
	at org.junit.platform.engine.support.hierarchical.NodeTestTask.lambda$executeRecursively$9(NodeTestTask.java:139) ~[junit-platform-engine-1.8.2.jar:1.8.2]
	at org.junit.platform.engine.support.hierarchical.ThrowableCollector.execute(ThrowableCollector.java:73) ~[junit-platform-engine-1.8.2.jar:1.8.2]
	at org.junit.platform.engine.support.hierarchical.NodeTestTask.executeRecursively(NodeTestTask.java:138) ~[junit-platform-engine-1.8.2.jar:1.8.2]
	at org.junit.platform.engine.support.hierarchical.NodeTestTask.execute(NodeTestTask.java:95) ~[junit-platform-engine-1.8.2.jar:1.8.2]
	at java.base/java.util.ArrayList.forEach(ArrayList.java:1511) ~[na:na]
	at org.junit.platform.engine.support.hierarchical.SameThreadHierarchicalTestExecutorService.invokeAll(SameThreadHierarchicalTestExecutorService.java:41) ~[junit-platform-engine-1.8.2.jar:1.8.2]
	at org.junit.platform.engine.support.hierarchical.NodeTestTask.lambda$executeRecursively$6(NodeTestTask.java:155) ~[junit-platform-engine-1.8.2.jar:1.8.2]
	at org.junit.platform.engine.support.hierarchical.ThrowableCollector.execute(ThrowableCollector.java:73) ~[junit-platform-engine-1.8.2.jar:1.8.2]
	at org.junit.platform.engine.support.hierarchical.NodeTestTask.lambda$executeRecursively$8(NodeTestTask.java:141) ~[junit-platform-engine-1.8.2.jar:1.8.2]
	at org.junit.platform.engine.support.hierarchical.Node.around(Node.java:137) ~[junit-platform-engine-1.8.2.jar:1.8.2]
	at org.junit.platform.engine.support.hierarchical.NodeTestTask.lambda$executeRecursively$9(NodeTestTask.java:139) ~[junit-platform-engine-1.8.2.jar:1.8.2]
	at org.junit.platform.engine.support.hierarchical.ThrowableCollector.execute(ThrowableCollector.java:73) ~[junit-platform-engine-1.8.2.jar:1.8.2]
	at org.junit.platform.engine.support.hierarchical.NodeTestTask.executeRecursively(NodeTestTask.java:138) ~[junit-platform-engine-1.8.2.jar:1.8.2]
	at org.junit.platform.engine.support.hierarchical.NodeTestTask.execute(NodeTestTask.java:95) ~[junit-platform-engine-1.8.2.jar:1.8.2]
	at org.junit.platform.engine.support.hierarchical.SameThreadHierarchicalTestExecutorService.submit(SameThreadHierarchicalTestExecutorService.java:35) ~[junit-platform-engine-1.8.2.jar:1.8.2]
	at org.junit.platform.engine.support.hierarchical.HierarchicalTestExecutor.execute(HierarchicalTestExecutor.java:57) ~[junit-platform-engine-1.8.2.jar:1.8.2]
	at org.junit.platform.engine.support.hierarchical.HierarchicalTestEngine.execute(HierarchicalTestEngine.java:54) ~[junit-platform-engine-1.8.2.jar:1.8.2]
	at org.junit.platform.launcher.core.DefaultLauncher.execute(DefaultLauncher.java:220) ~[junit-platform-launcher-1.3.1.jar:1.3.1]
	at org.junit.platform.launcher.core.DefaultLauncher.lambda$execute$6(DefaultLauncher.java:188) ~[junit-platform-launcher-1.3.1.jar:1.3.1]
	at org.junit.platform.launcher.core.DefaultLauncher.withInterceptedStreams(DefaultLauncher.java:202) ~[junit-platform-launcher-1.3.1.jar:1.3.1]
	at org.junit.platform.launcher.core.DefaultLauncher.execute(DefaultLauncher.java:181) ~[junit-platform-launcher-1.3.1.jar:1.3.1]
	at org.junit.platform.launcher.core.DefaultLauncher.execute(DefaultLauncher.java:128) ~[junit-platform-launcher-1.3.1.jar:1.3.1]
	at org.apache.maven.surefire.junitplatform.JUnitPlatformProvider.invokeAllTests(JUnitPlatformProvider.java:150) ~[surefire-junit-platform-2.22.2.jar:2.22.2]
	at org.apache.maven.surefire.junitplatform.JUnitPlatformProvider.invoke(JUnitPlatformProvider.java:124) ~[surefire-junit-platform-2.22.2.jar:2.22.2]
	at org.apache.maven.surefire.booter.ForkedBooter.invokeProviderInSameClassLoader(ForkedBooter.java:384) ~[surefire-booter-2.22.2.jar:2.22.2]
	at org.apache.maven.surefire.booter.ForkedBooter.runSuitesInProcess(ForkedBooter.java:345) ~[surefire-booter-2.22.2.jar:2.22.2]
	at org.apache.maven.surefire.booter.ForkedBooter.execute(ForkedBooter.java:126) ~[surefire-booter-2.22.2.jar:2.22.2]
	at org.apache.maven.surefire.booter.ForkedBooter.main(ForkedBooter.java:418) ~[surefire-booter-2.22.2.jar:2.22.2]
Caused by: org.springframework.beans.factory.BeanCreationException: Error creating bean with name 'userProfileRepository' defined in no.klp.cosmodbpoc.UserProfileRepository defined in @EnableReactiveCosmosRepositories declared on UserProfileConfiguration: Invocation of init method failed; nested exception is org.springframework.beans.BeanInstantiationException: Failed to instantiate [com.azure.spring.data.cosmos.repository.support.SimpleReactiveCosmosRepository]: Constructor threw exception; nested exception is com.azure.spring.data.cosmos.exception.CosmosAccessException: Failed to create container; nested exception is {"ClassName":"CosmosException","userAgent":"azsdk-java-cosmos/4.33.1 Windows10/10.0 JRE/17","statusCode":400,"resourceAddress":"https://sandbox-cosmos-db-poc-account-norwayeast.documents.azure.com:443/dbs/testdb/colls","error":"{\"code\":\"BadRequest\",\"message\":\"Setting offer throughput or autopilot on container is not supported for serverless accounts.\\r\\nActivityId: d843a0a0-cccb-4bb7-b532-4f6a1e0c7e12, Microsoft.Azure.Documents.Common/2.14.0, StatusCode: BadRequest\",\"additionalErrorInfo\":null}","innerErrorMessage":"Setting offer throughput or autopilot on container is not supported for serverless accounts.\r\nActivityId: d843a0a0-cccb-4bb7-b532-4f6a1e0c7e12, Microsoft.Azure.Documents.Common/2.14.0, StatusCode: BadRequest","causeInfo":null,"responseHeaders":"{Content-Type=application/json, Date=Mon, 15 Aug 2022 09:39:52 GMT, Server=Microsoft-HTTPAPI/2.0, Strict-Transport-Security=max-age=31536000, Transfer-Encoding=chunked, x-ms-activity-id=d843a0a0-cccb-4bb7-b532-4f6a1e0c7e12, x-ms-gatewayversion=version=2.14.0}","requestHeaders":"[Accept=application/json, x-ms-date=Mon, 15 Aug 2022 09:39:53 GMT, x-ms-offer-throughput=400, Content-Type=application/json]","cosmosDiagnostics":{"userAgent":"azsdk-java-cosmos/4.33.1 Windows10/10.0 JRE/17","activityId":"d843a0a0-cccb-4bb7-b532-4f6a1e0c7e12","requestLatencyInMs":62,"requestStartTimeUTC":"2022-08-15T09:39:53.608958500Z","requestEndTimeUTC":"2022-08-15T09:39:53.671912800Z","responseStatisticsList":[],"supplementalResponseStatisticsList":[],"addressResolutionStatistics":{},"regionsContacted":["norway east"],"retryContext":{"statusAndSubStatusCodes":null,"retryLatency":0,"retryCount":0},"metadataDiagnosticsContext":{"metadataDiagnosticList":null},"serializationDiagnosticsContext":{"serializationDiagnosticsList":[{"serializationType":"CONTAINER_SERIALIZATION","startTimeUTC":"2022-08-15T09:39:53.608958500Z","endTimeUTC":"2022-08-15T09:39:53.609960300Z","durationInMilliSecs":1.0018}]},"gatewayStatistics":{"sessionToken":null,"operationType":"Create","resourceType":"DocumentCollection","statusCode":400,"subStatusCode":0,"requestCharge":0.0,"requestTimeline":[{"eventName":"connectionCreated","startTimeUTC":"2022-08-15T09:39:53.612713100Z","durationInMilliSecs":39.0866},{"eventName":"connectionConfigured","startTimeUTC":"2022-08-15T09:39:53.651799700Z","durationInMilliSecs":0.0},{"eventName":"requestSent","startTimeUTC":"2022-08-15T09:39:53.651799700Z","durationInMilliSecs":4.5491},{"eventName":"transitTime","startTimeUTC":"2022-08-15T09:39:53.656348800Z","durationInMilliSecs":14.0832},{"eventName":"received","startTimeUTC":"2022-08-15T09:39:53.670432Z","durationInMilliSecs":0.9385}],"partitionKeyRangeId":null,"exceptionMessage":"Setting offer throughput or autopilot on container is not supported for serverless accounts.\r\nActivityId: d843a0a0-cccb-4bb7-b532-4f6a1e0c7e12, Microsoft.Azure.Documents.Common/2.14.0, StatusCode: BadRequest","exceptionResponseHeaders":"{Content-Type=application/json, Date=Mon, 15 Aug 2022 09:39:52 GMT, Server=Microsoft-HTTPAPI/2.0, Strict-Transport-Security=max-age=31536000, Transfer-Encoding=chunked, x-ms-activity-id=d843a0a0-cccb-4bb7-b532-4f6a1e0c7e12, x-ms-gatewayversion=version=2.14.0}"},"systemInformation":{"usedMemory":"63455 KB","availableMemory":"8255521 KB","systemCpuLoad":"empty","availableProcessors":8},"clientCfgs":{"id":1,"machineId":"uuid:e53a458b-00e0-4e37-a5ec-08dc74d74003","connectionMode":"DIRECT","numberOfClients":0,"connCfg":{"rntbd":"(cto:PT5S, nrto:PT5S, icto:PT0S, ieto:PT1H, mcpe:130, mrpc:30, cer:true)","gw":"(cps:1000, nrto:PT1M, icto:PT1M, p:false)","other":"(ed: true, cs: false)"},"consistencyCfg":"(consistency: null, mm: true, prgns: [])"}}}
	at org.springframework.beans.factory.support.AbstractAutowireCapableBeanFactory.initializeBean(AbstractAutowireCapableBeanFactory.java:1804) ~[spring-beans-5.3.19.jar:5.3.19]
	at org.springframework.beans.factory.support.AbstractAutowireCapableBeanFactory.doCreateBean(AbstractAutowireCapableBeanFactory.java:620) ~[spring-beans-5.3.19.jar:5.3.19]
	at org.springframework.beans.factory.support.AbstractAutowireCapableBeanFactory.createBean(AbstractAutowireCapableBeanFactory.java:542) ~[spring-beans-5.3.19.jar:5.3.19]
	at org.springframework.beans.factory.support.AbstractBeanFactory.lambda$doGetBean$0(AbstractBeanFactory.java:335) ~[spring-beans-5.3.19.jar:5.3.19]
	at org.springframework.beans.factory.support.DefaultSingletonBeanRegistry.getSingleton(DefaultSingletonBeanRegistry.java:234) ~[spring-beans-5.3.19.jar:5.3.19]
	at org.springframework.beans.factory.support.AbstractBeanFactory.doGetBean(AbstractBeanFactory.java:333) ~[spring-beans-5.3.19.jar:5.3.19]
	at org.springframework.beans.factory.support.AbstractBeanFactory.getBean(AbstractBeanFactory.java:208) ~[spring-beans-5.3.19.jar:5.3.19]
	at org.springframework.beans.factory.config.DependencyDescriptor.resolveCandidate(DependencyDescriptor.java:276) ~[spring-beans-5.3.19.jar:5.3.19]
	at org.springframework.beans.factory.support.DefaultListableBeanFactory.doResolveDependency(DefaultListableBeanFactory.java:1389) ~[spring-beans-5.3.19.jar:5.3.19]
	at org.springframework.beans.factory.support.DefaultListableBeanFactory.resolveDependency(DefaultListableBeanFactory.java:1309) ~[spring-beans-5.3.19.jar:5.3.19]
	at org.springframework.beans.factory.annotation.AutowiredAnnotationBeanPostProcessor$AutowiredFieldElement.resolveFieldValue(AutowiredAnnotationBeanPostProcessor.java:656) ~[spring-beans-5.3.19.jar:5.3.19]
	... 86 common frames omitted
Caused by: org.springframework.beans.BeanInstantiationException: Failed to instantiate [com.azure.spring.data.cosmos.repository.support.SimpleReactiveCosmosRepository]: Constructor threw exception; nested exception is com.azure.spring.data.cosmos.exception.CosmosAccessException: Failed to create container; nested exception is {"ClassName":"CosmosException","userAgent":"azsdk-java-cosmos/4.33.1 Windows10/10.0 JRE/17","statusCode":400,"resourceAddress":"https://sandbox-cosmos-db-poc-account-norwayeast.documents.azure.com:443/dbs/testdb/colls","error":"{\"code\":\"BadRequest\",\"message\":\"Setting offer throughput or autopilot on container is not supported for serverless accounts.\\r\\nActivityId: d843a0a0-cccb-4bb7-b532-4f6a1e0c7e12, Microsoft.Azure.Documents.Common/2.14.0, StatusCode: BadRequest\",\"additionalErrorInfo\":null}","innerErrorMessage":"Setting offer throughput or autopilot on container is not supported for serverless accounts.\r\nActivityId: d843a0a0-cccb-4bb7-b532-4f6a1e0c7e12, Microsoft.Azure.Documents.Common/2.14.0, StatusCode: BadRequest","causeInfo":null,"responseHeaders":"{Content-Type=application/json, Date=Mon, 15 Aug 2022 09:39:52 GMT, Server=Microsoft-HTTPAPI/2.0, Strict-Transport-Security=max-age=31536000, Transfer-Encoding=chunked, x-ms-activity-id=d843a0a0-cccb-4bb7-b532-4f6a1e0c7e12, x-ms-gatewayversion=version=2.14.0}","requestHeaders":"[Accept=application/json, x-ms-date=Mon, 15 Aug 2022 09:39:53 GMT, x-ms-offer-throughput=400, Content-Type=application/json]","cosmosDiagnostics":{"userAgent":"azsdk-java-cosmos/4.33.1 Windows10/10.0 JRE/17","activityId":"d843a0a0-cccb-4bb7-b532-4f6a1e0c7e12","requestLatencyInMs":62,"requestStartTimeUTC":"2022-08-15T09:39:53.608958500Z","requestEndTimeUTC":"2022-08-15T09:39:53.671912800Z","responseStatisticsList":[],"supplementalResponseStatisticsList":[],"addressResolutionStatistics":{},"regionsContacted":["norway east"],"retryContext":{"statusAndSubStatusCodes":null,"retryLatency":0,"retryCount":0},"metadataDiagnosticsContext":{"metadataDiagnosticList":null},"serializationDiagnosticsContext":{"serializationDiagnosticsList":[{"serializationType":"CONTAINER_SERIALIZATION","startTimeUTC":"2022-08-15T09:39:53.608958500Z","endTimeUTC":"2022-08-15T09:39:53.609960300Z","durationInMilliSecs":1.0018}]},"gatewayStatistics":{"sessionToken":null,"operationType":"Create","resourceType":"DocumentCollection","statusCode":400,"subStatusCode":0,"requestCharge":0.0,"requestTimeline":[{"eventName":"connectionCreated","startTimeUTC":"2022-08-15T09:39:53.612713100Z","durationInMilliSecs":39.0866},{"eventName":"connectionConfigured","startTimeUTC":"2022-08-15T09:39:53.651799700Z","durationInMilliSecs":0.0},{"eventName":"requestSent","startTimeUTC":"2022-08-15T09:39:53.651799700Z","durationInMilliSecs":4.5491},{"eventName":"transitTime","startTimeUTC":"2022-08-15T09:39:53.656348800Z","durationInMilliSecs":14.0832},{"eventName":"received","startTimeUTC":"2022-08-15T09:39:53.670432Z","durationInMilliSecs":0.9385}],"partitionKeyRangeId":null,"exceptionMessage":"Setting offer throughput or autopilot on container is not supported for serverless accounts.\r\nActivityId: d843a0a0-cccb-4bb7-b532-4f6a1e0c7e12, Microsoft.Azure.Documents.Common/2.14.0, StatusCode: BadRequest","exceptionResponseHeaders":"{Content-Type=application/json, Date=Mon, 15 Aug 2022 09:39:52 GMT, Server=Microsoft-HTTPAPI/2.0, Strict-Transport-Security=max-age=31536000, Transfer-Encoding=chunked, x-ms-activity-id=d843a0a0-cccb-4bb7-b532-4f6a1e0c7e12, x-ms-gatewayversion=version=2.14.0}"},"systemInformation":{"usedMemory":"63455 KB","availableMemory":"8255521 KB","systemCpuLoad":"empty","availableProcessors":8},"clientCfgs":{"id":1,"machineId":"uuid:e53a458b-00e0-4e37-a5ec-08dc74d74003","connectionMode":"DIRECT","numberOfClients":0,"connCfg":{"rntbd":"(cto:PT5S, nrto:PT5S, icto:PT0S, ieto:PT1H, mcpe:130, mrpc:30, cer:true)","gw":"(cps:1000, nrto:PT1M, icto:PT1M, p:false)","other":"(ed: true, cs: false)"},"consistencyCfg":"(consistency: null, mm: true, prgns: [])"}}}
	at org.springframework.beans.BeanUtils.instantiateClass(BeanUtils.java:224) ~[spring-beans-5.3.19.jar:5.3.19]
	at org.springframework.data.repository.core.support.RepositoryFactorySupport.lambda$instantiateClass$5(RepositoryFactorySupport.java:578) ~[spring-data-commons-2.6.4.jar:2.6.4]
	at java.base/java.util.Optional.map(Optional.java:260) ~[na:na]
	at org.springframework.data.repository.core.support.RepositoryFactorySupport.instantiateClass(RepositoryFactorySupport.java:578) ~[spring-data-commons-2.6.4.jar:2.6.4]
	at org.springframework.data.repository.core.support.RepositoryFactorySupport.getTargetRepositoryViaReflection(RepositoryFactorySupport.java:543) ~[spring-data-commons-2.6.4.jar:2.6.4]
	at com.azure.spring.data.cosmos.repository.support.ReactiveCosmosRepositoryFactory.getTargetRepository(ReactiveCosmosRepositoryFactory.java:48) ~[azure-spring-data-cosmos-3.25.0.jar:3.25.0]
	at org.springframework.data.repository.core.support.RepositoryFactorySupport.getRepository(RepositoryFactorySupport.java:324) ~[spring-data-commons-2.6.4.jar:2.6.4]
	at org.springframework.data.repository.core.support.RepositoryFactoryBeanSupport.lambda$afterPropertiesSet$5(RepositoryFactoryBeanSupport.java:322) ~[spring-data-commons-2.6.4.jar:2.6.4]
	at org.springframework.data.util.Lazy.getNullable(Lazy.java:230) ~[spring-data-commons-2.6.4.jar:2.6.4]
	at org.springframework.data.util.Lazy.get(Lazy.java:114) ~[spring-data-commons-2.6.4.jar:2.6.4]
	at org.springframework.data.repository.core.support.RepositoryFactoryBeanSupport.afterPropertiesSet(RepositoryFactoryBeanSupport.java:328) ~[spring-data-commons-2.6.4.jar:2.6.4]
	at com.azure.spring.data.cosmos.repository.support.ReactiveCosmosRepositoryFactoryBean.afterPropertiesSet(ReactiveCosmosRepositoryFactoryBean.java:64) ~[azure-spring-data-cosmos-3.25.0.jar:3.25.0]
	at org.springframework.beans.factory.support.AbstractAutowireCapableBeanFactory.invokeInitMethods(AbstractAutowireCapableBeanFactory.java:1863) ~[spring-beans-5.3.19.jar:5.3.19]
	at org.springframework.beans.factory.support.AbstractAutowireCapableBeanFactory.initializeBean(AbstractAutowireCapableBeanFactory.java:1800) ~[spring-beans-5.3.19.jar:5.3.19]
	... 96 common frames omitted
Caused by: com.azure.spring.data.cosmos.exception.CosmosAccessException: Failed to create container; nested exception is {"ClassName":"CosmosException","userAgent":"azsdk-java-cosmos/4.33.1 Windows10/10.0 JRE/17","statusCode":400,"resourceAddress":"https://sandbox-cosmos-db-poc-account-norwayeast.documents.azure.com:443/dbs/testdb/colls","error":"{\"code\":\"BadRequest\",\"message\":\"Setting offer throughput or autopilot on container is not supported for serverless accounts.\\r\\nActivityId: d843a0a0-cccb-4bb7-b532-4f6a1e0c7e12, Microsoft.Azure.Documents.Common/2.14.0, StatusCode: BadRequest\",\"additionalErrorInfo\":null}","innerErrorMessage":"Setting offer throughput or autopilot on container is not supported for serverless accounts.\r\nActivityId: d843a0a0-cccb-4bb7-b532-4f6a1e0c7e12, Microsoft.Azure.Documents.Common/2.14.0, StatusCode: BadRequest","causeInfo":null,"responseHeaders":"{Content-Type=application/json, Date=Mon, 15 Aug 2022 09:39:52 GMT, Server=Microsoft-HTTPAPI/2.0, Strict-Transport-Security=max-age=31536000, Transfer-Encoding=chunked, x-ms-activity-id=d843a0a0-cccb-4bb7-b532-4f6a1e0c7e12, x-ms-gatewayversion=version=2.14.0}","requestHeaders":"[Accept=application/json, x-ms-date=Mon, 15 Aug 2022 09:39:53 GMT, x-ms-offer-throughput=400, Content-Type=application/json]","cosmosDiagnostics":{"userAgent":"azsdk-java-cosmos/4.33.1 Windows10/10.0 JRE/17","activityId":"d843a0a0-cccb-4bb7-b532-4f6a1e0c7e12","requestLatencyInMs":62,"requestStartTimeUTC":"2022-08-15T09:39:53.608958500Z","requestEndTimeUTC":"2022-08-15T09:39:53.671912800Z","responseStatisticsList":[],"supplementalResponseStatisticsList":[],"addressResolutionStatistics":{},"regionsContacted":["norway east"],"retryContext":{"statusAndSubStatusCodes":null,"retryLatency":0,"retryCount":0},"metadataDiagnosticsContext":{"metadataDiagnosticList":null},"serializationDiagnosticsContext":{"serializationDiagnosticsList":[{"serializationType":"CONTAINER_SERIALIZATION","startTimeUTC":"2022-08-15T09:39:53.608958500Z","endTimeUTC":"2022-08-15T09:39:53.609960300Z","durationInMilliSecs":1.0018}]},"gatewayStatistics":{"sessionToken":null,"operationType":"Create","resourceType":"DocumentCollection","statusCode":400,"subStatusCode":0,"requestCharge":0.0,"requestTimeline":[{"eventName":"connectionCreated","startTimeUTC":"2022-08-15T09:39:53.612713100Z","durationInMilliSecs":39.0866},{"eventName":"connectionConfigured","startTimeUTC":"2022-08-15T09:39:53.651799700Z","durationInMilliSecs":0.0},{"eventName":"requestSent","startTimeUTC":"2022-08-15T09:39:53.651799700Z","durationInMilliSecs":4.5491},{"eventName":"transitTime","startTimeUTC":"2022-08-15T09:39:53.656348800Z","durationInMilliSecs":14.0832},{"eventName":"received","startTimeUTC":"2022-08-15T09:39:53.670432Z","durationInMilliSecs":0.9385}],"partitionKeyRangeId":null,"exceptionMessage":"Setting offer throughput or autopilot on container is not supported for serverless accounts.\r\nActivityId: d843a0a0-cccb-4bb7-b532-4f6a1e0c7e12, Microsoft.Azure.Documents.Common/2.14.0, StatusCode: BadRequest","exceptionResponseHeaders":"{Content-Type=application/json, Date=Mon, 15 Aug 2022 09:39:52 GMT, Server=Microsoft-HTTPAPI/2.0, Strict-Transport-Security=max-age=31536000, Transfer-Encoding=chunked, x-ms-activity-id=d843a0a0-cccb-4bb7-b532-4f6a1e0c7e12, x-ms-gatewayversion=version=2.14.0}"},"systemInformation":{"usedMemory":"63455 KB","availableMemory":"8255521 KB","systemCpuLoad":"empty","availableProcessors":8},"clientCfgs":{"id":1,"machineId":"uuid:e53a458b-00e0-4e37-a5ec-08dc74d74003","connectionMode":"DIRECT","numberOfClients":0,"connCfg":{"rntbd":"(cto:PT5S, nrto:PT5S, icto:PT0S, ieto:PT1H, mcpe:130, mrpc:30, cer:true)","gw":"(cps:1000, nrto:PT1M, icto:PT1M, p:false)","other":"(ed: true, cs: false)"},"consistencyCfg":"(consistency: null, mm: true, prgns: [])"}}}
	at com.azure.spring.data.cosmos.exception.CosmosExceptionUtils.exceptionHandler(CosmosExceptionUtils.java:38) ~[azure-spring-data-cosmos-3.25.0.jar:3.25.0]
	at com.azure.spring.data.cosmos.core.ReactiveCosmosTemplate.lambda$createContainerIfNotExists$2(ReactiveCosmosTemplate.java:196) ~[azure-spring-data-cosmos-3.25.0.jar:3.25.0]
	at reactor.core.publisher.FluxOnErrorResume$ResumeSubscriber.onError(FluxOnErrorResume.java:94) ~[reactor-core-3.4.17.jar:3.4.17]
	at reactor.core.publisher.FluxMap$MapSubscriber.onError(FluxMap.java:132) ~[reactor-core-3.4.17.jar:3.4.17]
	at reactor.core.publisher.FluxOnErrorResume$ResumeSubscriber.onError(FluxOnErrorResume.java:106) ~[reactor-core-3.4.17.jar:3.4.17]
	at reactor.core.publisher.MonoSingle$SingleSubscriber.onError(MonoSingle.java:150) ~[reactor-core-3.4.17.jar:3.4.17]
	at reactor.core.publisher.FluxMap$MapSubscriber.onError(FluxMap.java:132) ~[reactor-core-3.4.17.jar:3.4.17]
	at reactor.core.publisher.SerializedSubscriber.onError(SerializedSubscriber.java:124) ~[reactor-core-3.4.17.jar:3.4.17]
	at reactor.core.publisher.FluxRetryWhen$RetryWhenMainSubscriber.whenError(FluxRetryWhen.java:225) ~[reactor-core-3.4.17.jar:3.4.17]
	at reactor.core.publisher.FluxRetryWhen$RetryWhenOtherSubscriber.onError(FluxRetryWhen.java:274) ~[reactor-core-3.4.17.jar:3.4.17]
	at reactor.core.publisher.FluxFlatMap$FlatMapMain.checkTerminated(FluxFlatMap.java:842) ~[reactor-core-3.4.17.jar:3.4.17]
	at reactor.core.publisher.FluxFlatMap$FlatMapMain.drainLoop(FluxFlatMap.java:608) ~[reactor-core-3.4.17.jar:3.4.17]
	at reactor.core.publisher.FluxFlatMap$FlatMapMain.drain(FluxFlatMap.java:588) ~[reactor-core-3.4.17.jar:3.4.17]
	at reactor.core.publisher.FluxFlatMap$FlatMapMain.innerError(FluxFlatMap.java:863) ~[reactor-core-3.4.17.jar:3.4.17]
	at reactor.core.publisher.FluxFlatMap$FlatMapInner.onError(FluxFlatMap.java:990) ~[reactor-core-3.4.17.jar:3.4.17]
	at reactor.core.publisher.FluxFlatMap$FlatMapMain.checkTerminated(FluxFlatMap.java:842) ~[reactor-core-3.4.17.jar:3.4.17]
	at reactor.core.publisher.FluxFlatMap$FlatMapMain.drainLoop(FluxFlatMap.java:608) ~[reactor-core-3.4.17.jar:3.4.17]
	at reactor.core.publisher.FluxFlatMap$FlatMapMain.drain(FluxFlatMap.java:588) ~[reactor-core-3.4.17.jar:3.4.17]
	at reactor.core.publisher.FluxFlatMap$FlatMapMain.onError(FluxFlatMap.java:451) ~[reactor-core-3.4.17.jar:3.4.17]
	at reactor.core.publisher.FluxFlatMap$FlatMapMain.onNext(FluxFlatMap.java:416) ~[reactor-core-3.4.17.jar:3.4.17]
	at reactor.core.publisher.Operators$ScalarSubscription.request(Operators.java:2398) ~[reactor-core-3.4.17.jar:3.4.17]
	at reactor.core.publisher.FluxFlatMap$FlatMapMain.onSubscribe(FluxFlatMap.java:371) ~[reactor-core-3.4.17.jar:3.4.17]
	at reactor.core.publisher.FluxFlatMap.trySubscribeScalarMap(FluxFlatMap.java:192) ~[reactor-core-3.4.17.jar:3.4.17]
	at reactor.core.publisher.MonoFlatMap.subscribeOrReturn(MonoFlatMap.java:53) ~[reactor-core-3.4.17.jar:3.4.17]
	at reactor.core.publisher.Flux.subscribe(Flux.java:8455) ~[reactor-core-3.4.17.jar:3.4.17]
	at reactor.core.publisher.FluxFlatMap$FlatMapMain.onNext(FluxFlatMap.java:426) ~[reactor-core-3.4.17.jar:3.4.17]
	at reactor.core.publisher.FluxMap$MapSubscriber.onNext(FluxMap.java:120) ~[reactor-core-3.4.17.jar:3.4.17]
	at reactor.core.publisher.EmitterProcessor.drain(EmitterProcessor.java:491) ~[reactor-core-3.4.17.jar:3.4.17]
	at reactor.core.publisher.EmitterProcessor.tryEmitNext(EmitterProcessor.java:299) ~[reactor-core-3.4.17.jar:3.4.17]
	at reactor.core.publisher.SinkManySerialized.tryEmitNext(SinkManySerialized.java:100) ~[reactor-core-3.4.17.jar:3.4.17]
	at reactor.core.publisher.InternalManySink.emitNext(InternalManySink.java:27) ~[reactor-core-3.4.17.jar:3.4.17]
	at reactor.core.publisher.FluxRetryWhen$RetryWhenMainSubscriber.onError(FluxRetryWhen.java:190) ~[reactor-core-3.4.17.jar:3.4.17]
	at reactor.core.publisher.FluxPeekFuseable$PeekFuseableSubscriber.onError(FluxPeekFuseable.java:234) ~[reactor-core-3.4.17.jar:3.4.17]
	at reactor.core.publisher.FluxMapFuseable$MapFuseableSubscriber.onError(FluxMapFuseable.java:140) ~[reactor-core-3.4.17.jar:3.4.17]
	at reactor.core.publisher.MonoFlatMap$FlatMapMain.onError(MonoFlatMap.java:172) ~[reactor-core-3.4.17.jar:3.4.17]
	at reactor.core.publisher.FluxOnErrorResume$ResumeSubscriber.onError(FluxOnErrorResume.java:106) ~[reactor-core-3.4.17.jar:3.4.17]
	at reactor.core.publisher.Operators.error(Operators.java:198) ~[reactor-core-3.4.17.jar:3.4.17]
	at reactor.core.publisher.MonoError.subscribe(MonoError.java:53) ~[reactor-core-3.4.17.jar:3.4.17]
	at reactor.core.publisher.Mono.subscribe(Mono.java:4400) ~[reactor-core-3.4.17.jar:3.4.17]
	at reactor.core.publisher.FluxOnErrorResume$ResumeSubscriber.onError(FluxOnErrorResume.java:103) ~[reactor-core-3.4.17.jar:3.4.17]
	at reactor.core.publisher.MonoIgnoreThen$ThenIgnoreMain.onError(MonoIgnoreThen.java:278) ~[reactor-core-3.4.17.jar:3.4.17]
	at reactor.core.publisher.SerializedSubscriber.onError(SerializedSubscriber.java:124) ~[reactor-core-3.4.17.jar:3.4.17]
	at reactor.core.publisher.FluxRetryWhen$RetryWhenMainSubscriber.whenError(FluxRetryWhen.java:225) ~[reactor-core-3.4.17.jar:3.4.17]
	at reactor.core.publisher.FluxRetryWhen$RetryWhenOtherSubscriber.onError(FluxRetryWhen.java:274) ~[reactor-core-3.4.17.jar:3.4.17]
	at reactor.core.publisher.FluxFlatMap$FlatMapMain.checkTerminated(FluxFlatMap.java:842) ~[reactor-core-3.4.17.jar:3.4.17]
	at reactor.core.publisher.FluxFlatMap$FlatMapMain.drainLoop(FluxFlatMap.java:608) ~[reactor-core-3.4.17.jar:3.4.17]
	at reactor.core.publisher.FluxFlatMap$FlatMapMain.drain(FluxFlatMap.java:588) ~[reactor-core-3.4.17.jar:3.4.17]
	at reactor.core.publisher.FluxFlatMap$FlatMapMain.innerError(FluxFlatMap.java:863) ~[reactor-core-3.4.17.jar:3.4.17]
	at reactor.core.publisher.FluxFlatMap$FlatMapInner.onError(FluxFlatMap.java:990) ~[reactor-core-3.4.17.jar:3.4.17]
	at reactor.core.publisher.Operators.error(Operators.java:198) ~[reactor-core-3.4.17.jar:3.4.17]
	at reactor.core.publisher.FluxFlatMap.trySubscribeScalarMap(FluxFlatMap.java:182) ~[reactor-core-3.4.17.jar:3.4.17]
	at reactor.core.publisher.FluxFlatMap.subscribeOrReturn(FluxFlatMap.java:93) ~[reactor-core-3.4.17.jar:3.4.17]
	at reactor.core.publisher.Flux.subscribe(Flux.java:8455) ~[reactor-core-3.4.17.jar:3.4.17]
	at reactor.core.publisher.FluxFlatMap$FlatMapMain.onNext(FluxFlatMap.java:426) ~[reactor-core-3.4.17.jar:3.4.17]
	at reactor.core.publisher.FluxMap$MapSubscriber.onNext(FluxMap.java:120) ~[reactor-core-3.4.17.jar:3.4.17]
	at reactor.core.publisher.EmitterProcessor.drain(EmitterProcessor.java:491) ~[reactor-core-3.4.17.jar:3.4.17]
	at reactor.core.publisher.EmitterProcessor.tryEmitNext(EmitterProcessor.java:299) ~[reactor-core-3.4.17.jar:3.4.17]
	at reactor.core.publisher.SinkManySerialized.tryEmitNext(SinkManySerialized.java:100) ~[reactor-core-3.4.17.jar:3.4.17]
	at reactor.core.publisher.InternalManySink.emitNext(InternalManySink.java:27) ~[reactor-core-3.4.17.jar:3.4.17]
	at reactor.core.publisher.FluxRetryWhen$RetryWhenMainSubscriber.onError(FluxRetryWhen.java:190) ~[reactor-core-3.4.17.jar:3.4.17]
	at reactor.core.publisher.MonoSingle$SingleSubscriber.onError(MonoSingle.java:150) ~[reactor-core-3.4.17.jar:3.4.17]
	at reactor.core.publisher.FluxOnErrorResume$ResumeSubscriber.onError(FluxOnErrorResume.java:106) ~[reactor-core-3.4.17.jar:3.4.17]
	at reactor.core.publisher.Operators.error(Operators.java:198) ~[reactor-core-3.4.17.jar:3.4.17]
	at reactor.core.publisher.MonoError.subscribe(MonoError.java:53) ~[reactor-core-3.4.17.jar:3.4.17]
	at reactor.core.publisher.Mono.subscribe(Mono.java:4400) ~[reactor-core-3.4.17.jar:3.4.17]
	at reactor.core.publisher.FluxOnErrorResume$ResumeSubscriber.onError(FluxOnErrorResume.java:103) ~[reactor-core-3.4.17.jar:3.4.17]
	at reactor.core.publisher.FluxMapFuseable$MapFuseableSubscriber.onError(FluxMapFuseable.java:140) ~[reactor-core-3.4.17.jar:3.4.17]
	at reactor.core.publisher.MonoFlatMap$FlatMapMain.secondError(MonoFlatMap.java:192) ~[reactor-core-3.4.17.jar:3.4.17]
	at reactor.core.publisher.MonoFlatMap$FlatMapInner.onError(MonoFlatMap.java:259) ~[reactor-core-3.4.17.jar:3.4.17]
	at reactor.core.publisher.MonoSingle$SingleSubscriber.onError(MonoSingle.java:150) ~[reactor-core-3.4.17.jar:3.4.17]
	at reactor.core.publisher.FluxMap$MapSubscriber.onError(FluxMap.java:132) ~[reactor-core-3.4.17.jar:3.4.17]
	at reactor.core.publisher.FluxMap$MapSubscriber.onNext(FluxMap.java:112) ~[reactor-core-3.4.17.jar:3.4.17]
	at reactor.core.publisher.FluxSwitchIfEmpty$SwitchIfEmptySubscriber.onNext(FluxSwitchIfEmpty.java:74) ~[reactor-core-3.4.17.jar:3.4.17]
	at reactor.core.publisher.FluxPeek$PeekSubscriber.onNext(FluxPeek.java:200) ~[reactor-core-3.4.17.jar:3.4.17]
	at reactor.core.publisher.FluxHandle$HandleSubscriber.onNext(FluxHandle.java:126) ~[reactor-core-3.4.17.jar:3.4.17]
	at reactor.core.publisher.FluxMap$MapConditionalSubscriber.onNext(FluxMap.java:220) ~[reactor-core-3.4.17.jar:3.4.17]
	at reactor.core.publisher.FluxDoFinally$DoFinallySubscriber.onNext(FluxDoFinally.java:130) ~[reactor-core-3.4.17.jar:3.4.17]
	at reactor.core.publisher.FluxHandleFuseable$HandleFuseableSubscriber.onNext(FluxHandleFuseable.java:191) ~[reactor-core-3.4.17.jar:3.4.17]
	at reactor.core.publisher.FluxContextWrite$ContextWriteSubscriber.onNext(FluxContextWrite.java:107) ~[reactor-core-3.4.17.jar:3.4.17]
	at reactor.core.publisher.Operators$MonoSubscriber.complete(Operators.java:1816) ~[reactor-core-3.4.17.jar:3.4.17]
	at reactor.core.publisher.MonoCollectList$MonoCollectListSubscriber.onComplete(MonoCollectList.java:128) ~[reactor-core-3.4.17.jar:3.4.17]
	at reactor.core.publisher.FluxPeek$PeekSubscriber.onComplete(FluxPeek.java:260) ~[reactor-core-3.4.17.jar:3.4.17]
	at reactor.core.publisher.FluxMap$MapSubscriber.onComplete(FluxMap.java:142) ~[reactor-core-3.4.17.jar:3.4.17]
	at reactor.netty.channel.FluxReceive.onInboundComplete(FluxReceive.java:400) ~[reactor-netty-core-1.0.18.jar:1.0.18]
	at reactor.netty.channel.ChannelOperations.onInboundComplete(ChannelOperations.java:419) ~[reactor-netty-core-1.0.18.jar:1.0.18]
	at reactor.netty.channel.ChannelOperations.terminate(ChannelOperations.java:473) ~[reactor-netty-core-1.0.18.jar:1.0.18]
	at reactor.netty.http.client.HttpClientOperations.onInboundNext(HttpClientOperations.java:703) ~[reactor-netty-http-1.0.18.jar:1.0.18]
	at reactor.netty.channel.ChannelOperationsHandler.channelRead(ChannelOperationsHandler.java:93) ~[reactor-netty-core-1.0.18.jar:1.0.18]
	at io.netty.channel.AbstractChannelHandlerContext.invokeChannelRead(AbstractChannelHandlerContext.java:379) ~[netty-transport-4.1.76.Final.jar:4.1.76.Final]
	at io.netty.channel.AbstractChannelHandlerContext.invokeChannelRead(AbstractChannelHandlerContext.java:365) ~[netty-transport-4.1.76.Final.jar:4.1.76.Final]
	at io.netty.channel.AbstractChannelHandlerContext.fireChannelRead(AbstractChannelHandlerContext.java:357) ~[netty-transport-4.1.76.Final.jar:4.1.76.Final]
	at io.netty.handler.timeout.IdleStateHandler.channelRead(IdleStateHandler.java:286) ~[netty-handler-4.1.76.Final.jar:4.1.76.Final]
	at io.netty.channel.AbstractChannelHandlerContext.invokeChannelRead(AbstractChannelHandlerContext.java:379) ~[netty-transport-4.1.76.Final.jar:4.1.76.Final]
	at io.netty.channel.AbstractChannelHandlerContext.invokeChannelRead(AbstractChannelHandlerContext.java:365) ~[netty-transport-4.1.76.Final.jar:4.1.76.Final]
	at io.netty.channel.AbstractChannelHandlerContext.fireChannelRead(AbstractChannelHandlerContext.java:357) ~[netty-transport-4.1.76.Final.jar:4.1.76.Final]
	at io.netty.channel.CombinedChannelDuplexHandler$DelegatingChannelHandlerContext.fireChannelRead(CombinedChannelDuplexHandler.java:436) ~[netty-transport-4.1.76.Final.jar:4.1.76.Final]
	at io.netty.handler.codec.ByteToMessageDecoder.fireChannelRead(ByteToMessageDecoder.java:327) ~[netty-codec-4.1.76.Final.jar:4.1.76.Final]
	at io.netty.handler.codec.ByteToMessageDecoder.channelRead(ByteToMessageDecoder.java:299) ~[netty-codec-4.1.76.Final.jar:4.1.76.Final]
	at io.netty.channel.CombinedChannelDuplexHandler.channelRead(CombinedChannelDuplexHandler.java:251) ~[netty-transport-4.1.76.Final.jar:4.1.76.Final]
	at io.netty.channel.AbstractChannelHandlerContext.invokeChannelRead(AbstractChannelHandlerContext.java:379) ~[netty-transport-4.1.76.Final.jar:4.1.76.Final]
	at io.netty.channel.AbstractChannelHandlerContext.invokeChannelRead(AbstractChannelHandlerContext.java:365) ~[netty-transport-4.1.76.Final.jar:4.1.76.Final]
	at io.netty.channel.AbstractChannelHandlerContext.fireChannelRead(AbstractChannelHandlerContext.java:357) ~[netty-transport-4.1.76.Final.jar:4.1.76.Final]
	at io.netty.handler.ssl.SslHandler.unwrap(SslHandler.java:1372) ~[netty-handler-4.1.76.Final.jar:4.1.76.Final]
	at io.netty.handler.ssl.SslHandler.decodeNonJdkCompatible(SslHandler.java:1246) ~[netty-handler-4.1.76.Final.jar:4.1.76.Final]
	at io.netty.handler.ssl.SslHandler.decode(SslHandler.java:1286) ~[netty-handler-4.1.76.Final.jar:4.1.76.Final]
	at io.netty.handler.codec.ByteToMessageDecoder.decodeRemovalReentryProtection(ByteToMessageDecoder.java:510) ~[netty-codec-4.1.76.Final.jar:4.1.76.Final]
	at io.netty.handler.codec.ByteToMessageDecoder.callDecode(ByteToMessageDecoder.java:449) ~[netty-codec-4.1.76.Final.jar:4.1.76.Final]
	at io.netty.handler.codec.ByteToMessageDecoder.channelRead(ByteToMessageDecoder.java:279) ~[netty-codec-4.1.76.Final.jar:4.1.76.Final]
	at io.netty.channel.AbstractChannelHandlerContext.invokeChannelRead(AbstractChannelHandlerContext.java:379) ~[netty-transport-4.1.76.Final.jar:4.1.76.Final]
	at io.netty.channel.AbstractChannelHandlerContext.invokeChannelRead(AbstractChannelHandlerContext.java:365) ~[netty-transport-4.1.76.Final.jar:4.1.76.Final]
	at io.netty.channel.AbstractChannelHandlerContext.fireChannelRead(AbstractChannelHandlerContext.java:357) ~[netty-transport-4.1.76.Final.jar:4.1.76.Final]
	at io.netty.channel.DefaultChannelPipeline$HeadContext.channelRead(DefaultChannelPipeline.java:1410) ~[netty-transport-4.1.76.Final.jar:4.1.76.Final]
	at io.netty.channel.AbstractChannelHandlerContext.invokeChannelRead(AbstractChannelHandlerContext.java:379) ~[netty-transport-4.1.76.Final.jar:4.1.76.Final]
	at io.netty.channel.AbstractChannelHandlerContext.invokeChannelRead(AbstractChannelHandlerContext.java:365) ~[netty-transport-4.1.76.Final.jar:4.1.76.Final]
	at io.netty.channel.DefaultChannelPipeline.fireChannelRead(DefaultChannelPipeline.java:919) ~[netty-transport-4.1.76.Final.jar:4.1.76.Final]
	at io.netty.channel.nio.AbstractNioByteChannel$NioByteUnsafe.read(AbstractNioByteChannel.java:166) ~[netty-transport-4.1.76.Final.jar:4.1.76.Final]
	at io.netty.channel.nio.NioEventLoop.processSelectedKey(NioEventLoop.java:722) ~[netty-transport-4.1.76.Final.jar:4.1.76.Final]
	at io.netty.channel.nio.NioEventLoop.processSelectedKeysOptimized(NioEventLoop.java:658) ~[netty-transport-4.1.76.Final.jar:4.1.76.Final]
	at io.netty.channel.nio.NioEventLoop.processSelectedKeys(NioEventLoop.java:584) ~[netty-transport-4.1.76.Final.jar:4.1.76.Final]
	at io.netty.channel.nio.NioEventLoop.run(NioEventLoop.java:496) ~[netty-transport-4.1.76.Final.jar:4.1.76.Final]
	at io.netty.util.concurrent.SingleThreadEventExecutor$4.run(SingleThreadEventExecutor.java:986) ~[netty-common-4.1.76.Final.jar:4.1.76.Final]
	at io.netty.util.internal.ThreadExecutorMap$2.run(ThreadExecutorMap.java:74) ~[netty-common-4.1.76.Final.jar:4.1.76.Final]
	at io.netty.util.concurrent.FastThreadLocalRunnable.run(FastThreadLocalRunnable.java:30) ~[netty-common-4.1.76.Final.jar:4.1.76.Final]
	at java.base/java.lang.Thread.run(Thread.java:833) ~[na:na]
	Suppressed: com.azure.cosmos.CosmosException: {"innerErrorMessage":"Setting offer throughput or autopilot on container is not supported for serverless accounts.\r\nActivityId: d843a0a0-cccb-4bb7-b532-4f6a1e0c7e12, Microsoft.Azure.Documents.Common/2.14.0, StatusCode: BadRequest","cosmosDiagnostics":{"userAgent":"azsdk-java-cosmos/4.33.1 Windows10/10.0 JRE/17","activityId":"d843a0a0-cccb-4bb7-b532-4f6a1e0c7e12","requestLatencyInMs":62,"requestStartTimeUTC":"2022-08-15T09:39:53.608958500Z","requestEndTimeUTC":"2022-08-15T09:39:53.671912800Z","responseStatisticsList":[],"supplementalResponseStatisticsList":[],"addressResolutionStatistics":{},"regionsContacted":["norway east"],"retryContext":{"statusAndSubStatusCodes":null,"retryLatency":0,"retryCount":0},"metadataDiagnosticsContext":{"metadataDiagnosticList":null},"serializationDiagnosticsContext":{"serializationDiagnosticsList":[{"serializationType":"CONTAINER_SERIALIZATION","startTimeUTC":"2022-08-15T09:39:53.608958500Z","endTimeUTC":"2022-08-15T09:39:53.609960300Z","durationInMilliSecs":1.0018}]},"gatewayStatistics":{"sessionToken":null,"operationType":"Create","resourceType":"DocumentCollection","statusCode":400,"subStatusCode":0,"requestCharge":0.0,"requestTimeline":[{"eventName":"connectionCreated","startTimeUTC":"2022-08-15T09:39:53.612713100Z","durationInMilliSecs":39.0866},{"eventName":"connectionConfigured","startTimeUTC":"2022-08-15T09:39:53.651799700Z","durationInMilliSecs":0.0},{"eventName":"requestSent","startTimeUTC":"2022-08-15T09:39:53.651799700Z","durationInMilliSecs":4.5491},{"eventName":"transitTime","startTimeUTC":"2022-08-15T09:39:53.656348800Z","durationInMilliSecs":14.0832},{"eventName":"received","startTimeUTC":"2022-08-15T09:39:53.670432Z","durationInMilliSecs":0.9385}],"partitionKeyRangeId":null,"exceptionMessage":"Setting offer throughput or autopilot on container is not supported for serverless accounts.\r\nActivityId: d843a0a0-cccb-4bb7-b532-4f6a1e0c7e12, Microsoft.Azure.Documents.Common/2.14.0, StatusCode: BadRequest","exceptionResponseHeaders":"{Content-Type=application/json, Date=Mon, 15 Aug 2022 09:39:52 GMT, Server=Microsoft-HTTPAPI/2.0, Strict-Transport-Security=max-age=31536000, Transfer-Encoding=chunked, x-ms-activity-id=d843a0a0-cccb-4bb7-b532-4f6a1e0c7e12, x-ms-gatewayversion=version=2.14.0}"},"systemInformation":{"usedMemory":"63455 KB","availableMemory":"8255521 KB","systemCpuLoad":"empty","availableProcessors":8},"clientCfgs":{"id":1,"machineId":"uuid:e53a458b-00e0-4e37-a5ec-08dc74d74003","connectionMode":"DIRECT","numberOfClients":0,"connCfg":{"rntbd":"(cto:PT5S, nrto:PT5S, icto:PT0S, ieto:PT1H, mcpe:130, mrpc:30, cer:true)","gw":"(cps:1000, nrto:PT1M, icto:PT1M, p:false)","other":"(ed: true, cs: false)"},"consistencyCfg":"(consistency: null, mm: true, prgns: [])"}}}
	Suppressed: java.lang.Exception: #block terminated with an error
		at reactor.core.publisher.BlockingSingleSubscriber.blockingGet(BlockingSingleSubscriber.java:99) ~[reactor-core-3.4.17.jar:3.4.17]
		at reactor.core.publisher.Mono.block(Mono.java:1707) ~[reactor-core-3.4.17.jar:3.4.17]
		at com.azure.spring.data.cosmos.repository.support.SimpleReactiveCosmosRepository.createContainerIfNotExists(SimpleReactiveCosmosRepository.java:75) ~[azure-spring-data-cosmos-3.25.0.jar:3.25.0]
		at com.azure.spring.data.cosmos.repository.support.SimpleReactiveCosmosRepository.<init>(SimpleReactiveCosmosRepository.java:45) ~[azure-spring-data-cosmos-3.25.0.jar:3.25.0]
		at java.base/jdk.internal.reflect.NativeConstructorAccessorImpl.newInstance0(Native Method) ~[na:na]
		at java.base/jdk.internal.reflect.NativeConstructorAccessorImpl.newInstance(NativeConstructorAccessorImpl.java:77) ~[na:na]
		at java.base/jdk.internal.reflect.DelegatingConstructorAccessorImpl.newInstance(DelegatingConstructorAccessorImpl.java:45) ~[na:na]
		at java.base/java.lang.reflect.Constructor.newInstanceWithCaller(Constructor.java:499) ~[na:na]
		at java.base/java.lang.reflect.Constructor.newInstance(Constructor.java:480) ~[na:na]
		at org.springframework.beans.BeanUtils.instantiateClass(BeanUtils.java:211) ~[spring-beans-5.3.19.jar:5.3.19]
		at org.springframework.data.repository.core.support.RepositoryFactorySupport.lambda$instantiateClass$5(RepositoryFactorySupport.java:578) ~[spring-data-commons-2.6.4.jar:2.6.4]
		at java.base/java.util.Optional.map(Optional.java:260) ~[na:na]
		at org.springframework.data.repository.core.support.RepositoryFactorySupport.instantiateClass(RepositoryFactorySupport.java:578) ~[spring-data-commons-2.6.4.jar:2.6.4]
		at org.springframework.data.repository.core.support.RepositoryFactorySupport.getTargetRepositoryViaReflection(RepositoryFactorySupport.java:543) ~[spring-data-commons-2.6.4.jar:2.6.4]
		at com.azure.spring.data.cosmos.repository.support.ReactiveCosmosRepositoryFactory.getTargetRepository(ReactiveCosmosRepositoryFactory.java:48) ~[azure-spring-data-cosmos-3.25.0.jar:3.25.0]
		at org.springframework.data.repository.core.support.RepositoryFactorySupport.getRepository(RepositoryFactorySupport.java:324) ~[spring-data-commons-2.6.4.jar:2.6.4]
		at org.springframework.data.repository.core.support.RepositoryFactoryBeanSupport.lambda$afterPropertiesSet$5(RepositoryFactoryBeanSupport.java:322) ~[spring-data-commons-2.6.4.jar:2.6.4]
		at org.springframework.data.util.Lazy.getNullable(Lazy.java:230) ~[spring-data-commons-2.6.4.jar:2.6.4]
		at org.springframework.data.util.Lazy.get(Lazy.java:114) ~[spring-data-commons-2.6.4.jar:2.6.4]
		at org.springframework.data.repository.core.support.RepositoryFactoryBeanSupport.afterPropertiesSet(RepositoryFactoryBeanSupport.java:328) ~[spring-data-commons-2.6.4.jar:2.6.4]
		at com.azure.spring.data.cosmos.repository.support.ReactiveCosmosRepositoryFactoryBean.afterPropertiesSet(ReactiveCosmosRepositoryFactoryBean.java:64) ~[azure-spring-data-cosmos-3.25.0.jar:3.25.0]
		at org.springframework.beans.factory.support.AbstractAutowireCapableBeanFactory.invokeInitMethods(AbstractAutowireCapableBeanFactory.java:1863) ~[spring-beans-5.3.19.jar:5.3.19]
		at org.springframework.beans.factory.support.AbstractAutowireCapableBeanFactory.initializeBean(AbstractAutowireCapableBeanFactory.java:1800) ~[spring-beans-5.3.19.jar:5.3.19]
		at org.springframework.beans.factory.support.AbstractAutowireCapableBeanFactory.doCreateBean(AbstractAutowireCapableBeanFactory.java:620) ~[spring-beans-5.3.19.jar:5.3.19]
		at org.springframework.beans.factory.support.AbstractAutowireCapableBeanFactory.createBean(AbstractAutowireCapableBeanFactory.java:542) ~[spring-beans-5.3.19.jar:5.3.19]
		at org.springframework.beans.factory.support.AbstractBeanFactory.lambda$doGetBean$0(AbstractBeanFactory.java:335) ~[spring-beans-5.3.19.jar:5.3.19]
		at org.springframework.beans.factory.support.DefaultSingletonBeanRegistry.getSingleton(DefaultSingletonBeanRegistry.java:234) ~[spring-beans-5.3.19.jar:5.3.19]
		at org.springframework.beans.factory.support.AbstractBeanFactory.doGetBean(AbstractBeanFactory.java:333) ~[spring-beans-5.3.19.jar:5.3.19]
		at org.springframework.beans.factory.support.AbstractBeanFactory.getBean(AbstractBeanFactory.java:208) ~[spring-beans-5.3.19.jar:5.3.19]
		at org.springframework.beans.factory.config.DependencyDescriptor.resolveCandidate(DependencyDescriptor.java:276) ~[spring-beans-5.3.19.jar:5.3.19]
		at org.springframework.beans.factory.support.DefaultListableBeanFactory.doResolveDependency(DefaultListableBeanFactory.java:1389) ~[spring-beans-5.3.19.jar:5.3.19]
		at org.springframework.beans.factory.support.DefaultListableBeanFactory.resolveDependency(DefaultListableBeanFactory.java:1309) ~[spring-beans-5.3.19.jar:5.3.19]
		at org.springframework.beans.factory.annotation.AutowiredAnnotationBeanPostProcessor$AutowiredFieldElement.resolveFieldValue(AutowiredAnnotationBeanPostProcessor.java:656) ~[spring-beans-5.3.19.jar:5.3.19]
		at org.springframework.beans.factory.annotation.AutowiredAnnotationBeanPostProcessor$AutowiredFieldElement.inject(AutowiredAnnotationBeanPostProcessor.java:639) ~[spring-beans-5.3.19.jar:5.3.19]
		at org.springframework.beans.factory.annotation.InjectionMetadata.inject(InjectionMetadata.java:119) ~[spring-beans-5.3.19.jar:5.3.19]
		at org.springframework.beans.factory.annotation.AutowiredAnnotationBeanPostProcessor.postProcessProperties(AutowiredAnnotationBeanPostProcessor.java:399) ~[spring-beans-5.3.19.jar:5.3.19]
		at org.springframework.beans.factory.support.AbstractAutowireCapableBeanFactory.populateBean(AbstractAutowireCapableBeanFactory.java:1431) ~[spring-beans-5.3.19.jar:5.3.19]
		at org.springframework.beans.factory.support.AbstractAutowireCapableBeanFactory.doCreateBean(AbstractAutowireCapableBeanFactory.java:619) ~[spring-beans-5.3.19.jar:5.3.19]
		at org.springframework.beans.factory.support.AbstractAutowireCapableBeanFactory.createBean(AbstractAutowireCapableBeanFactory.java:542) ~[spring-beans-5.3.19.jar:5.3.19]
		at org.springframework.beans.factory.support.AbstractBeanFactory.lambda$doGetBean$0(AbstractBeanFactory.java:335) ~[spring-beans-5.3.19.jar:5.3.19]
		at org.springframework.beans.factory.support.DefaultSingletonBeanRegistry.getSingleton(DefaultSingletonBeanRegistry.java:234) ~[spring-beans-5.3.19.jar:5.3.19]
		at org.springframework.beans.factory.support.AbstractBeanFactory.doGetBean(AbstractBeanFactory.java:333) ~[spring-beans-5.3.19.jar:5.3.19]
		at org.springframework.beans.factory.support.AbstractBeanFactory.getBean(AbstractBeanFactory.java:208) ~[spring-beans-5.3.19.jar:5.3.19]
		at org.springframework.beans.factory.support.DefaultListableBeanFactory.preInstantiateSingletons(DefaultListableBeanFactory.java:953) ~[spring-beans-5.3.19.jar:5.3.19]
		at org.springframework.context.support.AbstractApplicationContext.finishBeanFactoryInitialization(AbstractApplicationContext.java:918) ~[spring-context-5.3.19.jar:5.3.19]
		at org.springframework.context.support.AbstractApplicationContext.refresh(AbstractApplicationContext.java:583) ~[spring-context-5.3.19.jar:5.3.19]
		at org.springframework.boot.SpringApplication.refresh(SpringApplication.java:740) ~[spring-boot-2.6.7.jar:2.6.7]
		at org.springframework.boot.SpringApplication.refreshContext(SpringApplication.java:415) ~[spring-boot-2.6.7.jar:2.6.7]
		at org.springframework.boot.SpringApplication.run(SpringApplication.java:303) ~[spring-boot-2.6.7.jar:2.6.7]
		at org.springframework.boot.test.context.SpringBootContextLoader.loadContext(SpringBootContextLoader.java:144) ~[spring-boot-test-2.6.7.jar:2.6.7]
		at org.springframework.test.context.cache.DefaultCacheAwareContextLoaderDelegate.loadContextInternal(DefaultCacheAwareContextLoaderDelegate.java:99) ~[spring-test-5.3.19.jar:5.3.19]
		at org.springframework.test.context.cache.DefaultCacheAwareContextLoaderDelegate.loadContext(DefaultCacheAwareContextLoaderDelegate.java:124) ~[spring-test-5.3.19.jar:5.3.19]
		at org.springframework.test.context.support.DefaultTestContext.getApplicationContext(DefaultTestContext.java:124) ~[spring-test-5.3.19.jar:5.3.19]
		at org.springframework.test.context.web.ServletTestExecutionListener.setUpRequestContextIfNecessary(ServletTestExecutionListener.java:190) ~[spring-test-5.3.19.jar:5.3.19]
		at org.springframework.test.context.web.ServletTestExecutionListener.prepareTestInstance(ServletTestExecutionListener.java:132) ~[spring-test-5.3.19.jar:5.3.19]
		at org.springframework.test.context.TestContextManager.prepareTestInstance(TestContextManager.java:248) ~[spring-test-5.3.19.jar:5.3.19]
		at org.springframework.test.context.junit.jupiter.SpringExtension.postProcessTestInstance(SpringExtension.java:138) ~[spring-test-5.3.19.jar:5.3.19]
		at org.junit.jupiter.engine.descriptor.ClassBasedTestDescriptor.lambda$invokeTestInstancePostProcessors$8(ClassBasedTestDescriptor.java:363) ~[junit-jupiter-engine-5.8.2.jar:5.8.2]
		at org.junit.jupiter.engine.descriptor.ClassBasedTestDescriptor.executeAndMaskThrowable(ClassBasedTestDescriptor.java:368) ~[junit-jupiter-engine-5.8.2.jar:5.8.2]
		at org.junit.jupiter.engine.descriptor.ClassBasedTestDescriptor.lambda$invokeTestInstancePostProcessors$9(ClassBasedTestDescriptor.java:363) ~[junit-jupiter-engine-5.8.2.jar:5.8.2]
		at java.base/java.util.stream.ReferencePipeline$3$1.accept(ReferencePipeline.java:197) ~[na:na]
		at java.base/java.util.stream.ReferencePipeline$2$1.accept(ReferencePipeline.java:179) ~[na:na]
		at java.base/java.util.ArrayList$ArrayListSpliterator.forEachRemaining(ArrayList.java:1625) ~[na:na]
		at java.base/java.util.stream.AbstractPipeline.copyInto(AbstractPipeline.java:509) ~[na:na]
		at java.base/java.util.stream.AbstractPipeline.wrapAndCopyInto(AbstractPipeline.java:499) ~[na:na]
		at java.base/java.util.stream.StreamSpliterators$WrappingSpliterator.forEachRemaining(StreamSpliterators.java:310) ~[na:na]
		at java.base/java.util.stream.Streams$ConcatSpliterator.forEachRemaining(Streams.java:735) ~[na:na]
		at java.base/java.util.stream.Streams$ConcatSpliterator.forEachRemaining(Streams.java:734) ~[na:na]
		at java.base/java.util.stream.ReferencePipeline$Head.forEach(ReferencePipeline.java:762) ~[na:na]
		at org.junit.jupiter.engine.descriptor.ClassBasedTestDescriptor.invokeTestInstancePostProcessors(ClassBasedTestDescriptor.java:362) ~[junit-jupiter-engine-5.8.2.jar:5.8.2]
		at org.junit.jupiter.engine.descriptor.ClassBasedTestDescriptor.lambda$instantiateAndPostProcessTestInstance$6(ClassBasedTestDescriptor.java:283) ~[junit-jupiter-engine-5.8.2.jar:5.8.2]
		at org.junit.platform.engine.support.hierarchical.ThrowableCollector.execute(ThrowableCollector.java:73) ~[junit-platform-engine-1.8.2.jar:1.8.2]
		at org.junit.jupiter.engine.descriptor.ClassBasedTestDescriptor.instantiateAndPostProcessTestInstance(ClassBasedTestDescriptor.java:282) ~[junit-jupiter-engine-5.8.2.jar:5.8.2]
		at org.junit.jupiter.engine.descriptor.ClassBasedTestDescriptor.lambda$testInstancesProvider$4(ClassBasedTestDescriptor.java:272) ~[junit-jupiter-engine-5.8.2.jar:5.8.2]
		at java.base/java.util.Optional.orElseGet(Optional.java:364) ~[na:na]
		at org.junit.jupiter.engine.descriptor.ClassBasedTestDescriptor.lambda$testInstancesProvider$5(ClassBasedTestDescriptor.java:271) ~[junit-jupiter-engine-5.8.2.jar:5.8.2]
		at org.junit.jupiter.engine.execution.TestInstancesProvider.getTestInstances(TestInstancesProvider.java:31) ~[junit-jupiter-engine-5.8.2.jar:5.8.2]
		at org.junit.jupiter.engine.descriptor.TestMethodTestDescriptor.lambda$prepare$0(TestMethodTestDescriptor.java:102) ~[junit-jupiter-engine-5.8.2.jar:5.8.2]
		at org.junit.platform.engine.support.hierarchical.ThrowableCollector.execute(ThrowableCollector.java:73) ~[junit-platform-engine-1.8.2.jar:1.8.2]
		at org.junit.jupiter.engine.descriptor.TestMethodTestDescriptor.prepare(TestMethodTestDescriptor.java:101) ~[junit-jupiter-engine-5.8.2.jar:5.8.2]
		at org.junit.jupiter.engine.descriptor.TestMethodTestDescriptor.prepare(TestMethodTestDescriptor.java:66) ~[junit-jupiter-engine-5.8.2.jar:5.8.2]
		at org.junit.platform.engine.support.hierarchical.NodeTestTask.lambda$prepare$2(NodeTestTask.java:123) ~[junit-platform-engine-1.8.2.jar:1.8.2]
		at org.junit.platform.engine.support.hierarchical.ThrowableCollector.execute(ThrowableCollector.java:73) ~[junit-platform-engine-1.8.2.jar:1.8.2]
		at org.junit.platform.engine.support.hierarchical.NodeTestTask.prepare(NodeTestTask.java:123) ~[junit-platform-engine-1.8.2.jar:1.8.2]
		at org.junit.platform.engine.support.hierarchical.NodeTestTask.execute(NodeTestTask.java:90) ~[junit-platform-engine-1.8.2.jar:1.8.2]
		at java.base/java.util.ArrayList.forEach(ArrayList.java:1511) ~[na:na]
		at org.junit.platform.engine.support.hierarchical.SameThreadHierarchicalTestExecutorService.invokeAll(SameThreadHierarchicalTestExecutorService.java:41) ~[junit-platform-engine-1.8.2.jar:1.8.2]
		at org.junit.platform.engine.support.hierarchical.NodeTestTask.lambda$executeRecursively$6(NodeTestTask.java:155) ~[junit-platform-engine-1.8.2.jar:1.8.2]
		at org.junit.platform.engine.support.hierarchical.ThrowableCollector.execute(ThrowableCollector.java:73) ~[junit-platform-engine-1.8.2.jar:1.8.2]
		at org.junit.platform.engine.support.hierarchical.NodeTestTask.lambda$executeRecursively$8(NodeTestTask.java:141) ~[junit-platform-engine-1.8.2.jar:1.8.2]
		at org.junit.platform.engine.support.hierarchical.Node.around(Node.java:137) ~[junit-platform-engine-1.8.2.jar:1.8.2]
		at org.junit.platform.engine.support.hierarchical.NodeTestTask.lambda$executeRecursively$9(NodeTestTask.java:139) ~[junit-platform-engine-1.8.2.jar:1.8.2]
		at org.junit.platform.engine.support.hierarchical.ThrowableCollector.execute(ThrowableCollector.java:73) ~[junit-platform-engine-1.8.2.jar:1.8.2]
		at org.junit.platform.engine.support.hierarchical.NodeTestTask.executeRecursively(NodeTestTask.java:138) ~[junit-platform-engine-1.8.2.jar:1.8.2]
		at org.junit.platform.engine.support.hierarchical.NodeTestTask.execute(NodeTestTask.java:95) ~[junit-platform-engine-1.8.2.jar:1.8.2]
		at java.base/java.util.ArrayList.forEach(ArrayList.java:1511) ~[na:na]
		at org.junit.platform.engine.support.hierarchical.SameThreadHierarchicalTestExecutorService.invokeAll(SameThreadHierarchicalTestExecutorService.java:41) ~[junit-platform-engine-1.8.2.jar:1.8.2]
		at org.junit.platform.engine.support.hierarchical.NodeTestTask.lambda$executeRecursively$6(NodeTestTask.java:155) ~[junit-platform-engine-1.8.2.jar:1.8.2]
		at org.junit.platform.engine.support.hierarchical.ThrowableCollector.execute(ThrowableCollector.java:73) ~[junit-platform-engine-1.8.2.jar:1.8.2]
		at org.junit.platform.engine.support.hierarchical.NodeTestTask.lambda$executeRecursively$8(NodeTestTask.java:141) ~[junit-platform-engine-1.8.2.jar:1.8.2]
		at org.junit.platform.engine.support.hierarchical.Node.around(Node.java:137) ~[junit-platform-engine-1.8.2.jar:1.8.2]
		at org.junit.platform.engine.support.hierarchical.NodeTestTask.lambda$executeRecursively$9(NodeTestTask.java:139) ~[junit-platform-engine-1.8.2.jar:1.8.2]
		at org.junit.platform.engine.support.hierarchical.ThrowableCollector.execute(ThrowableCollector.java:73) ~[junit-platform-engine-1.8.2.jar:1.8.2]
		at org.junit.platform.engine.support.hierarchical.NodeTestTask.executeRecursively(NodeTestTask.java:138) ~[junit-platform-engine-1.8.2.jar:1.8.2]
		at org.junit.platform.engine.support.hierarchical.NodeTestTask.execute(NodeTestTask.java:95) ~[junit-platform-engine-1.8.2.jar:1.8.2]
		at org.junit.platform.engine.support.hierarchical.SameThreadHierarchicalTestExecutorService.submit(SameThreadHierarchicalTestExecutorService.java:35) ~[junit-platform-engine-1.8.2.jar:1.8.2]
		at org.junit.platform.engine.support.hierarchical.HierarchicalTestExecutor.execute(HierarchicalTestExecutor.java:57) ~[junit-platform-engine-1.8.2.jar:1.8.2]
		at org.junit.platform.engine.support.hierarchical.HierarchicalTestEngine.execute(HierarchicalTestEngine.java:54) ~[junit-platform-engine-1.8.2.jar:1.8.2]
		at org.junit.platform.launcher.core.DefaultLauncher.execute(DefaultLauncher.java:220) ~[junit-platform-launcher-1.3.1.jar:1.3.1]
		at org.junit.platform.launcher.core.DefaultLauncher.lambda$execute$6(DefaultLauncher.java:188) ~[junit-platform-launcher-1.3.1.jar:1.3.1]
		at org.junit.platform.launcher.core.DefaultLauncher.withInterceptedStreams(DefaultLauncher.java:202) ~[junit-platform-launcher-1.3.1.jar:1.3.1]
		at org.junit.platform.launcher.core.DefaultLauncher.execute(DefaultLauncher.java:181) ~[junit-platform-launcher-1.3.1.jar:1.3.1]
		at org.junit.platform.launcher.core.DefaultLauncher.execute(DefaultLauncher.java:128) ~[junit-platform-launcher-1.3.1.jar:1.3.1]
		at org.apache.maven.surefire.junitplatform.JUnitPlatformProvider.invokeAllTests(JUnitPlatformProvider.java:150) ~[surefire-junit-platform-2.22.2.jar:2.22.2]
		at org.apache.maven.surefire.junitplatform.JUnitPlatformProvider.invoke(JUnitPlatformProvider.java:124) ~[surefire-junit-platform-2.22.2.jar:2.22.2]
		at org.apache.maven.surefire.booter.ForkedBooter.invokeProviderInSameClassLoader(ForkedBooter.java:384) ~[surefire-booter-2.22.2.jar:2.22.2]
		at org.apache.maven.surefire.booter.ForkedBooter.runSuitesInProcess(ForkedBooter.java:345) ~[surefire-booter-2.22.2.jar:2.22.2]
		at org.apache.maven.surefire.booter.ForkedBooter.execute(ForkedBooter.java:126) ~[surefire-booter-2.22.2.jar:2.22.2]
		at org.apache.maven.surefire.booter.ForkedBooter.main(ForkedBooter.java:418) ~[surefire-booter-2.22.2.jar:2.22.2]
Caused by: com.azure.cosmos.CosmosException: {"innerErrorMessage":"Setting offer throughput or autopilot on container is not supported for serverless accounts.\r\nActivityId: d843a0a0-cccb-4bb7-b532-4f6a1e0c7e12, Microsoft.Azure.Documents.Common/2.14.0, StatusCode: BadRequest","cosmosDiagnostics":{"userAgent":"azsdk-java-cosmos/4.33.1 Windows10/10.0 JRE/17","activityId":"d843a0a0-cccb-4bb7-b532-4f6a1e0c7e12","requestLatencyInMs":62,"requestStartTimeUTC":"2022-08-15T09:39:53.608958500Z","requestEndTimeUTC":"2022-08-15T09:39:53.671912800Z","responseStatisticsList":[],"supplementalResponseStatisticsList":[],"addressResolutionStatistics":{},"regionsContacted":["norway east"],"retryContext":{"statusAndSubStatusCodes":null,"retryLatency":0,"retryCount":0},"metadataDiagnosticsContext":{"metadataDiagnosticList":null},"serializationDiagnosticsContext":{"serializationDiagnosticsList":[{"serializationType":"CONTAINER_SERIALIZATION","startTimeUTC":"2022-08-15T09:39:53.608958500Z","endTimeUTC":"2022-08-15T09:39:53.609960300Z","durationInMilliSecs":1.0018}]},"gatewayStatistics":{"sessionToken":null,"operationType":"Create","resourceType":"DocumentCollection","statusCode":400,"subStatusCode":0,"requestCharge":0.0,"requestTimeline":[{"eventName":"connectionCreated","startTimeUTC":"2022-08-15T09:39:53.612713100Z","durationInMilliSecs":39.0866},{"eventName":"connectionConfigured","startTimeUTC":"2022-08-15T09:39:53.651799700Z","durationInMilliSecs":0.0},{"eventName":"requestSent","startTimeUTC":"2022-08-15T09:39:53.651799700Z","durationInMilliSecs":4.5491},{"eventName":"transitTime","startTimeUTC":"2022-08-15T09:39:53.656348800Z","durationInMilliSecs":14.0832},{"eventName":"received","startTimeUTC":"2022-08-15T09:39:53.670432Z","durationInMilliSecs":0.9385}],"partitionKeyRangeId":null,"exceptionMessage":"Setting offer throughput or autopilot on container is not supported for serverless accounts.\r\nActivityId: d843a0a0-cccb-4bb7-b532-4f6a1e0c7e12, Microsoft.Azure.Documents.Common/2.14.0, StatusCode: BadRequest","exceptionResponseHeaders":"{Content-Type=application/json, Date=Mon, 15 Aug 2022 09:39:52 GMT, Server=Microsoft-HTTPAPI/2.0, Strict-Transport-Security=max-age=31536000, Transfer-Encoding=chunked, x-ms-activity-id=d843a0a0-cccb-4bb7-b532-4f6a1e0c7e12, x-ms-gatewayversion=version=2.14.0}"},"systemInformation":{"usedMemory":"63455 KB","availableMemory":"8255521 KB","systemCpuLoad":"empty","availableProcessors":8},"clientCfgs":{"id":1,"machineId":"uuid:e53a458b-00e0-4e37-a5ec-08dc74d74003","connectionMode":"DIRECT","numberOfClients":0,"connCfg":{"rntbd":"(cto:PT5S, nrto:PT5S, icto:PT0S, ieto:PT1H, mcpe:130, mrpc:30, cer:true)","gw":"(cps:1000, nrto:PT1M, icto:PT1M, p:false)","other":"(ed: true, cs: false)"},"consistencyCfg":"(consistency: null, mm: true, prgns: [])"}}}
	at com.azure.cosmos.BridgeInternal.createCosmosException(BridgeInternal.java:488) ~[azure-cosmos-4.33.1.jar:4.33.1]
	at com.azure.cosmos.implementation.RxGatewayStoreModel.validateOrThrow(RxGatewayStoreModel.java:439) ~[azure-cosmos-4.33.1.jar:4.33.1]
	at com.azure.cosmos.implementation.RxGatewayStoreModel.lambda$toDocumentServiceResponse$0(RxGatewayStoreModel.java:343) ~[azure-cosmos-4.33.1.jar:4.33.1]
	at reactor.core.publisher.FluxMap$MapSubscriber.onNext(FluxMap.java:106) ~[reactor-core-3.4.17.jar:3.4.17]
	... 52 common frames omitted

2022-08-15 11:39:53.873 ERROR 23592 --- [           main] o.s.test.context.TestContextManager      : Caught exception while allowing TestExecutionListener [org.springframework.test.context.web.ServletTestExecutionListener@5d9b7a8a] to prepare test instance [no.klp.cosmodbpoc.DemoApplicationTests@382d71c7]

java.lang.IllegalStateException: Failed to load ApplicationContext
	at org.springframework.test.context.cache.DefaultCacheAwareContextLoaderDelegate.loadContext(DefaultCacheAwareContextLoaderDelegate.java:132) ~[spring-test-5.3.19.jar:5.3.19]
	at org.springframework.test.context.support.DefaultTestContext.getApplicationContext(DefaultTestContext.java:124) ~[spring-test-5.3.19.jar:5.3.19]
	at org.springframework.test.context.web.ServletTestExecutionListener.setUpRequestContextIfNecessary(ServletTestExecutionListener.java:190) ~[spring-test-5.3.19.jar:5.3.19]
	at org.springframework.test.context.web.ServletTestExecutionListener.prepareTestInstance(ServletTestExecutionListener.java:132) ~[spring-test-5.3.19.jar:5.3.19]
	at org.springframework.test.context.TestContextManager.prepareTestInstance(TestContextManager.java:248) ~[spring-test-5.3.19.jar:5.3.19]
	at org.springframework.test.context.junit.jupiter.SpringExtension.postProcessTestInstance(SpringExtension.java:138) ~[spring-test-5.3.19.jar:5.3.19]
	at org.junit.jupiter.engine.descriptor.ClassBasedTestDescriptor.lambda$invokeTestInstancePostProcessors$8(ClassBasedTestDescriptor.java:363) ~[junit-jupiter-engine-5.8.2.jar:5.8.2]
	at org.junit.jupiter.engine.descriptor.ClassBasedTestDescriptor.executeAndMaskThrowable(ClassBasedTestDescriptor.java:368) ~[junit-jupiter-engine-5.8.2.jar:5.8.2]
	at org.junit.jupiter.engine.descriptor.ClassBasedTestDescriptor.lambda$invokeTestInstancePostProcessors$9(ClassBasedTestDescriptor.java:363) ~[junit-jupiter-engine-5.8.2.jar:5.8.2]
	at java.base/java.util.stream.ReferencePipeline$3$1.accept(ReferencePipeline.java:197) ~[na:na]
	at java.base/java.util.stream.ReferencePipeline$2$1.accept(ReferencePipeline.java:179) ~[na:na]
	at java.base/java.util.ArrayList$ArrayListSpliterator.forEachRemaining(ArrayList.java:1625) ~[na:na]
	at java.base/java.util.stream.AbstractPipeline.copyInto(AbstractPipeline.java:509) ~[na:na]
	at java.base/java.util.stream.AbstractPipeline.wrapAndCopyInto(AbstractPipeline.java:499) ~[na:na]
	at java.base/java.util.stream.StreamSpliterators$WrappingSpliterator.forEachRemaining(StreamSpliterators.java:310) ~[na:na]
	at java.base/java.util.stream.Streams$ConcatSpliterator.forEachRemaining(Streams.java:735) ~[na:na]
	at java.base/java.util.stream.Streams$ConcatSpliterator.forEachRemaining(Streams.java:734) ~[na:na]
	at java.base/java.util.stream.ReferencePipeline$Head.forEach(ReferencePipeline.java:762) ~[na:na]
	at org.junit.jupiter.engine.descriptor.ClassBasedTestDescriptor.invokeTestInstancePostProcessors(ClassBasedTestDescriptor.java:362) ~[junit-jupiter-engine-5.8.2.jar:5.8.2]
	at org.junit.jupiter.engine.descriptor.ClassBasedTestDescriptor.lambda$instantiateAndPostProcessTestInstance$6(ClassBasedTestDescriptor.java:283) ~[junit-jupiter-engine-5.8.2.jar:5.8.2]
	at org.junit.platform.engine.support.hierarchical.ThrowableCollector.execute(ThrowableCollector.java:73) ~[junit-platform-engine-1.8.2.jar:1.8.2]
	at org.junit.jupiter.engine.descriptor.ClassBasedTestDescriptor.instantiateAndPostProcessTestInstance(ClassBasedTestDescriptor.java:282) ~[junit-jupiter-engine-5.8.2.jar:5.8.2]
	at org.junit.jupiter.engine.descriptor.ClassBasedTestDescriptor.lambda$testInstancesProvider$4(ClassBasedTestDescriptor.java:272) ~[junit-jupiter-engine-5.8.2.jar:5.8.2]
	at java.base/java.util.Optional.orElseGet(Optional.java:364) ~[na:na]
	at org.junit.jupiter.engine.descriptor.ClassBasedTestDescriptor.lambda$testInstancesProvider$5(ClassBasedTestDescriptor.java:271) ~[junit-jupiter-engine-5.8.2.jar:5.8.2]
	at org.junit.jupiter.engine.execution.TestInstancesProvider.getTestInstances(TestInstancesProvider.java:31) ~[junit-jupiter-engine-5.8.2.jar:5.8.2]
	at org.junit.jupiter.engine.descriptor.TestMethodTestDescriptor.lambda$prepare$0(TestMethodTestDescriptor.java:102) ~[junit-jupiter-engine-5.8.2.jar:5.8.2]
	at org.junit.platform.engine.support.hierarchical.ThrowableCollector.execute(ThrowableCollector.java:73) ~[junit-platform-engine-1.8.2.jar:1.8.2]
	at org.junit.jupiter.engine.descriptor.TestMethodTestDescriptor.prepare(TestMethodTestDescriptor.java:101) ~[junit-jupiter-engine-5.8.2.jar:5.8.2]
	at org.junit.jupiter.engine.descriptor.TestMethodTestDescriptor.prepare(TestMethodTestDescriptor.java:66) ~[junit-jupiter-engine-5.8.2.jar:5.8.2]
	at org.junit.platform.engine.support.hierarchical.NodeTestTask.lambda$prepare$2(NodeTestTask.java:123) ~[junit-platform-engine-1.8.2.jar:1.8.2]
	at org.junit.platform.engine.support.hierarchical.ThrowableCollector.execute(ThrowableCollector.java:73) ~[junit-platform-engine-1.8.2.jar:1.8.2]
	at org.junit.platform.engine.support.hierarchical.NodeTestTask.prepare(NodeTestTask.java:123) ~[junit-platform-engine-1.8.2.jar:1.8.2]
	at org.junit.platform.engine.support.hierarchical.NodeTestTask.execute(NodeTestTask.java:90) ~[junit-platform-engine-1.8.2.jar:1.8.2]
	at java.base/java.util.ArrayList.forEach(ArrayList.java:1511) ~[na:na]
	at org.junit.platform.engine.support.hierarchical.SameThreadHierarchicalTestExecutorService.invokeAll(SameThreadHierarchicalTestExecutorService.java:41) ~[junit-platform-engine-1.8.2.jar:1.8.2]
	at org.junit.platform.engine.support.hierarchical.NodeTestTask.lambda$executeRecursively$6(NodeTestTask.java:155) ~[junit-platform-engine-1.8.2.jar:1.8.2]
	at org.junit.platform.engine.support.hierarchical.ThrowableCollector.execute(ThrowableCollector.java:73) ~[junit-platform-engine-1.8.2.jar:1.8.2]
	at org.junit.platform.engine.support.hierarchical.NodeTestTask.lambda$executeRecursively$8(NodeTestTask.java:141) ~[junit-platform-engine-1.8.2.jar:1.8.2]
	at org.junit.platform.engine.support.hierarchical.Node.around(Node.java:137) ~[junit-platform-engine-1.8.2.jar:1.8.2]
	at org.junit.platform.engine.support.hierarchical.NodeTestTask.lambda$executeRecursively$9(NodeTestTask.java:139) ~[junit-platform-engine-1.8.2.jar:1.8.2]
	at org.junit.platform.engine.support.hierarchical.ThrowableCollector.execute(ThrowableCollector.java:73) ~[junit-platform-engine-1.8.2.jar:1.8.2]
	at org.junit.platform.engine.support.hierarchical.NodeTestTask.executeRecursively(NodeTestTask.java:138) ~[junit-platform-engine-1.8.2.jar:1.8.2]
	at org.junit.platform.engine.support.hierarchical.NodeTestTask.execute(NodeTestTask.java:95) ~[junit-platform-engine-1.8.2.jar:1.8.2]
	at java.base/java.util.ArrayList.forEach(ArrayList.java:1511) ~[na:na]
	at org.junit.platform.engine.support.hierarchical.SameThreadHierarchicalTestExecutorService.invokeAll(SameThreadHierarchicalTestExecutorService.java:41) ~[junit-platform-engine-1.8.2.jar:1.8.2]
	at org.junit.platform.engine.support.hierarchical.NodeTestTask.lambda$executeRecursively$6(NodeTestTask.java:155) ~[junit-platform-engine-1.8.2.jar:1.8.2]
	at org.junit.platform.engine.support.hierarchical.ThrowableCollector.execute(ThrowableCollector.java:73) ~[junit-platform-engine-1.8.2.jar:1.8.2]
	at org.junit.platform.engine.support.hierarchical.NodeTestTask.lambda$executeRecursively$8(NodeTestTask.java:141) ~[junit-platform-engine-1.8.2.jar:1.8.2]
	at org.junit.platform.engine.support.hierarchical.Node.around(Node.java:137) ~[junit-platform-engine-1.8.2.jar:1.8.2]
	at org.junit.platform.engine.support.hierarchical.NodeTestTask.lambda$executeRecursively$9(NodeTestTask.java:139) ~[junit-platform-engine-1.8.2.jar:1.8.2]
	at org.junit.platform.engine.support.hierarchical.ThrowableCollector.execute(ThrowableCollector.java:73) ~[junit-platform-engine-1.8.2.jar:1.8.2]
	at org.junit.platform.engine.support.hierarchical.NodeTestTask.executeRecursively(NodeTestTask.java:138) ~[junit-platform-engine-1.8.2.jar:1.8.2]
	at org.junit.platform.engine.support.hierarchical.NodeTestTask.execute(NodeTestTask.java:95) ~[junit-platform-engine-1.8.2.jar:1.8.2]
	at org.junit.platform.engine.support.hierarchical.SameThreadHierarchicalTestExecutorService.submit(SameThreadHierarchicalTestExecutorService.java:35) ~[junit-platform-engine-1.8.2.jar:1.8.2]
	at org.junit.platform.engine.support.hierarchical.HierarchicalTestExecutor.execute(HierarchicalTestExecutor.java:57) ~[junit-platform-engine-1.8.2.jar:1.8.2]
	at org.junit.platform.engine.support.hierarchical.HierarchicalTestEngine.execute(HierarchicalTestEngine.java:54) ~[junit-platform-engine-1.8.2.jar:1.8.2]
	at org.junit.platform.launcher.core.DefaultLauncher.execute(DefaultLauncher.java:220) ~[junit-platform-launcher-1.3.1.jar:1.3.1]
	at org.junit.platform.launcher.core.DefaultLauncher.lambda$execute$6(DefaultLauncher.java:188) ~[junit-platform-launcher-1.3.1.jar:1.3.1]
	at org.junit.platform.launcher.core.DefaultLauncher.withInterceptedStreams(DefaultLauncher.java:202) ~[junit-platform-launcher-1.3.1.jar:1.3.1]
	at org.junit.platform.launcher.core.DefaultLauncher.execute(DefaultLauncher.java:181) ~[junit-platform-launcher-1.3.1.jar:1.3.1]
	at org.junit.platform.launcher.core.DefaultLauncher.execute(DefaultLauncher.java:128) ~[junit-platform-launcher-1.3.1.jar:1.3.1]
	at org.apache.maven.surefire.junitplatform.JUnitPlatformProvider.invokeAllTests(JUnitPlatformProvider.java:150) ~[surefire-junit-platform-2.22.2.jar:2.22.2]
	at org.apache.maven.surefire.junitplatform.JUnitPlatformProvider.invoke(JUnitPlatformProvider.java:124) ~[surefire-junit-platform-2.22.2.jar:2.22.2]
	at org.apache.maven.surefire.booter.ForkedBooter.invokeProviderInSameClassLoader(ForkedBooter.java:384) ~[surefire-booter-2.22.2.jar:2.22.2]
	at org.apache.maven.surefire.booter.ForkedBooter.runSuitesInProcess(ForkedBooter.java:345) ~[surefire-booter-2.22.2.jar:2.22.2]
	at org.apache.maven.surefire.booter.ForkedBooter.execute(ForkedBooter.java:126) ~[surefire-booter-2.22.2.jar:2.22.2]
	at org.apache.maven.surefire.booter.ForkedBooter.main(ForkedBooter.java:418) ~[surefire-booter-2.22.2.jar:2.22.2]
Caused by: org.springframework.beans.factory.UnsatisfiedDependencyException: Error creating bean with name 'userProfileResource': Unsatisfied dependency expressed through field 'userProfileRepository'; nested exception is org.springframework.beans.factory.BeanCreationException: Error creating bean with name 'userProfileRepository' defined in no.klp.cosmodbpoc.UserProfileRepository defined in @EnableReactiveCosmosRepositories declared on UserProfileConfiguration: Invocation of init method failed; nested exception is org.springframework.beans.BeanInstantiationException: Failed to instantiate [com.azure.spring.data.cosmos.repository.support.SimpleReactiveCosmosRepository]: Constructor threw exception; nested exception is com.azure.spring.data.cosmos.exception.CosmosAccessException: Failed to create container; nested exception is {"ClassName":"CosmosException","userAgent":"azsdk-java-cosmos/4.33.1 Windows10/10.0 JRE/17","statusCode":400,"resourceAddress":"https://sandbox-cosmos-db-poc-account-norwayeast.documents.azure.com:443/dbs/testdb/colls","error":"{\"code\":\"BadRequest\",\"message\":\"Setting offer throughput or autopilot on container is not supported for serverless accounts.\\r\\nActivityId: d843a0a0-cccb-4bb7-b532-4f6a1e0c7e12, Microsoft.Azure.Documents.Common/2.14.0, StatusCode: BadRequest\",\"additionalErrorInfo\":null}","innerErrorMessage":"Setting offer throughput or autopilot on container is not supported for serverless accounts.\r\nActivityId: d843a0a0-cccb-4bb7-b532-4f6a1e0c7e12, Microsoft.Azure.Documents.Common/2.14.0, StatusCode: BadRequest","causeInfo":null,"responseHeaders":"{Content-Type=application/json, Date=Mon, 15 Aug 2022 09:39:52 GMT, Server=Microsoft-HTTPAPI/2.0, Strict-Transport-Security=max-age=31536000, Transfer-Encoding=chunked, x-ms-activity-id=d843a0a0-cccb-4bb7-b532-4f6a1e0c7e12, x-ms-gatewayversion=version=2.14.0}","requestHeaders":"[Accept=application/json, x-ms-date=Mon, 15 Aug 2022 09:39:53 GMT, x-ms-offer-throughput=400, Content-Type=application/json]","cosmosDiagnostics":{"userAgent":"azsdk-java-cosmos/4.33.1 Windows10/10.0 JRE/17","activityId":"d843a0a0-cccb-4bb7-b532-4f6a1e0c7e12","requestLatencyInMs":62,"requestStartTimeUTC":"2022-08-15T09:39:53.608958500Z","requestEndTimeUTC":"2022-08-15T09:39:53.671912800Z","responseStatisticsList":[],"supplementalResponseStatisticsList":[],"addressResolutionStatistics":{},"regionsContacted":["norway east"],"retryContext":{"statusAndSubStatusCodes":null,"retryLatency":0,"retryCount":0},"metadataDiagnosticsContext":{"metadataDiagnosticList":null},"serializationDiagnosticsContext":{"serializationDiagnosticsList":[{"serializationType":"CONTAINER_SERIALIZATION","startTimeUTC":"2022-08-15T09:39:53.608958500Z","endTimeUTC":"2022-08-15T09:39:53.609960300Z","durationInMilliSecs":1.0018}]},"gatewayStatistics":{"sessionToken":null,"operationType":"Create","resourceType":"DocumentCollection","statusCode":400,"subStatusCode":0,"requestCharge":0.0,"requestTimeline":[{"eventName":"connectionCreated","startTimeUTC":"2022-08-15T09:39:53.612713100Z","durationInMilliSecs":39.0866},{"eventName":"connectionConfigured","startTimeUTC":"2022-08-15T09:39:53.651799700Z","durationInMilliSecs":0.0},{"eventName":"requestSent","startTimeUTC":"2022-08-15T09:39:53.651799700Z","durationInMilliSecs":4.5491},{"eventName":"transitTime","startTimeUTC":"2022-08-15T09:39:53.656348800Z","durationInMilliSecs":14.0832},{"eventName":"received","startTimeUTC":"2022-08-15T09:39:53.670432Z","durationInMilliSecs":0.9385}],"partitionKeyRangeId":null,"exceptionMessage":"Setting offer throughput or autopilot on container is not supported for serverless accounts.\r\nActivityId: d843a0a0-cccb-4bb7-b532-4f6a1e0c7e12, Microsoft.Azure.Documents.Common/2.14.0, StatusCode: BadRequest","exceptionResponseHeaders":"{Content-Type=application/json, Date=Mon, 15 Aug 2022 09:39:52 GMT, Server=Microsoft-HTTPAPI/2.0, Strict-Transport-Security=max-age=31536000, Transfer-Encoding=chunked, x-ms-activity-id=d843a0a0-cccb-4bb7-b532-4f6a1e0c7e12, x-ms-gatewayversion=version=2.14.0}"},"systemInformation":{"usedMemory":"65510 KB","availableMemory":"8253466 KB","systemCpuLoad":"empty","availableProcessors":8},"clientCfgs":{"id":1,"machineId":"uuid:e53a458b-00e0-4e37-a5ec-08dc74d74003","connectionMode":"DIRECT","numberOfClients":0,"connCfg":{"rntbd":"(cto:PT5S, nrto:PT5S, icto:PT0S, ieto:PT1H, mcpe:130, mrpc:30, cer:true)","gw":"(cps:1000, nrto:PT1M, icto:PT1M, p:false)","other":"(ed: true, cs: false)"},"consistencyCfg":"(consistency: null, mm: true, prgns: [])"}}}
	at org.springframework.beans.factory.annotation.AutowiredAnnotationBeanPostProcessor$AutowiredFieldElement.resolveFieldValue(AutowiredAnnotationBeanPostProcessor.java:659) ~[spring-beans-5.3.19.jar:5.3.19]
	at org.springframework.beans.factory.annotation.AutowiredAnnotationBeanPostProcessor$AutowiredFieldElement.inject(AutowiredAnnotationBeanPostProcessor.java:639) ~[spring-beans-5.3.19.jar:5.3.19]
	at org.springframework.beans.factory.annotation.InjectionMetadata.inject(InjectionMetadata.java:119) ~[spring-beans-5.3.19.jar:5.3.19]
	at org.springframework.beans.factory.annotation.AutowiredAnnotationBeanPostProcessor.postProcessProperties(AutowiredAnnotationBeanPostProcessor.java:399) ~[spring-beans-5.3.19.jar:5.3.19]
	at org.springframework.beans.factory.support.AbstractAutowireCapableBeanFactory.populateBean(AbstractAutowireCapableBeanFactory.java:1431) ~[spring-beans-5.3.19.jar:5.3.19]
	at org.springframework.beans.factory.support.AbstractAutowireCapableBeanFactory.doCreateBean(AbstractAutowireCapableBeanFactory.java:619) ~[spring-beans-5.3.19.jar:5.3.19]
	at org.springframework.beans.factory.support.AbstractAutowireCapableBeanFactory.createBean(AbstractAutowireCapableBeanFactory.java:542) ~[spring-beans-5.3.19.jar:5.3.19]
	at org.springframework.beans.factory.support.AbstractBeanFactory.lambda$doGetBean$0(AbstractBeanFactory.java:335) ~[spring-beans-5.3.19.jar:5.3.19]
	at org.springframework.beans.factory.support.DefaultSingletonBeanRegistry.getSingleton(DefaultSingletonBeanRegistry.java:234) ~[spring-beans-5.3.19.jar:5.3.19]
	at org.springframework.beans.factory.support.AbstractBeanFactory.doGetBean(AbstractBeanFactory.java:333) ~[spring-beans-5.3.19.jar:5.3.19]
	at org.springframework.beans.factory.support.AbstractBeanFactory.getBean(AbstractBeanFactory.java:208) ~[spring-beans-5.3.19.jar:5.3.19]
	at org.springframework.beans.factory.support.DefaultListableBeanFactory.preInstantiateSingletons(DefaultListableBeanFactory.java:953) ~[spring-beans-5.3.19.jar:5.3.19]
	at org.springframework.context.support.AbstractApplicationContext.finishBeanFactoryInitialization(AbstractApplicationContext.java:918) ~[spring-context-5.3.19.jar:5.3.19]
	at org.springframework.context.support.AbstractApplicationContext.refresh(AbstractApplicationContext.java:583) ~[spring-context-5.3.19.jar:5.3.19]
	at org.springframework.boot.SpringApplication.refresh(SpringApplication.java:740) ~[spring-boot-2.6.7.jar:2.6.7]
	at org.springframework.boot.SpringApplication.refreshContext(SpringApplication.java:415) ~[spring-boot-2.6.7.jar:2.6.7]
	at org.springframework.boot.SpringApplication.run(SpringApplication.java:303) ~[spring-boot-2.6.7.jar:2.6.7]
	at org.springframework.boot.test.context.SpringBootContextLoader.loadContext(SpringBootContextLoader.java:144) ~[spring-boot-test-2.6.7.jar:2.6.7]
	at org.springframework.test.context.cache.DefaultCacheAwareContextLoaderDelegate.loadContextInternal(DefaultCacheAwareContextLoaderDelegate.java:99) ~[spring-test-5.3.19.jar:5.3.19]
	at org.springframework.test.context.cache.DefaultCacheAwareContextLoaderDelegate.loadContext(DefaultCacheAwareContextLoaderDelegate.java:124) ~[spring-test-5.3.19.jar:5.3.19]
	... 67 common frames omitted
Caused by: org.springframework.beans.factory.BeanCreationException: Error creating bean with name 'userProfileRepository' defined in no.klp.cosmodbpoc.UserProfileRepository defined in @EnableReactiveCosmosRepositories declared on UserProfileConfiguration: Invocation of init method failed; nested exception is org.springframework.beans.BeanInstantiationException: Failed to instantiate [com.azure.spring.data.cosmos.repository.support.SimpleReactiveCosmosRepository]: Constructor threw exception; nested exception is com.azure.spring.data.cosmos.exception.CosmosAccessException: Failed to create container; nested exception is {"ClassName":"CosmosException","userAgent":"azsdk-java-cosmos/4.33.1 Windows10/10.0 JRE/17","statusCode":400,"resourceAddress":"https://sandbox-cosmos-db-poc-account-norwayeast.documents.azure.com:443/dbs/testdb/colls","error":"{\"code\":\"BadRequest\",\"message\":\"Setting offer throughput or autopilot on container is not supported for serverless accounts.\\r\\nActivityId: d843a0a0-cccb-4bb7-b532-4f6a1e0c7e12, Microsoft.Azure.Documents.Common/2.14.0, StatusCode: BadRequest\",\"additionalErrorInfo\":null}","innerErrorMessage":"Setting offer throughput or autopilot on container is not supported for serverless accounts.\r\nActivityId: d843a0a0-cccb-4bb7-b532-4f6a1e0c7e12, Microsoft.Azure.Documents.Common/2.14.0, StatusCode: BadRequest","causeInfo":null,"responseHeaders":"{Content-Type=application/json, Date=Mon, 15 Aug 2022 09:39:52 GMT, Server=Microsoft-HTTPAPI/2.0, Strict-Transport-Security=max-age=31536000, Transfer-Encoding=chunked, x-ms-activity-id=d843a0a0-cccb-4bb7-b532-4f6a1e0c7e12, x-ms-gatewayversion=version=2.14.0}","requestHeaders":"[Accept=application/json, x-ms-date=Mon, 15 Aug 2022 09:39:53 GMT, x-ms-offer-throughput=400, Content-Type=application/json]","cosmosDiagnostics":{"userAgent":"azsdk-java-cosmos/4.33.1 Windows10/10.0 JRE/17","activityId":"d843a0a0-cccb-4bb7-b532-4f6a1e0c7e12","requestLatencyInMs":62,"requestStartTimeUTC":"2022-08-15T09:39:53.608958500Z","requestEndTimeUTC":"2022-08-15T09:39:53.671912800Z","responseStatisticsList":[],"supplementalResponseStatisticsList":[],"addressResolutionStatistics":{},"regionsContacted":["norway east"],"retryContext":{"statusAndSubStatusCodes":null,"retryLatency":0,"retryCount":0},"metadataDiagnosticsContext":{"metadataDiagnosticList":null},"serializationDiagnosticsContext":{"serializationDiagnosticsList":[{"serializationType":"CONTAINER_SERIALIZATION","startTimeUTC":"2022-08-15T09:39:53.608958500Z","endTimeUTC":"2022-08-15T09:39:53.609960300Z","durationInMilliSecs":1.0018}]},"gatewayStatistics":{"sessionToken":null,"operationType":"Create","resourceType":"DocumentCollection","statusCode":400,"subStatusCode":0,"requestCharge":0.0,"requestTimeline":[{"eventName":"connectionCreated","startTimeUTC":"2022-08-15T09:39:53.612713100Z","durationInMilliSecs":39.0866},{"eventName":"connectionConfigured","startTimeUTC":"2022-08-15T09:39:53.651799700Z","durationInMilliSecs":0.0},{"eventName":"requestSent","startTimeUTC":"2022-08-15T09:39:53.651799700Z","durationInMilliSecs":4.5491},{"eventName":"transitTime","startTimeUTC":"2022-08-15T09:39:53.656348800Z","durationInMilliSecs":14.0832},{"eventName":"received","startTimeUTC":"2022-08-15T09:39:53.670432Z","durationInMilliSecs":0.9385}],"partitionKeyRangeId":null,"exceptionMessage":"Setting offer throughput or autopilot on container is not supported for serverless accounts.\r\nActivityId: d843a0a0-cccb-4bb7-b532-4f6a1e0c7e12, Microsoft.Azure.Documents.Common/2.14.0, StatusCode: BadRequest","exceptionResponseHeaders":"{Content-Type=application/json, Date=Mon, 15 Aug 2022 09:39:52 GMT, Server=Microsoft-HTTPAPI/2.0, Strict-Transport-Security=max-age=31536000, Transfer-Encoding=chunked, x-ms-activity-id=d843a0a0-cccb-4bb7-b532-4f6a1e0c7e12, x-ms-gatewayversion=version=2.14.0}"},"systemInformation":{"usedMemory":"65510 KB","availableMemory":"8253466 KB","systemCpuLoad":"empty","availableProcessors":8},"clientCfgs":{"id":1,"machineId":"uuid:e53a458b-00e0-4e37-a5ec-08dc74d74003","connectionMode":"DIRECT","numberOfClients":0,"connCfg":{"rntbd":"(cto:PT5S, nrto:PT5S, icto:PT0S, ieto:PT1H, mcpe:130, mrpc:30, cer:true)","gw":"(cps:1000, nrto:PT1M, icto:PT1M, p:false)","other":"(ed: true, cs: false)"},"consistencyCfg":"(consistency: null, mm: true, prgns: [])"}}}
	at org.springframework.beans.factory.support.AbstractAutowireCapableBeanFactory.initializeBean(AbstractAutowireCapableBeanFactory.java:1804) ~[spring-beans-5.3.19.jar:5.3.19]
	at org.springframework.beans.factory.support.AbstractAutowireCapableBeanFactory.doCreateBean(AbstractAutowireCapableBeanFactory.java:620) ~[spring-beans-5.3.19.jar:5.3.19]
	at org.springframework.beans.factory.support.AbstractAutowireCapableBeanFactory.createBean(AbstractAutowireCapableBeanFactory.java:542) ~[spring-beans-5.3.19.jar:5.3.19]
	at org.springframework.beans.factory.support.AbstractBeanFactory.lambda$doGetBean$0(AbstractBeanFactory.java:335) ~[spring-beans-5.3.19.jar:5.3.19]
	at org.springframework.beans.factory.support.DefaultSingletonBeanRegistry.getSingleton(DefaultSingletonBeanRegistry.java:234) ~[spring-beans-5.3.19.jar:5.3.19]
	at org.springframework.beans.factory.support.AbstractBeanFactory.doGetBean(AbstractBeanFactory.java:333) ~[spring-beans-5.3.19.jar:5.3.19]
	at org.springframework.beans.factory.support.AbstractBeanFactory.getBean(AbstractBeanFactory.java:208) ~[spring-beans-5.3.19.jar:5.3.19]
	at org.springframework.beans.factory.config.DependencyDescriptor.resolveCandidate(DependencyDescriptor.java:276) ~[spring-beans-5.3.19.jar:5.3.19]
	at org.springframework.beans.factory.support.DefaultListableBeanFactory.doResolveDependency(DefaultListableBeanFactory.java:1389) ~[spring-beans-5.3.19.jar:5.3.19]
	at org.springframework.beans.factory.support.DefaultListableBeanFactory.resolveDependency(DefaultListableBeanFactory.java:1309) ~[spring-beans-5.3.19.jar:5.3.19]
	at org.springframework.beans.factory.annotation.AutowiredAnnotationBeanPostProcessor$AutowiredFieldElement.resolveFieldValue(AutowiredAnnotationBeanPostProcessor.java:656) ~[spring-beans-5.3.19.jar:5.3.19]
	... 86 common frames omitted
Caused by: org.springframework.beans.BeanInstantiationException: Failed to instantiate [com.azure.spring.data.cosmos.repository.support.SimpleReactiveCosmosRepository]: Constructor threw exception; nested exception is com.azure.spring.data.cosmos.exception.CosmosAccessException: Failed to create container; nested exception is {"ClassName":"CosmosException","userAgent":"azsdk-java-cosmos/4.33.1 Windows10/10.0 JRE/17","statusCode":400,"resourceAddress":"https://sandbox-cosmos-db-poc-account-norwayeast.documents.azure.com:443/dbs/testdb/colls","error":"{\"code\":\"BadRequest\",\"message\":\"Setting offer throughput or autopilot on container is not supported for serverless accounts.\\r\\nActivityId: d843a0a0-cccb-4bb7-b532-4f6a1e0c7e12, Microsoft.Azure.Documents.Common/2.14.0, StatusCode: BadRequest\",\"additionalErrorInfo\":null}","innerErrorMessage":"Setting offer throughput or autopilot on container is not supported for serverless accounts.\r\nActivityId: d843a0a0-cccb-4bb7-b532-4f6a1e0c7e12, Microsoft.Azure.Documents.Common/2.14.0, StatusCode: BadRequest","causeInfo":null,"responseHeaders":"{Content-Type=application/json, Date=Mon, 15 Aug 2022 09:39:52 GMT, Server=Microsoft-HTTPAPI/2.0, Strict-Transport-Security=max-age=31536000, Transfer-Encoding=chunked, x-ms-activity-id=d843a0a0-cccb-4bb7-b532-4f6a1e0c7e12, x-ms-gatewayversion=version=2.14.0}","requestHeaders":"[Accept=application/json, x-ms-date=Mon, 15 Aug 2022 09:39:53 GMT, x-ms-offer-throughput=400, Content-Type=application/json]","cosmosDiagnostics":{"userAgent":"azsdk-java-cosmos/4.33.1 Windows10/10.0 JRE/17","activityId":"d843a0a0-cccb-4bb7-b532-4f6a1e0c7e12","requestLatencyInMs":62,"requestStartTimeUTC":"2022-08-15T09:39:53.608958500Z","requestEndTimeUTC":"2022-08-15T09:39:53.671912800Z","responseStatisticsList":[],"supplementalResponseStatisticsList":[],"addressResolutionStatistics":{},"regionsContacted":["norway east"],"retryContext":{"statusAndSubStatusCodes":null,"retryLatency":0,"retryCount":0},"metadataDiagnosticsContext":{"metadataDiagnosticList":null},"serializationDiagnosticsContext":{"serializationDiagnosticsList":[{"serializationType":"CONTAINER_SERIALIZATION","startTimeUTC":"2022-08-15T09:39:53.608958500Z","endTimeUTC":"2022-08-15T09:39:53.609960300Z","durationInMilliSecs":1.0018}]},"gatewayStatistics":{"sessionToken":null,"operationType":"Create","resourceType":"DocumentCollection","statusCode":400,"subStatusCode":0,"requestCharge":0.0,"requestTimeline":[{"eventName":"connectionCreated","startTimeUTC":"2022-08-15T09:39:53.612713100Z","durationInMilliSecs":39.0866},{"eventName":"connectionConfigured","startTimeUTC":"2022-08-15T09:39:53.651799700Z","durationInMilliSecs":0.0},{"eventName":"requestSent","startTimeUTC":"2022-08-15T09:39:53.651799700Z","durationInMilliSecs":4.5491},{"eventName":"transitTime","startTimeUTC":"2022-08-15T09:39:53.656348800Z","durationInMilliSecs":14.0832},{"eventName":"received","startTimeUTC":"2022-08-15T09:39:53.670432Z","durationInMilliSecs":0.9385}],"partitionKeyRangeId":null,"exceptionMessage":"Setting offer throughput or autopilot on container is not supported for serverless accounts.\r\nActivityId: d843a0a0-cccb-4bb7-b532-4f6a1e0c7e12, Microsoft.Azure.Documents.Common/2.14.0, StatusCode: BadRequest","exceptionResponseHeaders":"{Content-Type=application/json, Date=Mon, 15 Aug 2022 09:39:52 GMT, Server=Microsoft-HTTPAPI/2.0, Strict-Transport-Security=max-age=31536000, Transfer-Encoding=chunked, x-ms-activity-id=d843a0a0-cccb-4bb7-b532-4f6a1e0c7e12, x-ms-gatewayversion=version=2.14.0}"},"systemInformation":{"usedMemory":"65510 KB","availableMemory":"8253466 KB","systemCpuLoad":"empty","availableProcessors":8},"clientCfgs":{"id":1,"machineId":"uuid:e53a458b-00e0-4e37-a5ec-08dc74d74003","connectionMode":"DIRECT","numberOfClients":0,"connCfg":{"rntbd":"(cto:PT5S, nrto:PT5S, icto:PT0S, ieto:PT1H, mcpe:130, mrpc:30, cer:true)","gw":"(cps:1000, nrto:PT1M, icto:PT1M, p:false)","other":"(ed: true, cs: false)"},"consistencyCfg":"(consistency: null, mm: true, prgns: [])"}}}
	at org.springframework.beans.BeanUtils.instantiateClass(BeanUtils.java:224) ~[spring-beans-5.3.19.jar:5.3.19]
	at org.springframework.data.repository.core.support.RepositoryFactorySupport.lambda$instantiateClass$5(RepositoryFactorySupport.java:578) ~[spring-data-commons-2.6.4.jar:2.6.4]
	at java.base/java.util.Optional.map(Optional.java:260) ~[na:na]
	at org.springframework.data.repository.core.support.RepositoryFactorySupport.instantiateClass(RepositoryFactorySupport.java:578) ~[spring-data-commons-2.6.4.jar:2.6.4]
	at org.springframework.data.repository.core.support.RepositoryFactorySupport.getTargetRepositoryViaReflection(RepositoryFactorySupport.java:543) ~[spring-data-commons-2.6.4.jar:2.6.4]
	at com.azure.spring.data.cosmos.repository.support.ReactiveCosmosRepositoryFactory.getTargetRepository(ReactiveCosmosRepositoryFactory.java:48) ~[azure-spring-data-cosmos-3.25.0.jar:3.25.0]
	at org.springframework.data.repository.core.support.RepositoryFactorySupport.getRepository(RepositoryFactorySupport.java:324) ~[spring-data-commons-2.6.4.jar:2.6.4]
	at org.springframework.data.repository.core.support.RepositoryFactoryBeanSupport.lambda$afterPropertiesSet$5(RepositoryFactoryBeanSupport.java:322) ~[spring-data-commons-2.6.4.jar:2.6.4]
	at org.springframework.data.util.Lazy.getNullable(Lazy.java:230) ~[spring-data-commons-2.6.4.jar:2.6.4]
	at org.springframework.data.util.Lazy.get(Lazy.java:114) ~[spring-data-commons-2.6.4.jar:2.6.4]
	at org.springframework.data.repository.core.support.RepositoryFactoryBeanSupport.afterPropertiesSet(RepositoryFactoryBeanSupport.java:328) ~[spring-data-commons-2.6.4.jar:2.6.4]
	at com.azure.spring.data.cosmos.repository.support.ReactiveCosmosRepositoryFactoryBean.afterPropertiesSet(ReactiveCosmosRepositoryFactoryBean.java:64) ~[azure-spring-data-cosmos-3.25.0.jar:3.25.0]
	at org.springframework.beans.factory.support.AbstractAutowireCapableBeanFactory.invokeInitMethods(AbstractAutowireCapableBeanFactory.java:1863) ~[spring-beans-5.3.19.jar:5.3.19]
	at org.springframework.beans.factory.support.AbstractAutowireCapableBeanFactory.initializeBean(AbstractAutowireCapableBeanFactory.java:1800) ~[spring-beans-5.3.19.jar:5.3.19]
	... 96 common frames omitted
Caused by: com.azure.spring.data.cosmos.exception.CosmosAccessException: Failed to create container; nested exception is {"ClassName":"CosmosException","userAgent":"azsdk-java-cosmos/4.33.1 Windows10/10.0 JRE/17","statusCode":400,"resourceAddress":"https://sandbox-cosmos-db-poc-account-norwayeast.documents.azure.com:443/dbs/testdb/colls","error":"{\"code\":\"BadRequest\",\"message\":\"Setting offer throughput or autopilot on container is not supported for serverless accounts.\\r\\nActivityId: d843a0a0-cccb-4bb7-b532-4f6a1e0c7e12, Microsoft.Azure.Documents.Common/2.14.0, StatusCode: BadRequest\",\"additionalErrorInfo\":null}","innerErrorMessage":"Setting offer throughput or autopilot on container is not supported for serverless accounts.\r\nActivityId: d843a0a0-cccb-4bb7-b532-4f6a1e0c7e12, Microsoft.Azure.Documents.Common/2.14.0, StatusCode: BadRequest","causeInfo":null,"responseHeaders":"{Content-Type=application/json, Date=Mon, 15 Aug 2022 09:39:52 GMT, Server=Microsoft-HTTPAPI/2.0, Strict-Transport-Security=max-age=31536000, Transfer-Encoding=chunked, x-ms-activity-id=d843a0a0-cccb-4bb7-b532-4f6a1e0c7e12, x-ms-gatewayversion=version=2.14.0}","requestHeaders":"[Accept=application/json, x-ms-date=Mon, 15 Aug 2022 09:39:53 GMT, x-ms-offer-throughput=400, Content-Type=application/json]","cosmosDiagnostics":{"userAgent":"azsdk-java-cosmos/4.33.1 Windows10/10.0 JRE/17","activityId":"d843a0a0-cccb-4bb7-b532-4f6a1e0c7e12","requestLatencyInMs":62,"requestStartTimeUTC":"2022-08-15T09:39:53.608958500Z","requestEndTimeUTC":"2022-08-15T09:39:53.671912800Z","responseStatisticsList":[],"supplementalResponseStatisticsList":[],"addressResolutionStatistics":{},"regionsContacted":["norway east"],"retryContext":{"statusAndSubStatusCodes":null,"retryLatency":0,"retryCount":0},"metadataDiagnosticsContext":{"metadataDiagnosticList":null},"serializationDiagnosticsContext":{"serializationDiagnosticsList":[{"serializationType":"CONTAINER_SERIALIZATION","startTimeUTC":"2022-08-15T09:39:53.608958500Z","endTimeUTC":"2022-08-15T09:39:53.609960300Z","durationInMilliSecs":1.0018}]},"gatewayStatistics":{"sessionToken":null,"operationType":"Create","resourceType":"DocumentCollection","statusCode":400,"subStatusCode":0,"requestCharge":0.0,"requestTimeline":[{"eventName":"connectionCreated","startTimeUTC":"2022-08-15T09:39:53.612713100Z","durationInMilliSecs":39.0866},{"eventName":"connectionConfigured","startTimeUTC":"2022-08-15T09:39:53.651799700Z","durationInMilliSecs":0.0},{"eventName":"requestSent","startTimeUTC":"2022-08-15T09:39:53.651799700Z","durationInMilliSecs":4.5491},{"eventName":"transitTime","startTimeUTC":"2022-08-15T09:39:53.656348800Z","durationInMilliSecs":14.0832},{"eventName":"received","startTimeUTC":"2022-08-15T09:39:53.670432Z","durationInMilliSecs":0.9385}],"partitionKeyRangeId":null,"exceptionMessage":"Setting offer throughput or autopilot on container is not supported for serverless accounts.\r\nActivityId: d843a0a0-cccb-4bb7-b532-4f6a1e0c7e12, Microsoft.Azure.Documents.Common/2.14.0, StatusCode: BadRequest","exceptionResponseHeaders":"{Content-Type=application/json, Date=Mon, 15 Aug 2022 09:39:52 GMT, Server=Microsoft-HTTPAPI/2.0, Strict-Transport-Security=max-age=31536000, Transfer-Encoding=chunked, x-ms-activity-id=d843a0a0-cccb-4bb7-b532-4f6a1e0c7e12, x-ms-gatewayversion=version=2.14.0}"},"systemInformation":{"usedMemory":"65510 KB","availableMemory":"8253466 KB","systemCpuLoad":"empty","availableProcessors":8},"clientCfgs":{"id":1,"machineId":"uuid:e53a458b-00e0-4e37-a5ec-08dc74d74003","connectionMode":"DIRECT","numberOfClients":0,"connCfg":{"rntbd":"(cto:PT5S, nrto:PT5S, icto:PT0S, ieto:PT1H, mcpe:130, mrpc:30, cer:true)","gw":"(cps:1000, nrto:PT1M, icto:PT1M, p:false)","other":"(ed: true, cs: false)"},"consistencyCfg":"(consistency: null, mm: true, prgns: [])"}}}
	at com.azure.spring.data.cosmos.exception.CosmosExceptionUtils.exceptionHandler(CosmosExceptionUtils.java:38) ~[azure-spring-data-cosmos-3.25.0.jar:3.25.0]
	at com.azure.spring.data.cosmos.core.ReactiveCosmosTemplate.lambda$createContainerIfNotExists$2(ReactiveCosmosTemplate.java:196) ~[azure-spring-data-cosmos-3.25.0.jar:3.25.0]
	at reactor.core.publisher.FluxOnErrorResume$ResumeSubscriber.onError(FluxOnErrorResume.java:94) ~[reactor-core-3.4.17.jar:3.4.17]
	at reactor.core.publisher.FluxMap$MapSubscriber.onError(FluxMap.java:132) ~[reactor-core-3.4.17.jar:3.4.17]
	at reactor.core.publisher.FluxOnErrorResume$ResumeSubscriber.onError(FluxOnErrorResume.java:106) ~[reactor-core-3.4.17.jar:3.4.17]
	at reactor.core.publisher.MonoSingle$SingleSubscriber.onError(MonoSingle.java:150) ~[reactor-core-3.4.17.jar:3.4.17]
	at reactor.core.publisher.FluxMap$MapSubscriber.onError(FluxMap.java:132) ~[reactor-core-3.4.17.jar:3.4.17]
	at reactor.core.publisher.SerializedSubscriber.onError(SerializedSubscriber.java:124) ~[reactor-core-3.4.17.jar:3.4.17]
	at reactor.core.publisher.FluxRetryWhen$RetryWhenMainSubscriber.whenError(FluxRetryWhen.java:225) ~[reactor-core-3.4.17.jar:3.4.17]
	at reactor.core.publisher.FluxRetryWhen$RetryWhenOtherSubscriber.onError(FluxRetryWhen.java:274) ~[reactor-core-3.4.17.jar:3.4.17]
	at reactor.core.publisher.FluxFlatMap$FlatMapMain.checkTerminated(FluxFlatMap.java:842) ~[reactor-core-3.4.17.jar:3.4.17]
	at reactor.core.publisher.FluxFlatMap$FlatMapMain.drainLoop(FluxFlatMap.java:608) ~[reactor-core-3.4.17.jar:3.4.17]
	at reactor.core.publisher.FluxFlatMap$FlatMapMain.drain(FluxFlatMap.java:588) ~[reactor-core-3.4.17.jar:3.4.17]
	at reactor.core.publisher.FluxFlatMap$FlatMapMain.innerError(FluxFlatMap.java:863) ~[reactor-core-3.4.17.jar:3.4.17]
	at reactor.core.publisher.FluxFlatMap$FlatMapInner.onError(FluxFlatMap.java:990) ~[reactor-core-3.4.17.jar:3.4.17]
	at reactor.core.publisher.FluxFlatMap$FlatMapMain.checkTerminated(FluxFlatMap.java:842) ~[reactor-core-3.4.17.jar:3.4.17]
	at reactor.core.publisher.FluxFlatMap$FlatMapMain.drainLoop(FluxFlatMap.java:608) ~[reactor-core-3.4.17.jar:3.4.17]
	at reactor.core.publisher.FluxFlatMap$FlatMapMain.drain(FluxFlatMap.java:588) ~[reactor-core-3.4.17.jar:3.4.17]
	at reactor.core.publisher.FluxFlatMap$FlatMapMain.onError(FluxFlatMap.java:451) ~[reactor-core-3.4.17.jar:3.4.17]
	at reactor.core.publisher.FluxFlatMap$FlatMapMain.onNext(FluxFlatMap.java:416) ~[reactor-core-3.4.17.jar:3.4.17]
	at reactor.core.publisher.Operators$ScalarSubscription.request(Operators.java:2398) ~[reactor-core-3.4.17.jar:3.4.17]
	at reactor.core.publisher.FluxFlatMap$FlatMapMain.onSubscribe(FluxFlatMap.java:371) ~[reactor-core-3.4.17.jar:3.4.17]
	at reactor.core.publisher.FluxFlatMap.trySubscribeScalarMap(FluxFlatMap.java:192) ~[reactor-core-3.4.17.jar:3.4.17]
	at reactor.core.publisher.MonoFlatMap.subscribeOrReturn(MonoFlatMap.java:53) ~[reactor-core-3.4.17.jar:3.4.17]
	at reactor.core.publisher.Flux.subscribe(Flux.java:8455) ~[reactor-core-3.4.17.jar:3.4.17]
	at reactor.core.publisher.FluxFlatMap$FlatMapMain.onNext(FluxFlatMap.java:426) ~[reactor-core-3.4.17.jar:3.4.17]
	at reactor.core.publisher.FluxMap$MapSubscriber.onNext(FluxMap.java:120) ~[reactor-core-3.4.17.jar:3.4.17]
	at reactor.core.publisher.EmitterProcessor.drain(EmitterProcessor.java:491) ~[reactor-core-3.4.17.jar:3.4.17]
	at reactor.core.publisher.EmitterProcessor.tryEmitNext(EmitterProcessor.java:299) ~[reactor-core-3.4.17.jar:3.4.17]
	at reactor.core.publisher.SinkManySerialized.tryEmitNext(SinkManySerialized.java:100) ~[reactor-core-3.4.17.jar:3.4.17]
	at reactor.core.publisher.InternalManySink.emitNext(InternalManySink.java:27) ~[reactor-core-3.4.17.jar:3.4.17]
	at reactor.core.publisher.FluxRetryWhen$RetryWhenMainSubscriber.onError(FluxRetryWhen.java:190) ~[reactor-core-3.4.17.jar:3.4.17]
	at reactor.core.publisher.FluxPeekFuseable$PeekFuseableSubscriber.onError(FluxPeekFuseable.java:234) ~[reactor-core-3.4.17.jar:3.4.17]
	at reactor.core.publisher.FluxMapFuseable$MapFuseableSubscriber.onError(FluxMapFuseable.java:140) ~[reactor-core-3.4.17.jar:3.4.17]
	at reactor.core.publisher.MonoFlatMap$FlatMapMain.onError(MonoFlatMap.java:172) ~[reactor-core-3.4.17.jar:3.4.17]
	at reactor.core.publisher.FluxOnErrorResume$ResumeSubscriber.onError(FluxOnErrorResume.java:106) ~[reactor-core-3.4.17.jar:3.4.17]
	at reactor.core.publisher.Operators.error(Operators.java:198) ~[reactor-core-3.4.17.jar:3.4.17]
	at reactor.core.publisher.MonoError.subscribe(MonoError.java:53) ~[reactor-core-3.4.17.jar:3.4.17]
	at reactor.core.publisher.Mono.subscribe(Mono.java:4400) ~[reactor-core-3.4.17.jar:3.4.17]
	at reactor.core.publisher.FluxOnErrorResume$ResumeSubscriber.onError(FluxOnErrorResume.java:103) ~[reactor-core-3.4.17.jar:3.4.17]
	at reactor.core.publisher.MonoIgnoreThen$ThenIgnoreMain.onError(MonoIgnoreThen.java:278) ~[reactor-core-3.4.17.jar:3.4.17]
	at reactor.core.publisher.SerializedSubscriber.onError(SerializedSubscriber.java:124) ~[reactor-core-3.4.17.jar:3.4.17]
	at reactor.core.publisher.FluxRetryWhen$RetryWhenMainSubscriber.whenError(FluxRetryWhen.java:225) ~[reactor-core-3.4.17.jar:3.4.17]
	at reactor.core.publisher.FluxRetryWhen$RetryWhenOtherSubscriber.onError(FluxRetryWhen.java:274) ~[reactor-core-3.4.17.jar:3.4.17]
	at reactor.core.publisher.FluxFlatMap$FlatMapMain.checkTerminated(FluxFlatMap.java:842) ~[reactor-core-3.4.17.jar:3.4.17]
	at reactor.core.publisher.FluxFlatMap$FlatMapMain.drainLoop(FluxFlatMap.java:608) ~[reactor-core-3.4.17.jar:3.4.17]
	at reactor.core.publisher.FluxFlatMap$FlatMapMain.drain(FluxFlatMap.java:588) ~[reactor-core-3.4.17.jar:3.4.17]
	at reactor.core.publisher.FluxFlatMap$FlatMapMain.innerError(FluxFlatMap.java:863) ~[reactor-core-3.4.17.jar:3.4.17]
	at reactor.core.publisher.FluxFlatMap$FlatMapInner.onError(FluxFlatMap.java:990) ~[reactor-core-3.4.17.jar:3.4.17]
	at reactor.core.publisher.Operators.error(Operators.java:198) ~[reactor-core-3.4.17.jar:3.4.17]
	at reactor.core.publisher.FluxFlatMap.trySubscribeScalarMap(FluxFlatMap.java:182) ~[reactor-core-3.4.17.jar:3.4.17]
	at reactor.core.publisher.FluxFlatMap.subscribeOrReturn(FluxFlatMap.java:93) ~[reactor-core-3.4.17.jar:3.4.17]
	at reactor.core.publisher.Flux.subscribe(Flux.java:8455) ~[reactor-core-3.4.17.jar:3.4.17]
	at reactor.core.publisher.FluxFlatMap$FlatMapMain.onNext(FluxFlatMap.java:426) ~[reactor-core-3.4.17.jar:3.4.17]
	at reactor.core.publisher.FluxMap$MapSubscriber.onNext(FluxMap.java:120) ~[reactor-core-3.4.17.jar:3.4.17]
	at reactor.core.publisher.EmitterProcessor.drain(EmitterProcessor.java:491) ~[reactor-core-3.4.17.jar:3.4.17]
	at reactor.core.publisher.EmitterProcessor.tryEmitNext(EmitterProcessor.java:299) ~[reactor-core-3.4.17.jar:3.4.17]
	at reactor.core.publisher.SinkManySerialized.tryEmitNext(SinkManySerialized.java:100) ~[reactor-core-3.4.17.jar:3.4.17]
	at reactor.core.publisher.InternalManySink.emitNext(InternalManySink.java:27) ~[reactor-core-3.4.17.jar:3.4.17]
	at reactor.core.publisher.FluxRetryWhen$RetryWhenMainSubscriber.onError(FluxRetryWhen.java:190) ~[reactor-core-3.4.17.jar:3.4.17]
	at reactor.core.publisher.MonoSingle$SingleSubscriber.onError(MonoSingle.java:150) ~[reactor-core-3.4.17.jar:3.4.17]
	at reactor.core.publisher.FluxOnErrorResume$ResumeSubscriber.onError(FluxOnErrorResume.java:106) ~[reactor-core-3.4.17.jar:3.4.17]
	at reactor.core.publisher.Operators.error(Operators.java:198) ~[reactor-core-3.4.17.jar:3.4.17]
	at reactor.core.publisher.MonoError.subscribe(MonoError.java:53) ~[reactor-core-3.4.17.jar:3.4.17]
	at reactor.core.publisher.Mono.subscribe(Mono.java:4400) ~[reactor-core-3.4.17.jar:3.4.17]
	at reactor.core.publisher.FluxOnErrorResume$ResumeSubscriber.onError(FluxOnErrorResume.java:103) ~[reactor-core-3.4.17.jar:3.4.17]
	at reactor.core.publisher.FluxMapFuseable$MapFuseableSubscriber.onError(FluxMapFuseable.java:140) ~[reactor-core-3.4.17.jar:3.4.17]
	at reactor.core.publisher.MonoFlatMap$FlatMapMain.secondError(MonoFlatMap.java:192) ~[reactor-core-3.4.17.jar:3.4.17]
	at reactor.core.publisher.MonoFlatMap$FlatMapInner.onError(MonoFlatMap.java:259) ~[reactor-core-3.4.17.jar:3.4.17]
	at reactor.core.publisher.MonoSingle$SingleSubscriber.onError(MonoSingle.java:150) ~[reactor-core-3.4.17.jar:3.4.17]
	at reactor.core.publisher.FluxMap$MapSubscriber.onError(FluxMap.java:132) ~[reactor-core-3.4.17.jar:3.4.17]
	at reactor.core.publisher.FluxMap$MapSubscriber.onNext(FluxMap.java:112) ~[reactor-core-3.4.17.jar:3.4.17]
	at reactor.core.publisher.FluxSwitchIfEmpty$SwitchIfEmptySubscriber.onNext(FluxSwitchIfEmpty.java:74) ~[reactor-core-3.4.17.jar:3.4.17]
	at reactor.core.publisher.FluxPeek$PeekSubscriber.onNext(FluxPeek.java:200) ~[reactor-core-3.4.17.jar:3.4.17]
	at reactor.core.publisher.FluxHandle$HandleSubscriber.onNext(FluxHandle.java:126) ~[reactor-core-3.4.17.jar:3.4.17]
	at reactor.core.publisher.FluxMap$MapConditionalSubscriber.onNext(FluxMap.java:220) ~[reactor-core-3.4.17.jar:3.4.17]
	at reactor.core.publisher.FluxDoFinally$DoFinallySubscriber.onNext(FluxDoFinally.java:130) ~[reactor-core-3.4.17.jar:3.4.17]
	at reactor.core.publisher.FluxHandleFuseable$HandleFuseableSubscriber.onNext(FluxHandleFuseable.java:191) ~[reactor-core-3.4.17.jar:3.4.17]
	at reactor.core.publisher.FluxContextWrite$ContextWriteSubscriber.onNext(FluxContextWrite.java:107) ~[reactor-core-3.4.17.jar:3.4.17]
	at reactor.core.publisher.Operators$MonoSubscriber.complete(Operators.java:1816) ~[reactor-core-3.4.17.jar:3.4.17]
	at reactor.core.publisher.MonoCollectList$MonoCollectListSubscriber.onComplete(MonoCollectList.java:128) ~[reactor-core-3.4.17.jar:3.4.17]
	at reactor.core.publisher.FluxPeek$PeekSubscriber.onComplete(FluxPeek.java:260) ~[reactor-core-3.4.17.jar:3.4.17]
	at reactor.core.publisher.FluxMap$MapSubscriber.onComplete(FluxMap.java:142) ~[reactor-core-3.4.17.jar:3.4.17]
	at reactor.netty.channel.FluxReceive.onInboundComplete(FluxReceive.java:400) ~[reactor-netty-core-1.0.18.jar:1.0.18]
	at reactor.netty.channel.ChannelOperations.onInboundComplete(ChannelOperations.java:419) ~[reactor-netty-core-1.0.18.jar:1.0.18]
	at reactor.netty.channel.ChannelOperations.terminate(ChannelOperations.java:473) ~[reactor-netty-core-1.0.18.jar:1.0.18]
	at reactor.netty.http.client.HttpClientOperations.onInboundNext(HttpClientOperations.java:703) ~[reactor-netty-http-1.0.18.jar:1.0.18]
	at reactor.netty.channel.ChannelOperationsHandler.channelRead(ChannelOperationsHandler.java:93) ~[reactor-netty-core-1.0.18.jar:1.0.18]
	at io.netty.channel.AbstractChannelHandlerContext.invokeChannelRead(AbstractChannelHandlerContext.java:379) ~[netty-transport-4.1.76.Final.jar:4.1.76.Final]
	at io.netty.channel.AbstractChannelHandlerContext.invokeChannelRead(AbstractChannelHandlerContext.java:365) ~[netty-transport-4.1.76.Final.jar:4.1.76.Final]
	at io.netty.channel.AbstractChannelHandlerContext.fireChannelRead(AbstractChannelHandlerContext.java:357) ~[netty-transport-4.1.76.Final.jar:4.1.76.Final]
	at io.netty.handler.timeout.IdleStateHandler.channelRead(IdleStateHandler.java:286) ~[netty-handler-4.1.76.Final.jar:4.1.76.Final]
	at io.netty.channel.AbstractChannelHandlerContext.invokeChannelRead(AbstractChannelHandlerContext.java:379) ~[netty-transport-4.1.76.Final.jar:4.1.76.Final]
	at io.netty.channel.AbstractChannelHandlerContext.invokeChannelRead(AbstractChannelHandlerContext.java:365) ~[netty-transport-4.1.76.Final.jar:4.1.76.Final]
	at io.netty.channel.AbstractChannelHandlerContext.fireChannelRead(AbstractChannelHandlerContext.java:357) ~[netty-transport-4.1.76.Final.jar:4.1.76.Final]
	at io.netty.channel.CombinedChannelDuplexHandler$DelegatingChannelHandlerContext.fireChannelRead(CombinedChannelDuplexHandler.java:436) ~[netty-transport-4.1.76.Final.jar:4.1.76.Final]
	at io.netty.handler.codec.ByteToMessageDecoder.fireChannelRead(ByteToMessageDecoder.java:327) ~[netty-codec-4.1.76.Final.jar:4.1.76.Final]
	at io.netty.handler.codec.ByteToMessageDecoder.channelRead(ByteToMessageDecoder.java:299) ~[netty-codec-4.1.76.Final.jar:4.1.76.Final]
	at io.netty.channel.CombinedChannelDuplexHandler.channelRead(CombinedChannelDuplexHandler.java:251) ~[netty-transport-4.1.76.Final.jar:4.1.76.Final]
	at io.netty.channel.AbstractChannelHandlerContext.invokeChannelRead(AbstractChannelHandlerContext.java:379) ~[netty-transport-4.1.76.Final.jar:4.1.76.Final]
	at io.netty.channel.AbstractChannelHandlerContext.invokeChannelRead(AbstractChannelHandlerContext.java:365) ~[netty-transport-4.1.76.Final.jar:4.1.76.Final]
	at io.netty.channel.AbstractChannelHandlerContext.fireChannelRead(AbstractChannelHandlerContext.java:357) ~[netty-transport-4.1.76.Final.jar:4.1.76.Final]
	at io.netty.handler.ssl.SslHandler.unwrap(SslHandler.java:1372) ~[netty-handler-4.1.76.Final.jar:4.1.76.Final]
	at io.netty.handler.ssl.SslHandler.decodeNonJdkCompatible(SslHandler.java:1246) ~[netty-handler-4.1.76.Final.jar:4.1.76.Final]
	at io.netty.handler.ssl.SslHandler.decode(SslHandler.java:1286) ~[netty-handler-4.1.76.Final.jar:4.1.76.Final]
	at io.netty.handler.codec.ByteToMessageDecoder.decodeRemovalReentryProtection(ByteToMessageDecoder.java:510) ~[netty-codec-4.1.76.Final.jar:4.1.76.Final]
	at io.netty.handler.codec.ByteToMessageDecoder.callDecode(ByteToMessageDecoder.java:449) ~[netty-codec-4.1.76.Final.jar:4.1.76.Final]
	at io.netty.handler.codec.ByteToMessageDecoder.channelRead(ByteToMessageDecoder.java:279) ~[netty-codec-4.1.76.Final.jar:4.1.76.Final]
	at io.netty.channel.AbstractChannelHandlerContext.invokeChannelRead(AbstractChannelHandlerContext.java:379) ~[netty-transport-4.1.76.Final.jar:4.1.76.Final]
	at io.netty.channel.AbstractChannelHandlerContext.invokeChannelRead(AbstractChannelHandlerContext.java:365) ~[netty-transport-4.1.76.Final.jar:4.1.76.Final]
	at io.netty.channel.AbstractChannelHandlerContext.fireChannelRead(AbstractChannelHandlerContext.java:357) ~[netty-transport-4.1.76.Final.jar:4.1.76.Final]
	at io.netty.channel.DefaultChannelPipeline$HeadContext.channelRead(DefaultChannelPipeline.java:1410) ~[netty-transport-4.1.76.Final.jar:4.1.76.Final]
	at io.netty.channel.AbstractChannelHandlerContext.invokeChannelRead(AbstractChannelHandlerContext.java:379) ~[netty-transport-4.1.76.Final.jar:4.1.76.Final]
	at io.netty.channel.AbstractChannelHandlerContext.invokeChannelRead(AbstractChannelHandlerContext.java:365) ~[netty-transport-4.1.76.Final.jar:4.1.76.Final]
	at io.netty.channel.DefaultChannelPipeline.fireChannelRead(DefaultChannelPipeline.java:919) ~[netty-transport-4.1.76.Final.jar:4.1.76.Final]
	at io.netty.channel.nio.AbstractNioByteChannel$NioByteUnsafe.read(AbstractNioByteChannel.java:166) ~[netty-transport-4.1.76.Final.jar:4.1.76.Final]
	at io.netty.channel.nio.NioEventLoop.processSelectedKey(NioEventLoop.java:722) ~[netty-transport-4.1.76.Final.jar:4.1.76.Final]
	at io.netty.channel.nio.NioEventLoop.processSelectedKeysOptimized(NioEventLoop.java:658) ~[netty-transport-4.1.76.Final.jar:4.1.76.Final]
	at io.netty.channel.nio.NioEventLoop.processSelectedKeys(NioEventLoop.java:584) ~[netty-transport-4.1.76.Final.jar:4.1.76.Final]
	at io.netty.channel.nio.NioEventLoop.run(NioEventLoop.java:496) ~[netty-transport-4.1.76.Final.jar:4.1.76.Final]
	at io.netty.util.concurrent.SingleThreadEventExecutor$4.run(SingleThreadEventExecutor.java:986) ~[netty-common-4.1.76.Final.jar:4.1.76.Final]
	at io.netty.util.internal.ThreadExecutorMap$2.run(ThreadExecutorMap.java:74) ~[netty-common-4.1.76.Final.jar:4.1.76.Final]
	at io.netty.util.concurrent.FastThreadLocalRunnable.run(FastThreadLocalRunnable.java:30) ~[netty-common-4.1.76.Final.jar:4.1.76.Final]
	at java.base/java.lang.Thread.run(Thread.java:833) ~[na:na]
	Suppressed: com.azure.cosmos.CosmosException: {"innerErrorMessage":"Setting offer throughput or autopilot on container is not supported for serverless accounts.\r\nActivityId: d843a0a0-cccb-4bb7-b532-4f6a1e0c7e12, Microsoft.Azure.Documents.Common/2.14.0, StatusCode: BadRequest","cosmosDiagnostics":{"userAgent":"azsdk-java-cosmos/4.33.1 Windows10/10.0 JRE/17","activityId":"d843a0a0-cccb-4bb7-b532-4f6a1e0c7e12","requestLatencyInMs":62,"requestStartTimeUTC":"2022-08-15T09:39:53.608958500Z","requestEndTimeUTC":"2022-08-15T09:39:53.671912800Z","responseStatisticsList":[],"supplementalResponseStatisticsList":[],"addressResolutionStatistics":{},"regionsContacted":["norway east"],"retryContext":{"statusAndSubStatusCodes":null,"retryLatency":0,"retryCount":0},"metadataDiagnosticsContext":{"metadataDiagnosticList":null},"serializationDiagnosticsContext":{"serializationDiagnosticsList":[{"serializationType":"CONTAINER_SERIALIZATION","startTimeUTC":"2022-08-15T09:39:53.608958500Z","endTimeUTC":"2022-08-15T09:39:53.609960300Z","durationInMilliSecs":1.0018}]},"gatewayStatistics":{"sessionToken":null,"operationType":"Create","resourceType":"DocumentCollection","statusCode":400,"subStatusCode":0,"requestCharge":0.0,"requestTimeline":[{"eventName":"connectionCreated","startTimeUTC":"2022-08-15T09:39:53.612713100Z","durationInMilliSecs":39.0866},{"eventName":"connectionConfigured","startTimeUTC":"2022-08-15T09:39:53.651799700Z","durationInMilliSecs":0.0},{"eventName":"requestSent","startTimeUTC":"2022-08-15T09:39:53.651799700Z","durationInMilliSecs":4.5491},{"eventName":"transitTime","startTimeUTC":"2022-08-15T09:39:53.656348800Z","durationInMilliSecs":14.0832},{"eventName":"received","startTimeUTC":"2022-08-15T09:39:53.670432Z","durationInMilliSecs":0.9385}],"partitionKeyRangeId":null,"exceptionMessage":"Setting offer throughput or autopilot on container is not supported for serverless accounts.\r\nActivityId: d843a0a0-cccb-4bb7-b532-4f6a1e0c7e12, Microsoft.Azure.Documents.Common/2.14.0, StatusCode: BadRequest","exceptionResponseHeaders":"{Content-Type=application/json, Date=Mon, 15 Aug 2022 09:39:52 GMT, Server=Microsoft-HTTPAPI/2.0, Strict-Transport-Security=max-age=31536000, Transfer-Encoding=chunked, x-ms-activity-id=d843a0a0-cccb-4bb7-b532-4f6a1e0c7e12, x-ms-gatewayversion=version=2.14.0}"},"systemInformation":{"usedMemory":"65510 KB","availableMemory":"8253466 KB","systemCpuLoad":"empty","availableProcessors":8},"clientCfgs":{"id":1,"machineId":"uuid:e53a458b-00e0-4e37-a5ec-08dc74d74003","connectionMode":"DIRECT","numberOfClients":0,"connCfg":{"rntbd":"(cto:PT5S, nrto:PT5S, icto:PT0S, ieto:PT1H, mcpe:130, mrpc:30, cer:true)","gw":"(cps:1000, nrto:PT1M, icto:PT1M, p:false)","other":"(ed: true, cs: false)"},"consistencyCfg":"(consistency: null, mm: true, prgns: [])"}}}
	Suppressed: java.lang.Exception: #block terminated with an error
		at reactor.core.publisher.BlockingSingleSubscriber.blockingGet(BlockingSingleSubscriber.java:99) ~[reactor-core-3.4.17.jar:3.4.17]
		at reactor.core.publisher.Mono.block(Mono.java:1707) ~[reactor-core-3.4.17.jar:3.4.17]
		at com.azure.spring.data.cosmos.repository.support.SimpleReactiveCosmosRepository.createContainerIfNotExists(SimpleReactiveCosmosRepository.java:75) ~[azure-spring-data-cosmos-3.25.0.jar:3.25.0]
		at com.azure.spring.data.cosmos.repository.support.SimpleReactiveCosmosRepository.<init>(SimpleReactiveCosmosRepository.java:45) ~[azure-spring-data-cosmos-3.25.0.jar:3.25.0]
		at java.base/jdk.internal.reflect.NativeConstructorAccessorImpl.newInstance0(Native Method) ~[na:na]
		at java.base/jdk.internal.reflect.NativeConstructorAccessorImpl.newInstance(NativeConstructorAccessorImpl.java:77) ~[na:na]
		at java.base/jdk.internal.reflect.DelegatingConstructorAccessorImpl.newInstance(DelegatingConstructorAccessorImpl.java:45) ~[na:na]
		at java.base/java.lang.reflect.Constructor.newInstanceWithCaller(Constructor.java:499) ~[na:na]
		at java.base/java.lang.reflect.Constructor.newInstance(Constructor.java:480) ~[na:na]
		at org.springframework.beans.BeanUtils.instantiateClass(BeanUtils.java:211) ~[spring-beans-5.3.19.jar:5.3.19]
		at org.springframework.data.repository.core.support.RepositoryFactorySupport.lambda$instantiateClass$5(RepositoryFactorySupport.java:578) ~[spring-data-commons-2.6.4.jar:2.6.4]
		at java.base/java.util.Optional.map(Optional.java:260) ~[na:na]
		at org.springframework.data.repository.core.support.RepositoryFactorySupport.instantiateClass(RepositoryFactorySupport.java:578) ~[spring-data-commons-2.6.4.jar:2.6.4]
		at org.springframework.data.repository.core.support.RepositoryFactorySupport.getTargetRepositoryViaReflection(RepositoryFactorySupport.java:543) ~[spring-data-commons-2.6.4.jar:2.6.4]
		at com.azure.spring.data.cosmos.repository.support.ReactiveCosmosRepositoryFactory.getTargetRepository(ReactiveCosmosRepositoryFactory.java:48) ~[azure-spring-data-cosmos-3.25.0.jar:3.25.0]
		at org.springframework.data.repository.core.support.RepositoryFactorySupport.getRepository(RepositoryFactorySupport.java:324) ~[spring-data-commons-2.6.4.jar:2.6.4]
		at org.springframework.data.repository.core.support.RepositoryFactoryBeanSupport.lambda$afterPropertiesSet$5(RepositoryFactoryBeanSupport.java:322) ~[spring-data-commons-2.6.4.jar:2.6.4]
		at org.springframework.data.util.Lazy.getNullable(Lazy.java:230) ~[spring-data-commons-2.6.4.jar:2.6.4]
		at org.springframework.data.util.Lazy.get(Lazy.java:114) ~[spring-data-commons-2.6.4.jar:2.6.4]
		at org.springframework.data.repository.core.support.RepositoryFactoryBeanSupport.afterPropertiesSet(RepositoryFactoryBeanSupport.java:328) ~[spring-data-commons-2.6.4.jar:2.6.4]
		at com.azure.spring.data.cosmos.repository.support.ReactiveCosmosRepositoryFactoryBean.afterPropertiesSet(ReactiveCosmosRepositoryFactoryBean.java:64) ~[azure-spring-data-cosmos-3.25.0.jar:3.25.0]
		at org.springframework.beans.factory.support.AbstractAutowireCapableBeanFactory.invokeInitMethods(AbstractAutowireCapableBeanFactory.java:1863) ~[spring-beans-5.3.19.jar:5.3.19]
		at org.springframework.beans.factory.support.AbstractAutowireCapableBeanFactory.initializeBean(AbstractAutowireCapableBeanFactory.java:1800) ~[spring-beans-5.3.19.jar:5.3.19]
		at org.springframework.beans.factory.support.AbstractAutowireCapableBeanFactory.doCreateBean(AbstractAutowireCapableBeanFactory.java:620) ~[spring-beans-5.3.19.jar:5.3.19]
		at org.springframework.beans.factory.support.AbstractAutowireCapableBeanFactory.createBean(AbstractAutowireCapableBeanFactory.java:542) ~[spring-beans-5.3.19.jar:5.3.19]
		at org.springframework.beans.factory.support.AbstractBeanFactory.lambda$doGetBean$0(AbstractBeanFactory.java:335) ~[spring-beans-5.3.19.jar:5.3.19]
		at org.springframework.beans.factory.support.DefaultSingletonBeanRegistry.getSingleton(DefaultSingletonBeanRegistry.java:234) ~[spring-beans-5.3.19.jar:5.3.19]
		at org.springframework.beans.factory.support.AbstractBeanFactory.doGetBean(AbstractBeanFactory.java:333) ~[spring-beans-5.3.19.jar:5.3.19]
		at org.springframework.beans.factory.support.AbstractBeanFactory.getBean(AbstractBeanFactory.java:208) ~[spring-beans-5.3.19.jar:5.3.19]
		at org.springframework.beans.factory.config.DependencyDescriptor.resolveCandidate(DependencyDescriptor.java:276) ~[spring-beans-5.3.19.jar:5.3.19]
		at org.springframework.beans.factory.support.DefaultListableBeanFactory.doResolveDependency(DefaultListableBeanFactory.java:1389) ~[spring-beans-5.3.19.jar:5.3.19]
		at org.springframework.beans.factory.support.DefaultListableBeanFactory.resolveDependency(DefaultListableBeanFactory.java:1309) ~[spring-beans-5.3.19.jar:5.3.19]
		at org.springframework.beans.factory.annotation.AutowiredAnnotationBeanPostProcessor$AutowiredFieldElement.resolveFieldValue(AutowiredAnnotationBeanPostProcessor.java:656) ~[spring-beans-5.3.19.jar:5.3.19]
		at org.springframework.beans.factory.annotation.AutowiredAnnotationBeanPostProcessor$AutowiredFieldElement.inject(AutowiredAnnotationBeanPostProcessor.java:639) ~[spring-beans-5.3.19.jar:5.3.19]
		at org.springframework.beans.factory.annotation.InjectionMetadata.inject(InjectionMetadata.java:119) ~[spring-beans-5.3.19.jar:5.3.19]
		at org.springframework.beans.factory.annotation.AutowiredAnnotationBeanPostProcessor.postProcessProperties(AutowiredAnnotationBeanPostProcessor.java:399) ~[spring-beans-5.3.19.jar:5.3.19]
		at org.springframework.beans.factory.support.AbstractAutowireCapableBeanFactory.populateBean(AbstractAutowireCapableBeanFactory.java:1431) ~[spring-beans-5.3.19.jar:5.3.19]
		at org.springframework.beans.factory.support.AbstractAutowireCapableBeanFactory.doCreateBean(AbstractAutowireCapableBeanFactory.java:619) ~[spring-beans-5.3.19.jar:5.3.19]
		at org.springframework.beans.factory.support.AbstractAutowireCapableBeanFactory.createBean(AbstractAutowireCapableBeanFactory.java:542) ~[spring-beans-5.3.19.jar:5.3.19]
		at org.springframework.beans.factory.support.AbstractBeanFactory.lambda$doGetBean$0(AbstractBeanFactory.java:335) ~[spring-beans-5.3.19.jar:5.3.19]
		at org.springframework.beans.factory.support.DefaultSingletonBeanRegistry.getSingleton(DefaultSingletonBeanRegistry.java:234) ~[spring-beans-5.3.19.jar:5.3.19]
		at org.springframework.beans.factory.support.AbstractBeanFactory.doGetBean(AbstractBeanFactory.java:333) ~[spring-beans-5.3.19.jar:5.3.19]
		at org.springframework.beans.factory.support.AbstractBeanFactory.getBean(AbstractBeanFactory.java:208) ~[spring-beans-5.3.19.jar:5.3.19]
		at org.springframework.beans.factory.support.DefaultListableBeanFactory.preInstantiateSingletons(DefaultListableBeanFactory.java:953) ~[spring-beans-5.3.19.jar:5.3.19]
		at org.springframework.context.support.AbstractApplicationContext.finishBeanFactoryInitialization(AbstractApplicationContext.java:918) ~[spring-context-5.3.19.jar:5.3.19]
		at org.springframework.context.support.AbstractApplicationContext.refresh(AbstractApplicationContext.java:583) ~[spring-context-5.3.19.jar:5.3.19]
		at org.springframework.boot.SpringApplication.refresh(SpringApplication.java:740) ~[spring-boot-2.6.7.jar:2.6.7]
		at org.springframework.boot.SpringApplication.refreshContext(SpringApplication.java:415) ~[spring-boot-2.6.7.jar:2.6.7]
		at org.springframework.boot.SpringApplication.run(SpringApplication.java:303) ~[spring-boot-2.6.7.jar:2.6.7]
		at org.springframework.boot.test.context.SpringBootContextLoader.loadContext(SpringBootContextLoader.java:144) ~[spring-boot-test-2.6.7.jar:2.6.7]
		at org.springframework.test.context.cache.DefaultCacheAwareContextLoaderDelegate.loadContextInternal(DefaultCacheAwareContextLoaderDelegate.java:99) ~[spring-test-5.3.19.jar:5.3.19]
		at org.springframework.test.context.cache.DefaultCacheAwareContextLoaderDelegate.loadContext(DefaultCacheAwareContextLoaderDelegate.java:124) ~[spring-test-5.3.19.jar:5.3.19]
		at org.springframework.test.context.support.DefaultTestContext.getApplicationContext(DefaultTestContext.java:124) ~[spring-test-5.3.19.jar:5.3.19]
		at org.springframework.test.context.web.ServletTestExecutionListener.setUpRequestContextIfNecessary(ServletTestExecutionListener.java:190) ~[spring-test-5.3.19.jar:5.3.19]
		at org.springframework.test.context.web.ServletTestExecutionListener.prepareTestInstance(ServletTestExecutionListener.java:132) ~[spring-test-5.3.19.jar:5.3.19]
		at org.springframework.test.context.TestContextManager.prepareTestInstance(TestContextManager.java:248) ~[spring-test-5.3.19.jar:5.3.19]
		at org.springframework.test.context.junit.jupiter.SpringExtension.postProcessTestInstance(SpringExtension.java:138) ~[spring-test-5.3.19.jar:5.3.19]
		at org.junit.jupiter.engine.descriptor.ClassBasedTestDescriptor.lambda$invokeTestInstancePostProcessors$8(ClassBasedTestDescriptor.java:363) ~[junit-jupiter-engine-5.8.2.jar:5.8.2]
		at org.junit.jupiter.engine.descriptor.ClassBasedTestDescriptor.executeAndMaskThrowable(ClassBasedTestDescriptor.java:368) ~[junit-jupiter-engine-5.8.2.jar:5.8.2]
		at org.junit.jupiter.engine.descriptor.ClassBasedTestDescriptor.lambda$invokeTestInstancePostProcessors$9(ClassBasedTestDescriptor.java:363) ~[junit-jupiter-engine-5.8.2.jar:5.8.2]
		at java.base/java.util.stream.ReferencePipeline$3$1.accept(ReferencePipeline.java:197) ~[na:na]
		at java.base/java.util.stream.ReferencePipeline$2$1.accept(ReferencePipeline.java:179) ~[na:na]
		at java.base/java.util.ArrayList$ArrayListSpliterator.forEachRemaining(ArrayList.java:1625) ~[na:na]
		at java.base/java.util.stream.AbstractPipeline.copyInto(AbstractPipeline.java:509) ~[na:na]
		at java.base/java.util.stream.AbstractPipeline.wrapAndCopyInto(AbstractPipeline.java:499) ~[na:na]
		at java.base/java.util.stream.StreamSpliterators$WrappingSpliterator.forEachRemaining(StreamSpliterators.java:310) ~[na:na]
		at java.base/java.util.stream.Streams$ConcatSpliterator.forEachRemaining(Streams.java:735) ~[na:na]
		at java.base/java.util.stream.Streams$ConcatSpliterator.forEachRemaining(Streams.java:734) ~[na:na]
		at java.base/java.util.stream.ReferencePipeline$Head.forEach(ReferencePipeline.java:762) ~[na:na]
		at org.junit.jupiter.engine.descriptor.ClassBasedTestDescriptor.invokeTestInstancePostProcessors(ClassBasedTestDescriptor.java:362) ~[junit-jupiter-engine-5.8.2.jar:5.8.2]
		at org.junit.jupiter.engine.descriptor.ClassBasedTestDescriptor.lambda$instantiateAndPostProcessTestInstance$6(ClassBasedTestDescriptor.java:283) ~[junit-jupiter-engine-5.8.2.jar:5.8.2]
		at org.junit.platform.engine.support.hierarchical.ThrowableCollector.execute(ThrowableCollector.java:73) ~[junit-platform-engine-1.8.2.jar:1.8.2]
		at org.junit.jupiter.engine.descriptor.ClassBasedTestDescriptor.instantiateAndPostProcessTestInstance(ClassBasedTestDescriptor.java:282) ~[junit-jupiter-engine-5.8.2.jar:5.8.2]
		at org.junit.jupiter.engine.descriptor.ClassBasedTestDescriptor.lambda$testInstancesProvider$4(ClassBasedTestDescriptor.java:272) ~[junit-jupiter-engine-5.8.2.jar:5.8.2]
		at java.base/java.util.Optional.orElseGet(Optional.java:364) ~[na:na]
		at org.junit.jupiter.engine.descriptor.ClassBasedTestDescriptor.lambda$testInstancesProvider$5(ClassBasedTestDescriptor.java:271) ~[junit-jupiter-engine-5.8.2.jar:5.8.2]
		at org.junit.jupiter.engine.execution.TestInstancesProvider.getTestInstances(TestInstancesProvider.java:31) ~[junit-jupiter-engine-5.8.2.jar:5.8.2]
		at org.junit.jupiter.engine.descriptor.TestMethodTestDescriptor.lambda$prepare$0(TestMethodTestDescriptor.java:102) ~[junit-jupiter-engine-5.8.2.jar:5.8.2]
		at org.junit.platform.engine.support.hierarchical.ThrowableCollector.execute(ThrowableCollector.java:73) ~[junit-platform-engine-1.8.2.jar:1.8.2]
		at org.junit.jupiter.engine.descriptor.TestMethodTestDescriptor.prepare(TestMethodTestDescriptor.java:101) ~[junit-jupiter-engine-5.8.2.jar:5.8.2]
		at org.junit.jupiter.engine.descriptor.TestMethodTestDescriptor.prepare(TestMethodTestDescriptor.java:66) ~[junit-jupiter-engine-5.8.2.jar:5.8.2]
		at org.junit.platform.engine.support.hierarchical.NodeTestTask.lambda$prepare$2(NodeTestTask.java:123) ~[junit-platform-engine-1.8.2.jar:1.8.2]
		at org.junit.platform.engine.support.hierarchical.ThrowableCollector.execute(ThrowableCollector.java:73) ~[junit-platform-engine-1.8.2.jar:1.8.2]
		at org.junit.platform.engine.support.hierarchical.NodeTestTask.prepare(NodeTestTask.java:123) ~[junit-platform-engine-1.8.2.jar:1.8.2]
		at org.junit.platform.engine.support.hierarchical.NodeTestTask.execute(NodeTestTask.java:90) ~[junit-platform-engine-1.8.2.jar:1.8.2]
		at java.base/java.util.ArrayList.forEach(ArrayList.java:1511) ~[na:na]
		at org.junit.platform.engine.support.hierarchical.SameThreadHierarchicalTestExecutorService.invokeAll(SameThreadHierarchicalTestExecutorService.java:41) ~[junit-platform-engine-1.8.2.jar:1.8.2]
		at org.junit.platform.engine.support.hierarchical.NodeTestTask.lambda$executeRecursively$6(NodeTestTask.java:155) ~[junit-platform-engine-1.8.2.jar:1.8.2]
		at org.junit.platform.engine.support.hierarchical.ThrowableCollector.execute(ThrowableCollector.java:73) ~[junit-platform-engine-1.8.2.jar:1.8.2]
		at org.junit.platform.engine.support.hierarchical.NodeTestTask.lambda$executeRecursively$8(NodeTestTask.java:141) ~[junit-platform-engine-1.8.2.jar:1.8.2]
		at org.junit.platform.engine.support.hierarchical.Node.around(Node.java:137) ~[junit-platform-engine-1.8.2.jar:1.8.2]
		at org.junit.platform.engine.support.hierarchical.NodeTestTask.lambda$executeRecursively$9(NodeTestTask.java:139) ~[junit-platform-engine-1.8.2.jar:1.8.2]
		at org.junit.platform.engine.support.hierarchical.ThrowableCollector.execute(ThrowableCollector.java:73) ~[junit-platform-engine-1.8.2.jar:1.8.2]
		at org.junit.platform.engine.support.hierarchical.NodeTestTask.executeRecursively(NodeTestTask.java:138) ~[junit-platform-engine-1.8.2.jar:1.8.2]
		at org.junit.platform.engine.support.hierarchical.NodeTestTask.execute(NodeTestTask.java:95) ~[junit-platform-engine-1.8.2.jar:1.8.2]
		at java.base/java.util.ArrayList.forEach(ArrayList.java:1511) ~[na:na]
		at org.junit.platform.engine.support.hierarchical.SameThreadHierarchicalTestExecutorService.invokeAll(SameThreadHierarchicalTestExecutorService.java:41) ~[junit-platform-engine-1.8.2.jar:1.8.2]
		at org.junit.platform.engine.support.hierarchical.NodeTestTask.lambda$executeRecursively$6(NodeTestTask.java:155) ~[junit-platform-engine-1.8.2.jar:1.8.2]
		at org.junit.platform.engine.support.hierarchical.ThrowableCollector.execute(ThrowableCollector.java:73) ~[junit-platform-engine-1.8.2.jar:1.8.2]
		at org.junit.platform.engine.support.hierarchical.NodeTestTask.lambda$executeRecursively$8(NodeTestTask.java:141) ~[junit-platform-engine-1.8.2.jar:1.8.2]
		at org.junit.platform.engine.support.hierarchical.Node.around(Node.java:137) ~[junit-platform-engine-1.8.2.jar:1.8.2]
		at org.junit.platform.engine.support.hierarchical.NodeTestTask.lambda$executeRecursively$9(NodeTestTask.java:139) ~[junit-platform-engine-1.8.2.jar:1.8.2]
		at org.junit.platform.engine.support.hierarchical.ThrowableCollector.execute(ThrowableCollector.java:73) ~[junit-platform-engine-1.8.2.jar:1.8.2]
		at org.junit.platform.engine.support.hierarchical.NodeTestTask.executeRecursively(NodeTestTask.java:138) ~[junit-platform-engine-1.8.2.jar:1.8.2]
		at org.junit.platform.engine.support.hierarchical.NodeTestTask.execute(NodeTestTask.java:95) ~[junit-platform-engine-1.8.2.jar:1.8.2]
		at org.junit.platform.engine.support.hierarchical.SameThreadHierarchicalTestExecutorService.submit(SameThreadHierarchicalTestExecutorService.java:35) ~[junit-platform-engine-1.8.2.jar:1.8.2]
		at org.junit.platform.engine.support.hierarchical.HierarchicalTestExecutor.execute(HierarchicalTestExecutor.java:57) ~[junit-platform-engine-1.8.2.jar:1.8.2]
		at org.junit.platform.engine.support.hierarchical.HierarchicalTestEngine.execute(HierarchicalTestEngine.java:54) ~[junit-platform-engine-1.8.2.jar:1.8.2]
		at org.junit.platform.launcher.core.DefaultLauncher.execute(DefaultLauncher.java:220) ~[junit-platform-launcher-1.3.1.jar:1.3.1]
		at org.junit.platform.launcher.core.DefaultLauncher.lambda$execute$6(DefaultLauncher.java:188) ~[junit-platform-launcher-1.3.1.jar:1.3.1]
		at org.junit.platform.launcher.core.DefaultLauncher.withInterceptedStreams(DefaultLauncher.java:202) ~[junit-platform-launcher-1.3.1.jar:1.3.1]
		at org.junit.platform.launcher.core.DefaultLauncher.execute(DefaultLauncher.java:181) ~[junit-platform-launcher-1.3.1.jar:1.3.1]
		at org.junit.platform.launcher.core.DefaultLauncher.execute(DefaultLauncher.java:128) ~[junit-platform-launcher-1.3.1.jar:1.3.1]
		at org.apache.maven.surefire.junitplatform.JUnitPlatformProvider.invokeAllTests(JUnitPlatformProvider.java:150) ~[surefire-junit-platform-2.22.2.jar:2.22.2]
		at org.apache.maven.surefire.junitplatform.JUnitPlatformProvider.invoke(JUnitPlatformProvider.java:124) ~[surefire-junit-platform-2.22.2.jar:2.22.2]
		at org.apache.maven.surefire.booter.ForkedBooter.invokeProviderInSameClassLoader(ForkedBooter.java:384) ~[surefire-booter-2.22.2.jar:2.22.2]
		at org.apache.maven.surefire.booter.ForkedBooter.runSuitesInProcess(ForkedBooter.java:345) ~[surefire-booter-2.22.2.jar:2.22.2]
		at org.apache.maven.surefire.booter.ForkedBooter.execute(ForkedBooter.java:126) ~[surefire-booter-2.22.2.jar:2.22.2]
		at org.apache.maven.surefire.booter.ForkedBooter.main(ForkedBooter.java:418) ~[surefire-booter-2.22.2.jar:2.22.2]
Caused by: com.azure.cosmos.CosmosException: {"innerErrorMessage":"Setting offer throughput or autopilot on container is not supported for serverless accounts.\r\nActivityId: d843a0a0-cccb-4bb7-b532-4f6a1e0c7e12, Microsoft.Azure.Documents.Common/2.14.0, StatusCode: BadRequest","cosmosDiagnostics":{"userAgent":"azsdk-java-cosmos/4.33.1 Windows10/10.0 JRE/17","activityId":"d843a0a0-cccb-4bb7-b532-4f6a1e0c7e12","requestLatencyInMs":62,"requestStartTimeUTC":"2022-08-15T09:39:53.608958500Z","requestEndTimeUTC":"2022-08-15T09:39:53.671912800Z","responseStatisticsList":[],"supplementalResponseStatisticsList":[],"addressResolutionStatistics":{},"regionsContacted":["norway east"],"retryContext":{"statusAndSubStatusCodes":null,"retryLatency":0,"retryCount":0},"metadataDiagnosticsContext":{"metadataDiagnosticList":null},"serializationDiagnosticsContext":{"serializationDiagnosticsList":[{"serializationType":"CONTAINER_SERIALIZATION","startTimeUTC":"2022-08-15T09:39:53.608958500Z","endTimeUTC":"2022-08-15T09:39:53.609960300Z","durationInMilliSecs":1.0018}]},"gatewayStatistics":{"sessionToken":null,"operationType":"Create","resourceType":"DocumentCollection","statusCode":400,"subStatusCode":0,"requestCharge":0.0,"requestTimeline":[{"eventName":"connectionCreated","startTimeUTC":"2022-08-15T09:39:53.612713100Z","durationInMilliSecs":39.0866},{"eventName":"connectionConfigured","startTimeUTC":"2022-08-15T09:39:53.651799700Z","durationInMilliSecs":0.0},{"eventName":"requestSent","startTimeUTC":"2022-08-15T09:39:53.651799700Z","durationInMilliSecs":4.5491},{"eventName":"transitTime","startTimeUTC":"2022-08-15T09:39:53.656348800Z","durationInMilliSecs":14.0832},{"eventName":"received","startTimeUTC":"2022-08-15T09:39:53.670432Z","durationInMilliSecs":0.9385}],"partitionKeyRangeId":null,"exceptionMessage":"Setting offer throughput or autopilot on container is not supported for serverless accounts.\r\nActivityId: d843a0a0-cccb-4bb7-b532-4f6a1e0c7e12, Microsoft.Azure.Documents.Common/2.14.0, StatusCode: BadRequest","exceptionResponseHeaders":"{Content-Type=application/json, Date=Mon, 15 Aug 2022 09:39:52 GMT, Server=Microsoft-HTTPAPI/2.0, Strict-Transport-Security=max-age=31536000, Transfer-Encoding=chunked, x-ms-activity-id=d843a0a0-cccb-4bb7-b532-4f6a1e0c7e12, x-ms-gatewayversion=version=2.14.0}"},"systemInformation":{"usedMemory":"65510 KB","availableMemory":"8253466 KB","systemCpuLoad":"empty","availableProcessors":8},"clientCfgs":{"id":1,"machineId":"uuid:e53a458b-00e0-4e37-a5ec-08dc74d74003","connectionMode":"DIRECT","numberOfClients":0,"connCfg":{"rntbd":"(cto:PT5S, nrto:PT5S, icto:PT0S, ieto:PT1H, mcpe:130, mrpc:30, cer:true)","gw":"(cps:1000, nrto:PT1M, icto:PT1M, p:false)","other":"(ed: true, cs: false)"},"consistencyCfg":"(consistency: null, mm: true, prgns: [])"}}}
	at com.azure.cosmos.BridgeInternal.createCosmosException(BridgeInternal.java:488) ~[azure-cosmos-4.33.1.jar:4.33.1]
	at com.azure.cosmos.implementation.RxGatewayStoreModel.validateOrThrow(RxGatewayStoreModel.java:439) ~[azure-cosmos-4.33.1.jar:4.33.1]
	at com.azure.cosmos.implementation.RxGatewayStoreModel.lambda$toDocumentServiceResponse$0(RxGatewayStoreModel.java:343) ~[azure-cosmos-4.33.1.jar:4.33.1]
	at reactor.core.publisher.FluxMap$MapSubscriber.onNext(FluxMap.java:106) ~[reactor-core-3.4.17.jar:3.4.17]
	... 52 common frames omitted

]]></system-out>
  </testcase>
</testsuite>